#
# A fatal error has been detected by the Java Runtime Environment:
#
#  SIGSEGV (0xb) at pc=0x00007fffea362b5d, pid=2617, tid=0x0000000000000307
#
# JRE version: Java(TM) SE Runtime Environment (8.0_121-b13) (build 1.8.0_121-b13)
# Java VM: Java HotSpot(TM) 64-Bit Server VM (25.121-b13 mixed mode bsd-amd64 compressed oops)
# Problematic frame:
# C  [libobjc.A.dylib+0x6b5d]  objc_msgSend+0x1d
#
# Failed to write core dump. Core dumps have been disabled. To enable core dumping, try "ulimit -c unlimited" before starting Java again
#
# If you would like to submit a bug report, please visit:
#   http://bugreport.java.com/bugreport/crash.jsp
# The crash happened outside the Java Virtual Machine in native code.
# See problematic frame for where to report the bug.
#

---------------  T H R E A D  ---------------

Current thread (0x00007fa24406d800):  JavaThread "AWT-AppKit" daemon [_thread_in_native, id=775, stack(0x00007fff518a3000,0x00007fff520a3000)]

siginfo: si_signo: 11 (SIGSEGV), si_code: 1 (SEGV_MAPERR), si_addr: 0x0000000000000018

Registers:
RAX=0x00007fa245fa4e20, RBX=0x0000000158272450, RCX=0x00007fa245a01890, RDX=0x0000000000000000
RSP=0x00007fff5209e338, RBP=0x00007fff5209e3f0, RSI=0x00007fffd3e4e9af, RDI=0x00007fa245f945e0
R8 =0x0000000000000018, R9 =0x00007fa245a00e10, R10=0x0000000000000000, R11=0x00007fffd3e4e9af
R12=0x0000000000000000, R13=0x000000015cf44198, R14=0x0000000158272440, R15=0x00007fa24406d800
RIP=0x00007fffea362b5d, EFLAGS=0x0000000000010246, ERR=0x0000000000000004
  TRAPNO=0x000000000000000e

Top of Stack: (sp=0x00007fff5209e338)
0x00007fff5209e338:   0000000158270157 00007fff5209e390
0x00007fff5209e348:   0000000000000003 00007fff5209e370
0x00007fff5209e358:   000000010eb9bc62 000000015cf44198
0x00007fff5209e368:   000000015cf44198 00007fa245fa4e20
0x00007fff5209e378:   00000001582726a0 0000000158272710
0x00007fff5209e388:   00007ffff03c36d0 00007ffff1031030
0x00007fff5209e398:   0000000158272450 0000000158272690
0x00007fff5209e3a8:   00007fa245fa4e20 00007fa245f945e0
0x00007fff5209e3b8:   00007fa243449a10 00007fa245fa4e20
0x00007fff5209e3c8:   00007fa245f945e0 00007fff5209e478
0x00007fff5209e3d8:   00007fa24406d9f8 000000015cf44198
0x00007fff5209e3e8:   00007fff5209e4a0 00007fff5209e468
0x00007fff5209e3f8:   000000010f9629f4 000000015cf44198
0x00007fff5209e408:   00007fff5209e4a0 00007fff5209e468
0x00007fff5209e418:   000000010f962787 000000010f962742
0x00007fff5209e428:   00007fff5209e428 000000015cf44198
0x00007fff5209e438:   00007fff5209e4a0 000000015cf46dd0
0x00007fff5209e448:   0000000000000000 000000015cf44198
0x00007fff5209e458:   0000000000000000 00007fff5209e488
0x00007fff5209e468:   00007fff5209e4e8 000000010f9532bd
0x00007fff5209e478:   0000000797a579a0 000000010f95c538
0x00007fff5209e488:   00007fa245fa4e20 00007fff5209e4e8
0x00007fff5209e498:   00007fa245f945e0 000000010f95de02
0x00007fff5209e4a8:   00007fff5209e4a8 000000015cf44362
0x00007fff5209e4b8:   00007fff5209e510 000000015cf46dd0
0x00007fff5209e4c8:   0000000000000000 000000015cf44370
0x00007fff5209e4d8:   00007fff5209e488 00007fff5209e4f8
0x00007fff5209e4e8:   00007fff5209e558 000000010f9532bd
0x00007fff5209e4f8:   00007fa245fa4e20 00000007979c47d0
0x00007fff5209e508:   00007fa245f945e0 00000007979c47d0
0x00007fff5209e518:   00007fff5209e518 00000001608c4d3e
0x00007fff5209e528:   00007fff5209e568 00000001608c4df8 

Instructions: (pc=0x00007fffea362b5d)
0x00007fffea362b3d:   0f 1f 00 48 85 ff 2e 74 62 40 f6 c7 01 2e 75 66
0x00007fffea362b4d:   49 ba f8 ff ff ff ff 7f 00 00 4c 23 17 49 89 f3
0x00007fffea362b5d:   45 23 5a 18 49 c1 e3 04 4d 03 5a 10 49 3b 33 75
0x00007fffea362b6d:   04 41 ff 63 08 49 83 3b 01 76 0d 49 83 c3 10 49 

Register to memory mapping:

RAX=0x00007fa245fa4e20 is an unknown value
RBX=0x0000000158272450: Java_jogamp_nativewindow_macosx_OSXUtil_GetScreenRefreshRate0+0x1cf0 in /private/var/folders/dv/8km65lfx2ys_m_537vwjv39h0000gn/T/jogamp_0000/file_cache/jln964349479130086608/jln105113965288472239/libnativewindow_macosx.jnilib at 0x000000015826b000
RCX=0x00007fa245a01890 is an unknown value
RDX=0x0000000000000000 is an unknown value
RSP=0x00007fff5209e338 is pointing into the stack for thread: 0x00007fa24406d800
RBP=0x00007fff5209e3f0 is pointing into the stack for thread: 0x00007fa24406d800
RSI=0x00007fffd3e4e9af: __NSStyleNameIndexTable+0x7f720 in /System/Library/Frameworks/AppKit.framework/Versions/C/AppKit at 0x00007fffd31e7000
RDI=0x00007fa245f945e0 is an unknown value
R8 =0x0000000000000018 is an unknown value
R9 =0x00007fa245a00e10 is an unknown value
R10=0x0000000000000000 is an unknown value
R11=0x00007fffd3e4e9af: __NSStyleNameIndexTable+0x7f720 in /System/Library/Frameworks/AppKit.framework/Versions/C/AppKit at 0x00007fffd31e7000
R12=0x0000000000000000 is an unknown value
R13={method} {0x000000015cf44198} 'UnsetJAWTRootSurfaceLayer0' '(JJ)V' in 'jogamp/nativewindow/jawt/macosx/MacOSXJAWTWindow'
R14=0x0000000158272440: Java_jogamp_nativewindow_macosx_OSXUtil_GetScreenRefreshRate0+0x1ce0 in /private/var/folders/dv/8km65lfx2ys_m_537vwjv39h0000gn/T/jogamp_0000/file_cache/jln964349479130086608/jln105113965288472239/libnativewindow_macosx.jnilib at 0x000000015826b000
R15=0x00007fa24406d800 is a thread


Stack: [0x00007fff518a3000,0x00007fff520a3000],  sp=0x00007fff5209e338,  free space=8172k
Native frames: (J=compiled Java code, j=interpreted, Vv=VM code, C=native code)
C  [libobjc.A.dylib+0x6b5d]  objc_msgSend+0x1d
j  jogamp.nativewindow.jawt.macosx.MacOSXJAWTWindow.UnsetJAWTRootSurfaceLayer0(JJ)V+0
j  jogamp.nativewindow.jawt.macosx.MacOSXJAWTWindow.access$200(JJ)V+2
j  jogamp.nativewindow.jawt.macosx.MacOSXJAWTWindow$1.run()V+38
J 1847 C1 com.jogamp.common.util.RunnableTask.run()V (345 bytes) @ 0x000000010ffa3264 [0x000000010ffa30c0+0x1a4]
v  ~StubRoutines::call_stub
V  [libjvm.dylib+0x2ed9d6]
V  [libjvm.dylib+0x324b65]
V  [libjvm.dylib+0x317333]
C  [libnativewindow_macosx.jnilib+0x5326]  Java_jogamp_nativewindow_jawt_macosx_MacOSXJAWTWindow_UnsetJAWTRootSurfaceLayer0+0x2b6
C  [Foundation+0x7188a]  __NSThreadPerformPerform+0x146
C  [CoreFoundation+0xa7981]  __CFRUNLOOP_IS_CALLING_OUT_TO_A_SOURCE0_PERFORM_FUNCTION__+0x11
C  [CoreFoundation+0x88a7d]  __CFRunLoopDoSources0+0x22d
C  [CoreFoundation+0x87f76]  __CFRunLoopRun+0x3a6
C  [CoreFoundation+0x87974]  CFRunLoopRunSpecific+0x1a4
C  [HIToolbox+0x30a5c]  RunCurrentEventLoopInMode+0xf0
C  [HIToolbox+0x30799]  ReceiveNextEventCommon+0xb8
C  [HIToolbox+0x306c6]  _BlockUntilNextEventMatchingListInModeWithFilter+0x47
C  [AppKit+0x475b4]  _DPSNextEvent+0x460
C  [AppKit+0x7c1d6b]  -[NSApplication(NSEvent) _nextEventMatchingEventMask:untilDate:inMode:dequeue:]+0xae5
C  [libosxapp.dylib+0x23aa]  -[NSApplicationAWT nextEventMatchingMask:untilDate:inMode:dequeue:]+0x7c
C  [AppKit+0x3bf35]  -[NSApplication run]+0x39e
C  [libosxapp.dylib+0x214d]  +[NSApplicationAWT runAWTLoopWithApp:]+0x9c
C  [libawt_lwawt.dylib+0x45ff7]  -[AWTStarter starter:]+0x389
C  [Foundation+0x7188a]  __NSThreadPerformPerform+0x146
C  [CoreFoundation+0xa7981]  __CFRUNLOOP_IS_CALLING_OUT_TO_A_SOURCE0_PERFORM_FUNCTION__+0x11
C  [CoreFoundation+0x88a7d]  __CFRunLoopDoSources0+0x22d
C  [CoreFoundation+0x87f76]  __CFRunLoopRun+0x3a6
C  [CoreFoundation+0x87974]  CFRunLoopRunSpecific+0x1a4
C  [java+0x6465]  CreateExecutionEnvironment+0x367
C  [java+0x218c]  JLI_Launch+0x7a0
C  [java+0x84c2]  main+0x65
C  [java+0x19e4]  start+0x34
C  0x0000000000000007

Java frames: (J=compiled Java code, j=interpreted, Vv=VM code)
j  jogamp.nativewindow.jawt.macosx.MacOSXJAWTWindow.UnsetJAWTRootSurfaceLayer0(JJ)V+0
j  jogamp.nativewindow.jawt.macosx.MacOSXJAWTWindow.access$200(JJ)V+2
j  jogamp.nativewindow.jawt.macosx.MacOSXJAWTWindow$1.run()V+38
J 1847 C1 com.jogamp.common.util.RunnableTask.run()V (345 bytes) @ 0x000000010ffa3264 [0x000000010ffa30c0+0x1a4]
v  ~StubRoutines::call_stub

---------------  P R O C E S S  ---------------

Java Threads: ( => current thread )
  0x00007fa243899800 JavaThread "Thread-23" [_thread_blocked, id=67995, stack(0x0000700009895000,0x0000700009995000)]
  0x00007fa2454c0800 JavaThread "Keep-Alive-Timer" daemon [_thread_blocked, id=5387, stack(0x0000700009386000,0x0000700009486000)]
  0x00007fa243b38800 JavaThread "AWT-EventQueue-1" [_thread_in_native, id=62783, stack(0x00007000090fa000,0x00007000091fa000)]
  0x00007fa244002000 JavaThread "DestroyJavaVM" [_thread_blocked, id=7171, stack(0x0000700007ab2000,0x0000700007bb2000)]
  0x00007fa24520c000 JavaThread "AWT-EventQueue-0" [_thread_blocked, id=58655, stack(0x0000700008ef4000,0x0000700008ff4000)]
  0x00007fa2451e2000 JavaThread "Java2D Disposer" daemon [_thread_blocked, id=57615, stack(0x0000700008c6b000,0x0000700008d6b000)]
  0x00007fa24399c800 JavaThread "Java2D Queue Flusher" daemon [_thread_blocked, id=48435, stack(0x0000700008b68000,0x0000700008c68000)]
  0x00007fa2438f5800 JavaThread "AWT-Shutdown" [_thread_blocked, id=30239, stack(0x000070000895f000,0x0000700008a5f000)]
=>0x00007fa24406d800 JavaThread "AWT-AppKit" daemon [_thread_in_native, id=775, stack(0x00007fff518a3000,0x00007fff520a3000)]
  0x00007fa245028800 JavaThread "Service Thread" daemon [_thread_blocked, id=18691, stack(0x00007000086d6000,0x00007000087d6000)]
  0x00007fa244818000 JavaThread "C1 CompilerThread2" daemon [_thread_blocked, id=18179, stack(0x00007000085d3000,0x00007000086d3000)]
  0x00007fa244817000 JavaThread "C2 CompilerThread1" daemon [_thread_blocked, id=17667, stack(0x00007000084d0000,0x00007000085d0000)]
  0x00007fa24480c800 JavaThread "C2 CompilerThread0" daemon [_thread_blocked, id=17155, stack(0x00007000083cd000,0x00007000084cd000)]
  0x00007fa244800800 JavaThread "Signal Dispatcher" daemon [_thread_blocked, id=16643, stack(0x00007000082ca000,0x00007000083ca000)]
  0x00007fa24480b800 JavaThread "Finalizer" daemon [_thread_blocked, id=12547, stack(0x00007000081c7000,0x00007000082c7000)]
  0x00007fa243829800 JavaThread "Reference Handler" daemon [_thread_blocked, id=12035, stack(0x00007000080c4000,0x00007000081c4000)]

Other Threads:
  0x00007fa24402c000 VMThread [stack: 0x0000700007fc1000,0x00007000080c1000] [id=11523]
  0x00007fa243831800 WatcherThread [stack: 0x00007000087d9000,0x00007000088d9000] [id=19203]

VM state:not at safepoint (normal execution)

VM Mutex/Monitor currently owned by a thread: None

Heap:
 PSYoungGen      total 38400K, used 27070K [0x0000000795580000, 0x0000000798000000, 0x00000007c0000000)
  eden space 33280K, 66% used [0x0000000795580000,0x0000000796af78b8,0x0000000797600000)
  from space 5120K, 99% used [0x0000000797600000,0x0000000797af8100,0x0000000797b00000)
  to   space 5120K, 0% used [0x0000000797b00000,0x0000000797b00000,0x0000000798000000)
 ParOldGen       total 87552K, used 8788K [0x0000000740000000, 0x0000000745580000, 0x0000000795580000)
  object space 87552K, 10% used [0x0000000740000000,0x0000000740895020,0x0000000745580000)
 Metaspace       used 19425K, capacity 19675K, committed 19968K, reserved 1067008K
  class space    used 1900K, capacity 2008K, committed 2048K, reserved 1048576K

Card table byte_map: [0x000000011e94b000,0x000000011ed4c000] byte_map_base: 0x000000011af4b000

Marking Bits: (ParMarkBitMap*) 0x000000010f299d30
 Begin Bits: [0x000000011eff7000, 0x0000000120ff7000)
 End Bits:   [0x0000000120ff7000, 0x0000000122ff7000)

Polling page: 0x000000010dbe8000

CodeCache: size=245760Kb used=8532Kb max_used=8556Kb free=237227Kb
 bounds [0x000000010f94b000, 0x00000001101bb000, 0x000000011e94b000]
 total_blobs=3233 nmethods=2354 adapters=792
 compilation: enabled

Compilation events (10 events):
Event: 17.756 Thread 0x00007fa24480c800 2374       4       java.nio.Buffer::limit (62 bytes)
Event: 17.758 Thread 0x00007fa24480c800 nmethod 2374 0x00000001101a1790 code [0x00000001101a18e0, 0x00000001101a19d8]
Event: 17.758 Thread 0x00007fa244817000 nmethod 2370 0x00000001101a1290 code [0x00000001101a13e0, 0x00000001101a1678]
Event: 17.758 Thread 0x00007fa244817000 2375       4       sun.nio.cs.UTF_8$Encoder::encodeArrayLoop (489 bytes)
Event: 17.759 Thread 0x00007fa244818000 nmethod 2372 0x00000001101ab4d0 code [0x00000001101ab820, 0x00000001101ad468]
Event: 17.760 Thread 0x00007fa244818000 2373       3       java.lang.StackTraceElement::isNativeMethod (15 bytes)
Event: 17.760 Thread 0x00007fa244818000 nmethod 2373 0x000000010fa63d10 code [0x000000010fa63e80, 0x000000010fa64030]
Event: 17.766 Thread 0x00007fa244818000 2376       3       java.awt.EventQueue::coalescePeerEvent (66 bytes)
Event: 17.766 Thread 0x00007fa244817000 nmethod 2375 0x000000010fa795d0 code [0x000000010fa79760, 0x000000010fa79c38]
Event: 17.767 Thread 0x00007fa244818000 nmethod 2376 0x000000010fb21b10 code [0x000000010fb21cc0, 0x000000010fb223a8]

GC Heap History (6 events):
Event: 2.979 GC heap before
{Heap before GC invocations=1 (full 0):
 PSYoungGen      total 38400K, used 33280K [0x0000000795580000, 0x0000000798000000, 0x00000007c0000000)
  eden space 33280K, 100% used [0x0000000795580000,0x0000000797600000,0x0000000797600000)
  from space 5120K, 0% used [0x0000000797b00000,0x0000000797b00000,0x0000000798000000)
  to   space 5120K, 0% used [0x0000000797600000,0x0000000797600000,0x0000000797b00000)
 ParOldGen       total 87552K, used 0K [0x0000000740000000, 0x0000000745580000, 0x0000000795580000)
  object space 87552K, 0% used [0x0000000740000000,0x0000000740000000,0x0000000745580000)
 Metaspace       used 16014K, capacity 16227K, committed 16384K, reserved 1064960K
  class space    used 1629K, capacity 1716K, committed 1792K, reserved 1048576K
Event: 2.988 GC heap after
Heap after GC invocations=1 (full 0):
 PSYoungGen      total 38400K, used 4963K [0x0000000795580000, 0x0000000798000000, 0x00000007c0000000)
  eden space 33280K, 0% used [0x0000000795580000,0x0000000795580000,0x0000000797600000)
  from space 5120K, 96% used [0x0000000797600000,0x0000000797ad8d10,0x0000000797b00000)
  to   space 5120K, 0% used [0x0000000797b00000,0x0000000797b00000,0x0000000798000000)
 ParOldGen       total 87552K, used 16K [0x0000000740000000, 0x0000000745580000, 0x0000000795580000)
  object space 87552K, 0% used [0x0000000740000000,0x0000000740004000,0x0000000745580000)
 Metaspace       used 16014K, capacity 16227K, committed 16384K, reserved 1064960K
  class space    used 1629K, capacity 1716K, committed 1792K, reserved 1048576K
}
Event: 9.748 GC heap before
{Heap before GC invocations=2 (full 0):
 PSYoungGen      total 38400K, used 38243K [0x0000000795580000, 0x0000000798000000, 0x00000007c0000000)
  eden space 33280K, 100% used [0x0000000795580000,0x0000000797600000,0x0000000797600000)
  from space 5120K, 96% used [0x0000000797600000,0x0000000797ad8d10,0x0000000797b00000)
  to   space 5120K, 0% used [0x0000000797b00000,0x0000000797b00000,0x0000000798000000)
 ParOldGen       total 87552K, used 16K [0x0000000740000000, 0x0000000745580000, 0x0000000795580000)
  object space 87552K, 0% used [0x0000000740000000,0x0000000740004000,0x0000000745580000)
 Metaspace       used 19036K, capacity 19323K, committed 19456K, reserved 1067008K
  class space    used 1887K, capacity 1976K, committed 2048K, reserved 1048576K
Event: 9.761 GC heap after
Heap after GC invocations=2 (full 0):
 PSYoungGen      total 38400K, used 5090K [0x0000000795580000, 0x0000000798000000, 0x00000007c0000000)
  eden space 33280K, 0% used [0x0000000795580000,0x0000000795580000,0x0000000797600000)
  from space 5120K, 99% used [0x0000000797b00000,0x0000000797ff8ae0,0x0000000798000000)
  to   space 5120K, 0% used [0x0000000797600000,0x0000000797600000,0x0000000797b00000)
 ParOldGen       total 87552K, used 6385K [0x0000000740000000, 0x0000000745580000, 0x0000000795580000)
  object space 87552K, 7% used [0x0000000740000000,0x000000074063c4d0,0x0000000745580000)
 Metaspace       used 19036K, capacity 19323K, committed 19456K, reserved 1067008K
  class space    used 1887K, capacity 1976K, committed 2048K, reserved 1048576K
}
Event: 14.468 GC heap before
{Heap before GC invocations=3 (full 0):
 PSYoungGen      total 38400K, used 38370K [0x0000000795580000, 0x0000000798000000, 0x00000007c0000000)
  eden space 33280K, 100% used [0x0000000795580000,0x0000000797600000,0x0000000797600000)
  from space 5120K, 99% used [0x0000000797b00000,0x0000000797ff8ae0,0x0000000798000000)
  to   space 5120K, 0% used [0x0000000797600000,0x0000000797600000,0x0000000797b00000)
 ParOldGen       total 87552K, used 6385K [0x0000000740000000, 0x0000000745580000, 0x0000000795580000)
  object space 87552K, 7% used [0x0000000740000000,0x000000074063c4d0,0x0000000745580000)
 Metaspace       used 19317K, capacity 19579K, committed 19712K, reserved 1067008K
  class space    used 1893K, capacity 1976K, committed 2048K, reserved 1048576K
Event: 14.477 GC heap after
Heap after GC invocations=3 (full 0):
 PSYoungGen      total 38400K, used 5088K [0x0000000795580000, 0x0000000798000000, 0x00000007c0000000)
  eden space 33280K, 0% used [0x0000000795580000,0x0000000795580000,0x0000000797600000)
  from space 5120K, 99% used [0x0000000797600000,0x0000000797af8100,0x0000000797b00000)
  to   space 5120K, 0% used [0x0000000797b00000,0x0000000797b00000,0x0000000798000000)
 ParOldGen       total 87552K, used 8788K [0x0000000740000000, 0x0000000745580000, 0x0000000795580000)
  object space 87552K, 10% used [0x0000000740000000,0x0000000740895020,0x0000000745580000)
 Metaspace       used 19317K, capacity 19579K, committed 19712K, reserved 1067008K
  class space    used 1893K, capacity 1976K, committed 2048K, reserved 1048576K
}

Deoptimization events (10 events):
Event: 13.799 Thread 0x00007fa243b38800 Uncommon trap: reason=unstable_if action=reinterpret pc=0x000000010fdef8f4 method=java.text.DigitList.getDataChars(I)[C @ 13
Event: 13.799 Thread 0x00007fa243b38800 Uncommon trap: reason=unstable_if action=reinterpret pc=0x000000010fe057ac method=java.text.DecimalFormat.subformat(Ljava/lang/StringBuffer;Ljava/text/Format$FieldDelegate;ZZIIII)Ljava/lang/StringBuffer; @ 753
Event: 13.799 Thread 0x00007fa243b38800 Uncommon trap: reason=unstable_if action=reinterpret pc=0x000000010fdfc52c method=sun.misc.FloatingDecimal$BinaryToASCIIBuffer.getChars([C)I @ 94
Event: 14.368 Thread 0x00007fa243b38800 Uncommon trap: reason=null_check action=make_not_entrant pc=0x00000001100a7a60 method=processing.opengl.PGraphicsOpenGL.initCache(Lprocessing/core/PImage;)Ljava/lang/Object; @ 14
Event: 14.499 Thread 0x00007fa243b38800 Uncommon trap: reason=unstable_if action=reinterpret pc=0x0000000110141d24 method=de.fhpotsdam.unfolding.core.Coordinate.equals(Ljava/lang/Object;)Z @ 38
Event: 14.499 Thread 0x00007fa243b38800 Uncommon trap: reason=unstable_if action=reinterpret pc=0x00000001100d7904 method=de.fhpotsdam.unfolding.core.Coordinate.equals(Ljava/lang/Object;)Z @ 38
Event: 14.499 Thread 0x00007fa243b38800 Uncommon trap: reason=unstable_if action=reinterpret pc=0x000000011012b2ac method=de.fhpotsdam.unfolding.core.Coordinate.equals(Ljava/lang/Object;)Z @ 38
Event: 17.734 Thread 0x00007fa243b38800 Uncommon trap: reason=unstable_if action=reinterpret pc=0x000000011017ebe8 method=com.jogamp.common.util.VersionNumber.compareTo(Lcom/jogamp/common/util/VersionNumber;)I @ 21
Event: 17.766 Thread 0x00007fa2439c0800 Uncommon trap: reason=unstable_if action=reinterpret pc=0x0000000110075604 method=java.util.HashMap.putVal(ILjava/lang/Object;Ljava/lang/Object;ZZ)Ljava/lang/Object; @ 81
Event: 17.780 Thread 0x00007fa243b38800 Uncommon trap: reason=unstable_if action=reinterpret pc=0x0000000110012664 method=java.security.AccessControlContext.optimize()Ljava/security/AccessControlContext; @ 233

Internal exceptions (10 events):
Event: 16.073 Thread 0x00007fa244903000 Exception <a 'java/net/SocketException': Socket closed> (0x0000000795a1fc08) thrown at [/Users/java_re/workspace/8-2-build-macosx-x86_64/jdk8u121/8372/hotspot/src/share/vm/prims/jni.cpp, line 735]
Event: 16.073 Thread 0x00007fa244903000 Exception <a 'java/net/SocketException': Socket closed> (0x0000000795a20060) thrown at [/Users/java_re/workspace/8-2-build-macosx-x86_64/jdk8u121/8372/hotspot/src/share/vm/prims/jni.cpp, line 735]
Event: 16.831 Thread 0x00007fa245679800 Exception <a 'java/security/PrivilegedActionException'> (0x00000007959d5b48) thrown at [/Users/java_re/workspace/8-2-build-macosx-x86_64/jdk8u121/8372/hotspot/src/share/vm/prims/jvm.cpp, line 1390]
Event: 16.832 Thread 0x00007fa244b08000 Exception <a 'java/security/PrivilegedActionException'> (0x0000000795a45508) thrown at [/Users/java_re/workspace/8-2-build-macosx-x86_64/jdk8u121/8372/hotspot/src/share/vm/prims/jvm.cpp, line 1390]
Event: 16.832 Thread 0x00007fa245678800 Exception <a 'java/security/PrivilegedActionException'> (0x000000079597dea0) thrown at [/Users/java_re/workspace/8-2-build-macosx-x86_64/jdk8u121/8372/hotspot/src/share/vm/prims/jvm.cpp, line 1390]
Event: 16.871 Thread 0x00007fa244903000 Exception <a 'java/security/PrivilegedActionException'> (0x0000000795a2d7f0) thrown at [/Users/java_re/workspace/8-2-build-macosx-x86_64/jdk8u121/8372/hotspot/src/share/vm/prims/jvm.cpp, line 1390]
Event: 17.755 Thread 0x00007fa243896800 Exception <a 'java/security/PrivilegedActionException'> (0x00000007961c1fa8) thrown at [/Users/java_re/workspace/8-2-build-macosx-x86_64/jdk8u121/8372/hotspot/src/share/vm/prims/jvm.cpp, line 1390]
Event: 17.755 Thread 0x00007fa2441b9000 Exception <a 'java/security/PrivilegedActionException'> (0x00000007961d9b98) thrown at [/Users/java_re/workspace/8-2-build-macosx-x86_64/jdk8u121/8372/hotspot/src/share/vm/prims/jvm.cpp, line 1390]
Event: 17.756 Thread 0x00007fa243895800 Exception <a 'java/security/PrivilegedActionException'> (0x000000079616a258) thrown at [/Users/java_re/workspace/8-2-build-macosx-x86_64/jdk8u121/8372/hotspot/src/share/vm/prims/jvm.cpp, line 1390]
Event: 17.756 Thread 0x00007fa243897800 Exception <a 'java/security/PrivilegedActionException'> (0x000000079637c300) thrown at [/Users/java_re/workspace/8-2-build-macosx-x86_64/jdk8u121/8372/hotspot/src/share/vm/prims/jvm.cpp, line 1390]

Events (10 events):
Event: 17.780 Thread 0x00007fa243b38800 DEOPT PACKING pc=0x0000000110012664 sp=0x00007000091f78b0
Event: 17.780 Thread 0x00007fa243b38800 DEOPT UNPACKING pc=0x000000010f950229 sp=0x00007000091f7880 mode 2
Event: 17.780 loading class java/awt/LightweightDispatcher$2
Event: 17.780 loading class java/awt/LightweightDispatcher$2 done
Event: 17.780 loading class java/awt/event/AWTEventListenerProxy
Event: 17.780 loading class java/awt/event/AWTEventListenerProxy done
Event: 17.780 Executing VM operation: Deoptimize
Event: 17.781 Executing VM operation: Deoptimize done
Event: 17.781 loading class java/awt/Toolkit$ToolkitEventMulticaster
Event: 17.781 loading class java/awt/Toolkit$ToolkitEventMulticaster done


Dynamic libraries:
0x000000006034b000 	/System/Library/Frameworks/Cocoa.framework/Versions/A/Cocoa
0x000000006034b000 	/System/Library/Frameworks/Security.framework/Versions/A/Security
0x000000006034b000 	/System/Library/Frameworks/ApplicationServices.framework/Versions/A/ApplicationServices
0x000000006034b000 	/usr/lib/libz.1.dylib
0x000000006034b000 	/usr/lib/libSystem.B.dylib
0x000000006034b000 	/usr/lib/libobjc.A.dylib
0x000000006034b000 	/System/Library/Frameworks/CoreFoundation.framework/Versions/A/CoreFoundation
0x000000006034b000 	/System/Library/Frameworks/Foundation.framework/Versions/C/Foundation
0x000000006034b000 	/System/Library/Frameworks/AppKit.framework/Versions/C/AppKit
0x000000006034b000 	/System/Library/Frameworks/CoreData.framework/Versions/A/CoreData
0x000000006034b000 	/System/Library/PrivateFrameworks/RemoteViewServices.framework/Versions/A/RemoteViewServices
0x000000006034b000 	/System/Library/PrivateFrameworks/UIFoundation.framework/Versions/A/UIFoundation
0x000000006034b000 	/System/Library/PrivateFrameworks/DFRFoundation.framework/Versions/A/DFRFoundation
0x000000006034b000 	/usr/lib/libenergytrace.dylib
0x000000006034b000 	/System/Library/PrivateFrameworks/SkyLight.framework/Versions/A/SkyLight
0x000000006034b000 	/System/Library/Frameworks/CoreGraphics.framework/Versions/A/CoreGraphics
0x000000006034b000 	/usr/lib/libScreenReader.dylib
0x000000006034b000 	/System/Library/Frameworks/Accelerate.framework/Versions/A/Accelerate
0x000000006034b000 	/System/Library/Frameworks/IOSurface.framework/Versions/A/IOSurface
0x000000006034b000 	/System/Library/Frameworks/AudioToolbox.framework/Versions/A/AudioToolbox
0x000000006034b000 	/System/Library/Frameworks/AudioUnit.framework/Versions/A/AudioUnit
0x000000006034b000 	/System/Library/PrivateFrameworks/DataDetectorsCore.framework/Versions/A/DataDetectorsCore
0x000000006034b000 	/System/Library/PrivateFrameworks/DesktopServicesPriv.framework/Versions/A/DesktopServicesPriv
0x000000006034b000 	/System/Library/Frameworks/Carbon.framework/Versions/A/Frameworks/HIToolbox.framework/Versions/A/HIToolbox
0x000000006034b000 	/usr/lib/libicucore.A.dylib
0x000000006034b000 	/System/Library/Frameworks/QuartzCore.framework/Versions/A/QuartzCore
0x000000006034b000 	/System/Library/Frameworks/Carbon.framework/Versions/A/Frameworks/SpeechRecognition.framework/Versions/A/SpeechRecognition
0x000000006034b000 	/usr/lib/libauto.dylib
0x000000006034b000 	/usr/lib/libxml2.2.dylib
0x000000006034b000 	/System/Library/PrivateFrameworks/CoreUI.framework/Versions/A/CoreUI
0x000000006034b000 	/System/Library/Frameworks/CoreAudio.framework/Versions/A/CoreAudio
0x000000006034b000 	/System/Library/Frameworks/DiskArbitration.framework/Versions/A/DiskArbitration
0x000000006034b000 	/usr/lib/liblangid.dylib
0x000000006034b000 	/System/Library/PrivateFrameworks/MultitouchSupport.framework/Versions/A/MultitouchSupport
0x000000006034b000 	/System/Library/Frameworks/IOKit.framework/Versions/A/IOKit
0x000000006034b000 	/usr/lib/libDiagnosticMessagesClient.dylib
0x000000006034b000 	/System/Library/Frameworks/CoreServices.framework/Versions/A/CoreServices
0x000000006034b000 	/System/Library/PrivateFrameworks/PerformanceAnalysis.framework/Versions/A/PerformanceAnalysis
0x000000006034b000 	/System/Library/PrivateFrameworks/GenerationalStorage.framework/Versions/A/GenerationalStorage
0x000000006034b000 	/System/Library/Frameworks/OpenGL.framework/Versions/A/OpenGL
0x000000006034b000 	/System/Library/Frameworks/CoreImage.framework/Versions/A/CoreImage
0x000000006034b000 	/System/Library/Frameworks/CoreText.framework/Versions/A/CoreText
0x000000006034b000 	/System/Library/Frameworks/ImageIO.framework/Versions/A/ImageIO
0x000000006034b000 	/System/Library/PrivateFrameworks/Backup.framework/Versions/A/Backup
0x000000006034b000 	/usr/lib/libarchive.2.dylib
0x000000006034b000 	/System/Library/Frameworks/CFNetwork.framework/Versions/A/CFNetwork
0x000000006034b000 	/System/Library/Frameworks/SystemConfiguration.framework/Versions/A/SystemConfiguration
0x000000006034b000 	/usr/lib/libCRFSuite.dylib
0x000000006034b000 	/usr/lib/libc++.1.dylib
0x000000006034b000 	/usr/lib/libc++abi.dylib
0x000000006034b000 	/usr/lib/system/libcache.dylib
0x000000006034b000 	/usr/lib/system/libcommonCrypto.dylib
0x000000006034b000 	/usr/lib/system/libcompiler_rt.dylib
0x000000006034b000 	/usr/lib/system/libcopyfile.dylib
0x000000006034b000 	/usr/lib/system/libcorecrypto.dylib
0x000000006034b000 	/usr/lib/system/libdispatch.dylib
0x000000006034b000 	/usr/lib/system/libdyld.dylib
0x000000006034b000 	/usr/lib/system/libkeymgr.dylib
0x000000006034b000 	/usr/lib/system/liblaunch.dylib
0x000000006034b000 	/usr/lib/system/libmacho.dylib
0x000000006034b000 	/usr/lib/system/libquarantine.dylib
0x000000006034b000 	/usr/lib/system/libremovefile.dylib
0x000000006034b000 	/usr/lib/system/libsystem_asl.dylib
0x000000006034b000 	/usr/lib/system/libsystem_blocks.dylib
0x000000006034b000 	/usr/lib/system/libsystem_c.dylib
0x000000006034b000 	/usr/lib/system/libsystem_configuration.dylib
0x000000006034b000 	/usr/lib/system/libsystem_coreservices.dylib
0x000000006034b000 	/usr/lib/system/libsystem_coretls.dylib
0x000000006034b000 	/usr/lib/system/libsystem_dnssd.dylib
0x000000006034b000 	/usr/lib/system/libsystem_info.dylib
0x000000006034b000 	/usr/lib/system/libsystem_kernel.dylib
0x000000006034b000 	/usr/lib/system/libsystem_m.dylib
0x000000006034b000 	/usr/lib/system/libsystem_malloc.dylib
0x000000006034b000 	/usr/lib/system/libsystem_network.dylib
0x000000006034b000 	/usr/lib/system/libsystem_networkextension.dylib
0x000000006034b000 	/usr/lib/system/libsystem_notify.dylib
0x000000006034b000 	/usr/lib/system/libsystem_platform.dylib
0x000000006034b000 	/usr/lib/system/libsystem_pthread.dylib
0x000000006034b000 	/usr/lib/system/libsystem_sandbox.dylib
0x000000006034b000 	/usr/lib/system/libsystem_secinit.dylib
0x000000006034b000 	/usr/lib/system/libsystem_symptoms.dylib
0x000000006034b000 	/usr/lib/system/libsystem_trace.dylib
0x000000006034b000 	/usr/lib/system/libunwind.dylib
0x000000006034b000 	/usr/lib/system/libxpc.dylib
0x000000006034b000 	/usr/lib/libbsm.0.dylib
0x000000006034b000 	/usr/lib/system/libkxld.dylib
0x000000006034b000 	/usr/lib/libcoretls.dylib
0x000000006034b000 	/usr/lib/libcoretls_cfhelpers.dylib
0x000000006034b000 	/usr/lib/libxar.1.dylib
0x000000006034b000 	/usr/lib/libsqlite3.dylib
0x000000006034b000 	/usr/lib/libpam.2.dylib
0x000000006034b000 	/usr/lib/libOpenScriptingUtil.dylib
0x000000006034b000 	/usr/lib/libbz2.1.0.dylib
0x000000006034b000 	/usr/lib/liblzma.5.dylib
0x000000006034b000 	/usr/lib/libnetwork.dylib
0x000000006034b000 	/usr/lib/libpcap.A.dylib
0x000000006034b000 	/System/Library/Frameworks/CoreServices.framework/Versions/A/Frameworks/FSEvents.framework/Versions/A/FSEvents
0x000000006034b000 	/System/Library/Frameworks/CoreServices.framework/Versions/A/Frameworks/CarbonCore.framework/Versions/A/CarbonCore
0x000000006034b000 	/System/Library/Frameworks/CoreServices.framework/Versions/A/Frameworks/Metadata.framework/Versions/A/Metadata
0x000000006034b000 	/System/Library/Frameworks/CoreServices.framework/Versions/A/Frameworks/OSServices.framework/Versions/A/OSServices
0x000000006034b000 	/System/Library/Frameworks/CoreServices.framework/Versions/A/Frameworks/SearchKit.framework/Versions/A/SearchKit
0x000000006034b000 	/System/Library/Frameworks/CoreServices.framework/Versions/A/Frameworks/AE.framework/Versions/A/AE
0x000000006034b000 	/System/Library/Frameworks/CoreServices.framework/Versions/A/Frameworks/LaunchServices.framework/Versions/A/LaunchServices
0x000000006034b000 	/System/Library/Frameworks/CoreServices.framework/Versions/A/Frameworks/DictionaryServices.framework/Versions/A/DictionaryServices
0x000000006034b000 	/System/Library/Frameworks/CoreServices.framework/Versions/A/Frameworks/SharedFileList.framework/Versions/A/SharedFileList
0x000000006034b000 	/System/Library/Frameworks/NetFS.framework/Versions/A/NetFS
0x000000006034b000 	/System/Library/PrivateFrameworks/NetAuth.framework/Versions/A/NetAuth
0x000000006034b000 	/System/Library/PrivateFrameworks/login.framework/Versions/A/Frameworks/loginsupport.framework/Versions/A/loginsupport
0x000000006034b000 	/System/Library/PrivateFrameworks/TCC.framework/Versions/A/TCC
0x000000006034b000 	/usr/lib/libmecabra.dylib
0x000000006034b000 	/System/Library/Frameworks/ApplicationServices.framework/Versions/A/Frameworks/ATS.framework/Versions/A/ATS
0x000000006034b000 	/System/Library/Frameworks/ApplicationServices.framework/Versions/A/Frameworks/ColorSync.framework/Versions/A/ColorSync
0x000000006034b000 	/System/Library/Frameworks/ApplicationServices.framework/Versions/A/Frameworks/HIServices.framework/Versions/A/HIServices
0x000000006034b000 	/System/Library/Frameworks/ApplicationServices.framework/Versions/A/Frameworks/LangAnalysis.framework/Versions/A/LangAnalysis
0x000000006034b000 	/System/Library/Frameworks/ApplicationServices.framework/Versions/A/Frameworks/PrintCore.framework/Versions/A/PrintCore
0x000000006034b000 	/System/Library/Frameworks/ApplicationServices.framework/Versions/A/Frameworks/QD.framework/Versions/A/QD
0x000000006034b000 	/System/Library/Frameworks/ApplicationServices.framework/Versions/A/Frameworks/SpeechSynthesis.framework/Versions/A/SpeechSynthesis
0x000000006034b000 	/System/Library/Frameworks/Accelerate.framework/Versions/A/Frameworks/vImage.framework/Versions/A/vImage
0x000000006034b000 	/System/Library/Frameworks/Accelerate.framework/Versions/A/Frameworks/vecLib.framework/Versions/A/vecLib
0x000000006034b000 	/System/Library/Frameworks/Accelerate.framework/Versions/A/Frameworks/vecLib.framework/Versions/A/libvDSP.dylib
0x000000006034b000 	/System/Library/Frameworks/Accelerate.framework/Versions/A/Frameworks/vecLib.framework/Versions/A/libBNNS.dylib
0x000000006034b000 	/System/Library/Frameworks/Accelerate.framework/Versions/A/Frameworks/vecLib.framework/Versions/A/libQuadrature.dylib
0x000000006034b000 	/System/Library/Frameworks/Accelerate.framework/Versions/A/Frameworks/vecLib.framework/Versions/A/libvMisc.dylib
0x000000006034b000 	/System/Library/Frameworks/Accelerate.framework/Versions/A/Frameworks/vecLib.framework/Versions/A/libLAPACK.dylib
0x000000006034b000 	/System/Library/Frameworks/Accelerate.framework/Versions/A/Frameworks/vecLib.framework/Versions/A/libBLAS.dylib
0x000000006034b000 	/System/Library/Frameworks/Accelerate.framework/Versions/A/Frameworks/vecLib.framework/Versions/A/libLinearAlgebra.dylib
0x000000006034b000 	/System/Library/Frameworks/Accelerate.framework/Versions/A/Frameworks/vecLib.framework/Versions/A/libSparseBLAS.dylib
0x000000006034b000 	/System/Library/Frameworks/ApplicationServices.framework/Versions/A/Frameworks/ATS.framework/Versions/A/Resources/libFontParser.dylib
0x000000006034b000 	/System/Library/Frameworks/ApplicationServices.framework/Versions/A/Frameworks/ATS.framework/Versions/A/Resources/libFontRegistry.dylib
0x000000006034b000 	/System/Library/Frameworks/ImageIO.framework/Versions/A/Resources/libJPEG.dylib
0x000000006034b000 	/System/Library/Frameworks/ImageIO.framework/Versions/A/Resources/libTIFF.dylib
0x000000006034b000 	/System/Library/Frameworks/ImageIO.framework/Versions/A/Resources/libPng.dylib
0x000000006034b000 	/System/Library/Frameworks/ImageIO.framework/Versions/A/Resources/libGIF.dylib
0x000000006034b000 	/System/Library/Frameworks/ImageIO.framework/Versions/A/Resources/libJP2.dylib
0x000000006034b000 	/System/Library/Frameworks/ImageIO.framework/Versions/A/Resources/libRadiance.dylib
0x000000006034b000 	/usr/lib/libcompression.dylib
0x000000006034b000 	/System/Library/PrivateFrameworks/AppleJPEG.framework/Versions/A/AppleJPEG
0x000000006034b000 	/usr/lib/libcups.2.dylib
0x000000006034b000 	/System/Library/Frameworks/Kerberos.framework/Versions/A/Kerberos
0x000000006034b000 	/System/Library/Frameworks/GSS.framework/Versions/A/GSS
0x000000006034b000 	/usr/lib/libresolv.9.dylib
0x000000006034b000 	/usr/lib/libiconv.2.dylib
0x000000006034b000 	/System/Library/PrivateFrameworks/Heimdal.framework/Versions/A/Heimdal
0x000000006034b000 	/usr/lib/libheimdal-asn1.dylib
0x000000006034b000 	/System/Library/Frameworks/OpenDirectory.framework/Versions/A/OpenDirectory
0x000000006034b000 	/System/Library/PrivateFrameworks/CommonAuth.framework/Versions/A/CommonAuth
0x000000006034b000 	/System/Library/Frameworks/OpenDirectory.framework/Versions/A/Frameworks/CFOpenDirectory.framework/Versions/A/CFOpenDirectory
0x000000006034b000 	/System/Library/Frameworks/SecurityFoundation.framework/Versions/A/SecurityFoundation
0x000000006034b000 	/System/Library/PrivateFrameworks/LanguageModeling.framework/Versions/A/LanguageModeling
0x000000006034b000 	/usr/lib/libmarisa.dylib
0x000000006034b000 	/usr/lib/libChineseTokenizer.dylib
0x000000006034b000 	/usr/lib/libcmph.dylib
0x000000006034b000 	/System/Library/PrivateFrameworks/CoreEmoji.framework/Versions/A/CoreEmoji
0x000000006034b000 	/System/Library/Frameworks/ServiceManagement.framework/Versions/A/ServiceManagement
0x000000006034b000 	/usr/lib/libxslt.1.dylib
0x000000006034b000 	/System/Library/Frameworks/Carbon.framework/Versions/A/Frameworks/Ink.framework/Versions/A/Ink
0x000000006034b000 	/System/Library/PrivateFrameworks/TextureIO.framework/Versions/A/TextureIO
0x000000006034b000 	/System/Library/Frameworks/Metal.framework/Versions/A/Metal
0x000000006034b000 	/usr/lib/libate.dylib
0x000000006034b000 	/System/Library/PrivateFrameworks/GPUCompiler.framework/libmetal_timestamp.dylib
0x000000006034b000 	/System/Library/Frameworks/OpenGL.framework/Versions/A/Libraries/libCoreFSCache.dylib
0x000000006034b000 	/System/Library/PrivateFrameworks/IOAccelerator.framework/Versions/A/IOAccelerator
0x000000006034b000 	/System/Library/Frameworks/CoreVideo.framework/Versions/A/CoreVideo
0x000000006034b000 	/usr/lib/libFosl_dynamic.dylib
0x000000006034b000 	/System/Library/PrivateFrameworks/MetalPerformanceShaders.framework/Versions/A/MetalPerformanceShaders
0x000000006034b000 	/System/Library/PrivateFrameworks/FaceCore.framework/Versions/A/FaceCore
0x000000006034b000 	/System/Library/Frameworks/OpenCL.framework/Versions/A/OpenCL
0x000000006034b000 	/System/Library/Frameworks/OpenGL.framework/Versions/A/Libraries/libGLU.dylib
0x000000006034b000 	/System/Library/Frameworks/OpenGL.framework/Versions/A/Libraries/libGFXShared.dylib
0x000000006034b000 	/System/Library/Frameworks/OpenGL.framework/Versions/A/Libraries/libGL.dylib
0x000000006034b000 	/System/Library/Frameworks/OpenGL.framework/Versions/A/Libraries/libGLImage.dylib
0x000000006034b000 	/System/Library/Frameworks/OpenGL.framework/Versions/A/Libraries/libCVMSPluginSupport.dylib
0x000000006034b000 	/System/Library/Frameworks/OpenGL.framework/Versions/A/Libraries/libCoreVMClient.dylib
0x000000006034b000 	/System/Library/PrivateFrameworks/CrashReporterSupport.framework/Versions/A/CrashReporterSupport
0x000000006034b000 	/System/Library/PrivateFrameworks/Sharing.framework/Versions/A/Sharing
0x000000006034b000 	/System/Library/PrivateFrameworks/IconServices.framework/Versions/A/IconServices
0x000000006034b000 	/System/Library/PrivateFrameworks/ProtocolBuffer.framework/Versions/A/ProtocolBuffer
0x000000006034b000 	/System/Library/PrivateFrameworks/Apple80211.framework/Versions/A/Apple80211
0x000000006034b000 	/System/Library/Frameworks/CoreWLAN.framework/Versions/A/CoreWLAN
0x000000006034b000 	/System/Library/PrivateFrameworks/CoreUtils.framework/Versions/A/CoreUtils
0x000000006034b000 	/System/Library/Frameworks/IOBluetooth.framework/Versions/A/IOBluetooth
0x000000006034b000 	/System/Library/PrivateFrameworks/CoreWiFi.framework/Versions/A/CoreWiFi
0x000000006034b000 	/System/Library/Frameworks/CoreBluetooth.framework/Versions/A/CoreBluetooth
0x000000006034b000 	/System/Library/Frameworks/CoreDisplay.framework/Versions/A/CoreDisplay
0x000000006034b000 	/System/Library/PrivateFrameworks/IOPresentment.framework/Versions/A/IOPresentment
0x000000006034b000 	/System/Library/PrivateFrameworks/DebugSymbols.framework/Versions/A/DebugSymbols
0x000000006034b000 	/System/Library/PrivateFrameworks/CoreSymbolication.framework/Versions/A/CoreSymbolication
0x000000006034b000 	/System/Library/PrivateFrameworks/Symbolication.framework/Versions/A/Symbolication
0x000000006034b000 	/System/Library/PrivateFrameworks/AppleFSCompression.framework/Versions/A/AppleFSCompression
0x000000006034b000 	/System/Library/PrivateFrameworks/SpeechRecognitionCore.framework/Versions/A/SpeechRecognitionCore
0x000000006034b000 	/System/Library/PrivateFrameworks/ChunkingLibrary.framework/Versions/A/ChunkingLibrary
0x000000010e9a9000 	/Library/Java/JavaVirtualMachines/jdk1.8.0_121.jdk/Contents/Home/jre/lib/server/libjvm.dylib
0x000000006034b000 	/usr/lib/libstdc++.6.dylib
0x000000010dbda000 	/Library/Java/JavaVirtualMachines/jdk1.8.0_121.jdk/Contents/Home/jre/lib/libverify.dylib
0x000000010e400000 	/Library/Java/JavaVirtualMachines/jdk1.8.0_121.jdk/Contents/Home/jre/lib/libjava.dylib
0x000000010dbf2000 	/Library/Java/JavaVirtualMachines/jdk1.8.0_121.jdk/Contents/Home/jre/lib/libzip.dylib
0x0000000124dcd000 	/System/Library/Frameworks/JavaVM.framework/Frameworks/JavaRuntimeSupport.framework/JavaRuntimeSupport
0x0000000124de7000 	/System/Library/Frameworks/JavaVM.framework/Versions/A/Frameworks/JavaNativeFoundation.framework/Versions/A/JavaNativeFoundation
0x0000000124dfc000 	/System/Library/Frameworks/JavaVM.framework/Versions/A/JavaVM
0x000000006034b000 	/System/Library/Frameworks/Carbon.framework/Versions/A/Carbon
0x0000000124e09000 	/System/Library/PrivateFrameworks/JavaLaunching.framework/Versions/A/JavaLaunching
0x000000006034b000 	/System/Library/Frameworks/Carbon.framework/Versions/A/Frameworks/CommonPanels.framework/Versions/A/CommonPanels
0x000000006034b000 	/System/Library/Frameworks/Carbon.framework/Versions/A/Frameworks/Help.framework/Versions/A/Help
0x000000006034b000 	/System/Library/Frameworks/Carbon.framework/Versions/A/Frameworks/ImageCapture.framework/Versions/A/ImageCapture
0x000000006034b000 	/System/Library/Frameworks/Carbon.framework/Versions/A/Frameworks/OpenScripting.framework/Versions/A/OpenScripting
0x000000006034b000 	/System/Library/Frameworks/Carbon.framework/Versions/A/Frameworks/Print.framework/Versions/A/Print
0x000000006034b000 	/System/Library/Frameworks/Carbon.framework/Versions/A/Frameworks/SecurityHI.framework/Versions/A/SecurityHI
0x000000012670d000 	/Library/Java/JavaVirtualMachines/jdk1.8.0_121.jdk/Contents/Home/jre/lib/libawt.dylib
0x00000001267b5000 	/Library/Java/JavaVirtualMachines/jdk1.8.0_121.jdk/Contents/Home/jre/lib/./libmlib_image.dylib
0x0000000126881000 	/Library/Java/JavaVirtualMachines/jdk1.8.0_121.jdk/Contents/Home/jre/lib/libawt_lwawt.dylib
0x0000000126938000 	/Library/Java/JavaVirtualMachines/jdk1.8.0_121.jdk/Contents/Home/jre/lib/./libosxapp.dylib
0x000000006034b000 	/System/Library/Frameworks/ExceptionHandling.framework/Versions/A/ExceptionHandling
0x000000006034b000 	/System/Library/PrivateFrameworks/CoreServicesInternal.framework/Versions/A/CoreServicesInternal
0x000000006034b000 	/System/Library/CoreServices/RawCamera.bundle/Contents/MacOS/RawCamera
0x000000006034b000 	/System/Library/Frameworks/Accelerate.framework/Versions/A/Frameworks/vImage.framework/Versions/A/Libraries/libCGInterfaces.dylib
0x000000006034b000 	/System/Library/Frameworks/ApplicationServices.framework/Versions/A/Frameworks/ATS.framework/Versions/A/Resources/libTrueTypeScaler.dylib
0x000000006034b000 	/System/Library/Frameworks/OpenGL.framework/Versions/A/Resources/GLEngine.bundle/GLEngine
0x000000006034b000 	/System/Library/Frameworks/OpenGL.framework/Versions/A/Libraries/libGLProgrammability.dylib
0x000000012861f000 	/System/Library/Extensions/AppleIntelBDWGraphicsGLDriver.bundle/Contents/MacOS/AppleIntelBDWGraphicsGLDriver
0x000000006034b000 	/System/Library/PrivateFrameworks/GPUSupport.framework/Versions/A/Libraries/libGPUSupportMercury.dylib
0x000000006034b000 	/System/Library/Frameworks/OpenGL.framework/Versions/A/Resources/GLRendererFloat.bundle/GLRendererFloat
0x000000006034b000 	/System/Library/Frameworks/OpenCL.framework/Versions/A/Libraries/libcldcpuengine.dylib
0x000000006034b000 	/usr/lib/libcrypto.0.9.8.dylib
0x000000006034b000 	/System/Library/PrivateFrameworks/TrustEvaluationAgent.framework/Versions/A/TrustEvaluationAgent
0x0000000128d7b000 	/System/Library/Extensions/AppleIntelBDWGraphicsMTLDriver.bundle/Contents/MacOS/AppleIntelBDWGraphicsMTLDriver
0x000000006034b000 	/System/Library/PrivateFrameworks/FamilyControls.framework/Versions/A/FamilyControls
0x000000006034b000 	/System/Library/PrivateFrameworks/CommerceKit.framework/Versions/A/Frameworks/CommerceCore.framework/Versions/A/CommerceCore
0x000000006034b000 	/System/Library/PrivateFrameworks/SystemAdministration.framework/Versions/A/SystemAdministration
0x000000006034b000 	/System/Library/PrivateFrameworks/AppContainer.framework/Versions/A/AppContainer
0x000000006034b000 	/System/Library/PrivateFrameworks/SecCodeWrapper.framework/Versions/A/SecCodeWrapper
0x000000006034b000 	/System/Library/Frameworks/DirectoryService.framework/Versions/A/DirectoryService
0x000000006034b000 	/System/Library/PrivateFrameworks/DiskImages.framework/Versions/A/DiskImages
0x000000006034b000 	/System/Library/PrivateFrameworks/LoginUIKit.framework/Versions/A/Frameworks/LoginUICore.framework/Versions/A/LoginUICore
0x000000006034b000 	/usr/lib/libCoreStorage.dylib
0x000000006034b000 	/usr/lib/libcsfde.dylib
0x000000006034b000 	/usr/lib/libodfde.dylib
0x000000006034b000 	/System/Library/Frameworks/DiscRecording.framework/Versions/A/DiscRecording
0x000000006034b000 	/usr/lib/libcurl.4.dylib
0x000000006034b000 	/System/Library/PrivateFrameworks/MediaKit.framework/Versions/A/MediaKit
0x000000006034b000 	/System/Library/PrivateFrameworks/ProtectedCloudStorage.framework/Versions/A/ProtectedCloudStorage
0x000000006034b000 	/System/Library/PrivateFrameworks/EFILogin.framework/Versions/A/EFILogin
0x000000006034b000 	/usr/lib/libutil.dylib
0x000000006034b000 	/System/Library/Frameworks/LDAP.framework/Versions/A/LDAP
0x000000006034b000 	/usr/lib/libsasl2.2.dylib
0x000000006034b000 	/System/Library/PrivateFrameworks/CoreDaemon.framework/Versions/B/CoreDaemon
0x000000006034b000 	/System/Library/PrivateFrameworks/AppleSRP.framework/Versions/A/AppleSRP
0x000000006034b000 	/System/Library/PrivateFrameworks/APFS.framework/Versions/A/APFS
0x000000012aac3000 	/Library/Java/JavaVirtualMachines/jdk1.8.0_121.jdk/Contents/Home/jre/lib/libfontmanager.dylib
0x000000012beb0000 	/Library/Java/JavaVirtualMachines/jdk1.8.0_121.jdk/Contents/Home/jre/lib/libosxui.dylib
0x000000012cbea000 	/Library/Java/JavaVirtualMachines/jdk1.8.0_121.jdk/Contents/Home/jre/lib/libnet.dylib
0x000000012cc01000 	/Library/Java/JavaVirtualMachines/jdk1.8.0_121.jdk/Contents/Home/jre/lib/libnio.dylib
0x000000012bc37000 	/private/var/folders/dv/8km65lfx2ys_m_537vwjv39h0000gn/T/jogamp_0000/file_cache/jln964349479130086608/jln105113965288472239/libgluegen-rt.jnilib
0x000000012bc3b000 	/private/var/folders/dv/8km65lfx2ys_m_537vwjv39h0000gn/T/jogamp_0000/file_cache/jln964349479130086608/jln105113965288472239/libnativewindow_awt.jnilib
0x000000012c9ae000 	/Library/Java/JavaVirtualMachines/jdk1.8.0_121.jdk/Contents/Home/jre/lib/libjawt.dylib
0x000000015826b000 	/private/var/folders/dv/8km65lfx2ys_m_537vwjv39h0000gn/T/jogamp_0000/file_cache/jln964349479130086608/jln105113965288472239/libnativewindow_macosx.jnilib
0x00000001582a8000 	/private/var/folders/dv/8km65lfx2ys_m_537vwjv39h0000gn/T/jogamp_0000/file_cache/jln964349479130086608/jln105113965288472239/libjogl_desktop.jnilib

VM Arguments:
jvm_args: -Djava.security.policy=java.policy.applet -Dfile.encoding=UTF-8 
java_command: sun.applet.AppletViewer guimodule.MyDisplay1490564074362.html
java_class_path (initial): /Users/seanippolito/Documents/workspace/UCSDUnfoldingMaps/build:/Users/seanippolito/Documents/workspace/UCSDUnfoldingMaps/lib/core.jar:/Users/seanippolito/Documents/workspace/UCSDUnfoldingMaps/lib/gluegen-rt.jar:/Users/seanippolito/Documents/workspace/UCSDUnfoldingMaps/lib/jogl-all.jar:/Users/seanippolito/Documents/workspace/UCSDUnfoldingMaps/lib/log4j-1.2.15.jar:/Users/seanippolito/Documents/workspace/UCSDUnfoldingMaps/lib/sqlite-jdbc-3.7.2.jar:/Users/seanippolito/Documents/workspace/UCSDUnfoldingMaps/lib/json4processing.jar:/Users/seanippolito/Documents/workspace/UCSDUnfoldingMaps/lib/libTUIO.jar:/Users/seanippolito/Documents/workspace/UCSDUnfoldingMaps/lib/unfolding.0.9.7-uscd.jar
Launcher Type: SUN_STANDARD

Environment Variables:
PATH=/usr/bin:/bin:/usr/sbin:/sbin
SHELL=/bin/bash

Signal Handlers:
SIGSEGV: [libjvm.dylib+0x5b1141], sa_mask[0]=11111111011111110111111111111111, sa_flags=SA_ONSTACK|SA_RESTART|SA_SIGINFO
SIGBUS: [libjvm.dylib+0x5b1141], sa_mask[0]=11111111011111110111111111111111, sa_flags=SA_RESTART|SA_SIGINFO
SIGFPE: [libjvm.dylib+0x487bc4], sa_mask[0]=11111111011111110111111111111111, sa_flags=SA_RESTART|SA_SIGINFO
SIGPIPE: [libjvm.dylib+0x487bc4], sa_mask[0]=11111111011111110111111111111111, sa_flags=SA_RESTART|SA_SIGINFO
SIGXFSZ: [libjvm.dylib+0x487bc4], sa_mask[0]=11111111011111110111111111111111, sa_flags=SA_RESTART|SA_SIGINFO
SIGILL: [libjvm.dylib+0x487bc4], sa_mask[0]=11111111011111110111111111111111, sa_flags=SA_RESTART|SA_SIGINFO
SIGUSR1: SIG_DFL, sa_mask[0]=00000000000000000000000000000000, sa_flags=none
SIGUSR2: [libjvm.dylib+0x4876e2], sa_mask[0]=00100000000000000000000000000000, sa_flags=SA_RESTART|SA_SIGINFO
SIGHUP: [libjvm.dylib+0x485cb9], sa_mask[0]=11111111011111110111111111111111, sa_flags=SA_RESTART|SA_SIGINFO
SIGINT: [libjvm.dylib+0x485cb9], sa_mask[0]=11111111011111110111111111111111, sa_flags=SA_RESTART|SA_SIGINFO
SIGTERM: [libjvm.dylib+0x485cb9], sa_mask[0]=11111111011111110111111111111111, sa_flags=SA_RESTART|SA_SIGINFO
SIGQUIT: [libjvm.dylib+0x485cb9], sa_mask[0]=11111111011111110111111111111111, sa_flags=SA_RESTART|SA_SIGINFO


---------------  S Y S T E M  ---------------

OS:Bsduname:Darwin 16.4.0 Darwin Kernel Version 16.4.0: Thu Dec 22 22:53:21 PST 2016; root:xnu-3789.41.3~3/RELEASE_X86_64 x86_64
rlimit: STACK 8192k, CORE 0k, NPROC 709, NOFILE 10240, AS infinity
load average:2.35 2.11 1.97

CPU:total 4 (2 cores per cpu, 2 threads per core) family 6 model 61 stepping 4, cmov, cx8, fxsr, mmx, sse, sse2, sse3, ssse3, sse4.1, sse4.2, popcnt, avx, avx2, aes, clmul, erms, 3dnowpref, lzcnt, ht, tsc, tscinvbit, bmi1, bmi2, adx

Memory: 4k page, physical 8388608k(384504k free)

/proc/meminfo:


vm_info: Java HotSpot(TM) 64-Bit Server VM (25.121-b13) for bsd-amd64 JRE (1.8.0_121-b13), built on Dec 12 2016 20:39:32 by "java_re" with gcc 4.2.1 (Based on Apple Inc. build 5658) (LLVM build 2336.11.00)

time: Sun Mar 26 14:34:52 2017
elapsed time: 17 seconds (0d 0h 0m 17s)

