#
# A fatal error has been detected by the Java Runtime Environment:
#
#  SIGSEGV (0xb) at pc=0x00007fffea362b69, pid=4715, tid=0x0000000000000307
#
# JRE version: Java(TM) SE Runtime Environment (8.0_121-b13) (build 1.8.0_121-b13)
# Java VM: Java HotSpot(TM) 64-Bit Server VM (25.121-b13 mixed mode bsd-amd64 compressed oops)
# Problematic frame:
# C  [libobjc.A.dylib+0x6b69]  objc_msgSend+0x29
#
# Failed to write core dump. Core dumps have been disabled. To enable core dumping, try "ulimit -c unlimited" before starting Java again
#
# If you would like to submit a bug report, please visit:
#   http://bugreport.java.com/bugreport/crash.jsp
# The crash happened outside the Java Virtual Machine in native code.
# See problematic frame for where to report the bug.
#

---------------  T H R E A D  ---------------

Current thread (0x00007fdfd90cc000):  JavaThread "AWT-AppKit" daemon [_thread_in_native, id=775, stack(0x00007fff582e3000,0x00007fff58ae3000)]

siginfo: si_signo: 11 (SIGSEGV), si_code: 1 (SEGV_MAPERR), si_addr: 0x0000000000000000

Registers:
RAX=0x00007fdfdd83d440, RBX=0x0000000151840450, RCX=0x00007fdfda4017b0, RDX=0x0000000000000000
RSP=0x00007fff58ade468, RBP=0x00007fff58ade520, RSI=0x00007fffd3e4e9af, RDI=0x00007fdfd7cf87f0
R8 =0x0000000000000018, R9 =0x00007fdfda4010f0, R10=0x00007fdfd8096000, R11=0x0000000000000000
R12=0x0000000000000000, R13=0x0000000156e9b480, R14=0x0000000151840440, R15=0x00007fdfd90cc000
RIP=0x00007fffea362b69, EFLAGS=0x0000000000010246, ERR=0x0000000000000004
  TRAPNO=0x000000000000000e

Top of Stack: (sp=0x00007fff58ade468)
0x00007fff58ade468:   000000015183e157 00007fff58ade4c0
0x00007fff58ade478:   0000000000000003 00007fff58ade4a0
0x00007fff58ade488:   0000000107bf2c62 0000000156e9b480
0x00007fff58ade498:   0000000156e9b480 00007fdfdd83d440
0x00007fff58ade4a8:   00000001518406a0 0000000151840710
0x00007fff58ade4b8:   00007ffff03c36d0 00007ffff1031030
0x00007fff58ade4c8:   0000000151840450 0000000151840690
0x00007fff58ade4d8:   00007fdfdd83d440 00007fdfd7cf87f0
0x00007fff58ade4e8:   00007fdfd7f3d3e0 00007fdfdd83d440
0x00007fff58ade4f8:   00007fdfd7cf87f0 00007fff58ade5a8
0x00007fff58ade508:   00007fdfd90cc1f8 0000000156e9b480
0x00007fff58ade518:   00007fff58ade5d0 00007fff58ade598
0x00007fff58ade528:   0000000112e779f4 0000000156e9b480
0x00007fff58ade538:   00007fff58ade5d0 00007fff58ade598
0x00007fff58ade548:   0000000112e77787 0000000112e77742
0x00007fff58ade558:   00007fff58ade558 0000000156e9b480
0x00007fff58ade568:   00007fff58ade5d0 0000000156e9e0b8
0x00007fff58ade578:   0000000000000000 0000000156e9b480
0x00007fff58ade588:   0000000000000000 00007fff58ade5b8
0x00007fff58ade598:   00007fff58ade618 0000000112e682bd
0x00007fff58ade5a8:   00000007404e8de8 0000000112e71538
0x00007fff58ade5b8:   00007fdfdd83d440 00007fff58ade618
0x00007fff58ade5c8:   00007fdfd7cf87f0 0000000112e72e02
0x00007fff58ade5d8:   00007fff58ade5d8 0000000156e9b64a
0x00007fff58ade5e8:   00007fff58ade640 0000000156e9e0b8
0x00007fff58ade5f8:   0000000000000000 0000000156e9b658
0x00007fff58ade608:   00007fff58ade5b8 00007fff58ade628
0x00007fff58ade618:   00007fff58ade688 0000000112e682bd
0x00007fff58ade628:   00007fdfdd83d440 000000074037c7c8
0x00007fff58ade638:   00007fdfd7cf87f0 000000074037c7c8
0x00007fff58ade648:   00007fff58ade648 0000000159c3ce66
0x00007fff58ade658:   00007fff58ade698 0000000159c3cf20 

Instructions: (pc=0x00007fffea362b69)
0x00007fffea362b49:   01 2e 75 66 49 ba f8 ff ff ff ff 7f 00 00 4c 23
0x00007fffea362b59:   17 49 89 f3 45 23 5a 18 49 c1 e3 04 4d 03 5a 10
0x00007fffea362b69:   49 3b 33 75 04 41 ff 63 08 49 83 3b 01 76 0d 49
0x00007fffea362b79:   83 c3 10 49 3b 33 75 f1 41 ff 63 08 72 64 4d 8b 

Register to memory mapping:

RAX=0x00007fdfdd83d440 is an unknown value
RBX=0x0000000151840450: Java_jogamp_nativewindow_macosx_OSXUtil_GetScreenRefreshRate0+0x1cf0 in /private/var/folders/dv/8km65lfx2ys_m_537vwjv39h0000gn/T/jogamp_0000/file_cache/jln3898913177590647454/jln5588128123101946259/libnativewindow_macosx.jnilib at 0x0000000151839000
RCX=0x00007fdfda4017b0 is an unknown value
RDX=0x0000000000000000 is an unknown value
RSP=0x00007fff58ade468 is pointing into the stack for thread: 0x00007fdfd90cc000
RBP=0x00007fff58ade520 is pointing into the stack for thread: 0x00007fdfd90cc000
RSI=0x00007fffd3e4e9af: __NSStyleNameIndexTable+0x7f720 in /System/Library/Frameworks/AppKit.framework/Versions/C/AppKit at 0x00007fffd31e7000
RDI=0x00007fdfd7cf87f0 is an unknown value
R8 =0x0000000000000018 is an unknown value
R9 =0x00007fdfda4010f0 is an unknown value
R10=0x00007fdfd8096000 is a thread
R11=0x0000000000000000 is an unknown value
R12=0x0000000000000000 is an unknown value
R13={method} {0x0000000156e9b480} 'UnsetJAWTRootSurfaceLayer0' '(JJ)V' in 'jogamp/nativewindow/jawt/macosx/MacOSXJAWTWindow'
R14=0x0000000151840440: Java_jogamp_nativewindow_macosx_OSXUtil_GetScreenRefreshRate0+0x1ce0 in /private/var/folders/dv/8km65lfx2ys_m_537vwjv39h0000gn/T/jogamp_0000/file_cache/jln3898913177590647454/jln5588128123101946259/libnativewindow_macosx.jnilib at 0x0000000151839000
R15=0x00007fdfd90cc000 is a thread


Stack: [0x00007fff582e3000,0x00007fff58ae3000],  sp=0x00007fff58ade468,  free space=8173k
Native frames: (J=compiled Java code, j=interpreted, Vv=VM code, C=native code)
C  [libobjc.A.dylib+0x6b69]  objc_msgSend+0x29
j  jogamp.nativewindow.jawt.macosx.MacOSXJAWTWindow.UnsetJAWTRootSurfaceLayer0(JJ)V+0
j  jogamp.nativewindow.jawt.macosx.MacOSXJAWTWindow.access$200(JJ)V+2
j  jogamp.nativewindow.jawt.macosx.MacOSXJAWTWindow$1.run()V+38
J 3257 C2 com.jogamp.common.util.RunnableTask.run()V (345 bytes) @ 0x00000001135f0a38 [0x00000001135f0980+0xb8]
v  ~StubRoutines::call_stub
V  [libjvm.dylib+0x2ed9d6]  JavaCalls::call_helper(JavaValue*, methodHandle*, JavaCallArguments*, Thread*)+0x6ae
V  [libjvm.dylib+0x324b65]  jni_invoke_nonstatic(JNIEnv_*, JavaValue*, _jobject*, JNICallType, _jmethodID*, JNI_ArgumentPusher*, Thread*)+0x2ec
V  [libjvm.dylib+0x317333]  jni_CallVoidMethod+0x16b
C  [libnativewindow_macosx.jnilib+0x5326]  Java_jogamp_nativewindow_jawt_macosx_MacOSXJAWTWindow_UnsetJAWTRootSurfaceLayer0+0x2b6
C  [Foundation+0x7188a]  __NSThreadPerformPerform+0x146
C  [CoreFoundation+0xa7981]  __CFRUNLOOP_IS_CALLING_OUT_TO_A_SOURCE0_PERFORM_FUNCTION__+0x11
C  [CoreFoundation+0x88a7d]  __CFRunLoopDoSources0+0x22d
C  [CoreFoundation+0x87f76]  __CFRunLoopRun+0x3a6
C  [CoreFoundation+0x87974]  CFRunLoopRunSpecific+0x1a4
C  [HIToolbox+0x30a5c]  RunCurrentEventLoopInMode+0xf0
C  [HIToolbox+0x30799]  ReceiveNextEventCommon+0xb8
C  [HIToolbox+0x306c6]  _BlockUntilNextEventMatchingListInModeWithFilter+0x47
C  [AppKit+0x475b4]  _DPSNextEvent+0x460
C  [AppKit+0x7c1d6b]  -[NSApplication(NSEvent) _nextEventMatchingEventMask:untilDate:inMode:dequeue:]+0xae5
C  [libosxapp.dylib+0x23aa]  -[NSApplicationAWT nextEventMatchingMask:untilDate:inMode:dequeue:]+0x7c
C  [AppKit+0x3bf35]  -[NSApplication run]+0x39e
C  [libosxapp.dylib+0x214d]  +[NSApplicationAWT runAWTLoopWithApp:]+0x9c
C  [libawt_lwawt.dylib+0x45ff7]  -[AWTStarter starter:]+0x389
C  [Foundation+0x7188a]  __NSThreadPerformPerform+0x146
C  [CoreFoundation+0xa7981]  __CFRUNLOOP_IS_CALLING_OUT_TO_A_SOURCE0_PERFORM_FUNCTION__+0x11
C  [CoreFoundation+0x88a7d]  __CFRunLoopDoSources0+0x22d
C  [CoreFoundation+0x87f76]  __CFRunLoopRun+0x3a6
C  [CoreFoundation+0x87974]  CFRunLoopRunSpecific+0x1a4
C  [java+0x6465]  CreateExecutionEnvironment+0x367
C  [java+0x218c]  JLI_Launch+0x7a0
C  [java+0x84c2]  main+0x65
C  [java+0x19e4]  start+0x34
C  0x0000000000000007

Java frames: (J=compiled Java code, j=interpreted, Vv=VM code)
j  jogamp.nativewindow.jawt.macosx.MacOSXJAWTWindow.UnsetJAWTRootSurfaceLayer0(JJ)V+0
j  jogamp.nativewindow.jawt.macosx.MacOSXJAWTWindow.access$200(JJ)V+2
j  jogamp.nativewindow.jawt.macosx.MacOSXJAWTWindow$1.run()V+38
J 3257 C2 com.jogamp.common.util.RunnableTask.run()V (345 bytes) @ 0x00000001135f0a38 [0x00000001135f0980+0xb8]
v  ~StubRoutines::call_stub

---------------  P R O C E S S  ---------------

Java Threads: ( => current thread )
  0x00007fdfd8096000 JavaThread "Thread-56" [_thread_blocked, id=26439, stack(0x0000700006690000,0x0000700006790000)]
  0x00007fdfd9131800 JavaThread "AWT-EventQueue-1" [_thread_in_native, id=62787, stack(0x000070000650a000,0x000070000660a000)]
  0x00007fdfd9001000 JavaThread "DestroyJavaVM" [_thread_blocked, id=7171, stack(0x0000700004ec2000,0x0000700004fc2000)]
  0x00007fdfd9a02800 JavaThread "AWT-EventQueue-0" [_thread_blocked, id=60931, stack(0x0000700006304000,0x0000700006404000)]
  0x00007fdfd88fd800 JavaThread "Java2D Disposer" daemon [_thread_blocked, id=57615, stack(0x000070000607b000,0x000070000617b000)]
  0x00007fdfd8924800 JavaThread "Java2D Queue Flusher" daemon [_thread_blocked, id=55559, stack(0x0000700005f78000,0x0000700006078000)]
  0x00007fdfd9897000 JavaThread "AWT-Shutdown" [_thread_blocked, id=30751, stack(0x0000700005df2000,0x0000700005ef2000)]
=>0x00007fdfd90cc000 JavaThread "AWT-AppKit" daemon [_thread_in_native, id=775, stack(0x00007fff582e3000,0x00007fff58ae3000)]
  0x00007fdfd9815000 JavaThread "Service Thread" daemon [_thread_blocked, id=18435, stack(0x0000700005ae6000,0x0000700005be6000)]
  0x00007fdfd9015000 JavaThread "C1 CompilerThread2" daemon [_thread_blocked, id=17923, stack(0x00007000059e3000,0x0000700005ae3000)]
  0x00007fdfd9014000 JavaThread "C2 CompilerThread1" daemon [_thread_blocked, id=17411, stack(0x00007000058e0000,0x00007000059e0000)]
  0x00007fdfd9007800 JavaThread "C2 CompilerThread0" daemon [_thread_blocked, id=16899, stack(0x00007000057dd000,0x00007000058dd000)]
  0x00007fdfd8820800 JavaThread "Signal Dispatcher" daemon [_thread_blocked, id=16387, stack(0x00007000056da000,0x00007000057da000)]
  0x00007fdfd8003000 JavaThread "Finalizer" daemon [_thread_blocked, id=12547, stack(0x00007000055d7000,0x00007000056d7000)]
  0x00007fdfd8811800 JavaThread "Reference Handler" daemon [_thread_blocked, id=12035, stack(0x00007000054d4000,0x00007000055d4000)]

Other Threads:
  0x00007fdfd9005000 VMThread [stack: 0x00007000053d1000,0x00007000054d1000] [id=11523]
  0x00007fdfd9816000 WatcherThread [stack: 0x0000700005be9000,0x0000700005ce9000] [id=18947]

VM state:not at safepoint (normal execution)

VM Mutex/Monitor currently owned by a thread: None

Heap:
 PSYoungGen      total 31744K, used 24164K [0x0000000795580000, 0x0000000797700000, 0x00000007c0000000)
  eden space 29184K, 82% used [0x0000000795580000,0x0000000796d09380,0x0000000797200000)
  from space 2560K, 2% used [0x0000000797200000,0x0000000797210000,0x0000000797480000)
  to   space 2560K, 0% used [0x0000000797480000,0x0000000797480000,0x0000000797700000)
 ParOldGen       total 69632K, used 30641K [0x0000000740000000, 0x0000000744400000, 0x0000000795580000)
  object space 69632K, 44% used [0x0000000740000000,0x0000000741dec760,0x0000000744400000)
 Metaspace       used 24197K, capacity 24529K, committed 24832K, reserved 1071104K
  class space    used 2388K, capacity 2507K, committed 2560K, reserved 1048576K

Card table byte_map: [0x0000000108d62000,0x0000000109163000] byte_map_base: 0x0000000105362000

Marking Bits: (ParMarkBitMap*) 0x00000001082f0d30
 Begin Bits: [0x000000010940e000, 0x000000010b40e000)
 End Bits:   [0x000000010b40e000, 0x000000010d40e000)

Polling page: 0x00000001071dd000

CodeCache: size=245760Kb used=9716Kb max_used=9752Kb free=236043Kb
 bounds [0x0000000112e60000, 0x0000000113820000, 0x0000000121e60000]
 total_blobs=3705 nmethods=2778 adapters=840
 compilation: enabled

Compilation events (10 events):
Event: 608.631 Thread 0x00007fdfd9015000 nmethod 3275 0x0000000113018390 code [0x0000000113018500, 0x0000000113018750]
Event: 608.632 Thread 0x00007fdfd9015000 3276       3       sun.misc.URLClassPath$JarLoader$2::getCodeSigners (8 bytes)
Event: 608.633 Thread 0x00007fdfd9015000 nmethod 3276 0x00000001133dc350 code [0x00000001133dc4c0, 0x00000001133dc6e8]
Event: 608.633 Thread 0x00007fdfd9015000 3277   !   3       java.util.jar.JarFile$JarFileEntry::getCodeSigners (78 bytes)
Event: 608.634 Thread 0x00007fdfd9015000 nmethod 3277 0x000000011365c390 code [0x000000011365c560, 0x000000011365cb78]
Event: 608.635 Thread 0x00007fdfd9015000 3278       3       java.util.Stack::empty (13 bytes)
Event: 608.635 Thread 0x00007fdfd9015000 nmethod 3278 0x000000011365bd90 code [0x000000011365bf00, 0x000000011365c2d0]
Event: 608.647 Thread 0x00007fdfd9014000 3279  s    4       sun.misc.URLClassPath::getNextLoader (88 bytes)
Event: 608.647 Thread 0x00007fdfd9015000 3280  s!   2       sun.misc.URLClassPath::getLoader (243 bytes)
Event: 608.652 Thread 0x00007fdfd9015000 nmethod 3280 0x0000000113077510 code [0x0000000113077800, 0x0000000113078fc8]

GC Heap History (10 events):
Event: 566.441 GC heap before
{Heap before GC invocations=54 (full 1):
 PSYoungGen      total 31744K, used 29280K [0x0000000795580000, 0x0000000797800000, 0x00000007c0000000)
  eden space 29184K, 100% used [0x0000000795580000,0x0000000797200000,0x0000000797200000)
  from space 2560K, 3% used [0x0000000797580000,0x0000000797598000,0x0000000797800000)
  to   space 3072K, 0% used [0x0000000797200000,0x0000000797200000,0x0000000797500000)
 ParOldGen       total 69632K, used 30641K [0x0000000740000000, 0x0000000744400000, 0x0000000795580000)
  object space 69632K, 44% used [0x0000000740000000,0x0000000741dec760,0x0000000744400000)
 Metaspace       used 24155K, capacity 24465K, committed 24576K, reserved 1071104K
  class space    used 2381K, capacity 2507K, committed 2560K, reserved 1048576K
Event: 566.442 GC heap after
Heap after GC invocations=54 (full 1):
 PSYoungGen      total 32256K, used 64K [0x0000000795580000, 0x0000000797800000, 0x00000007c0000000)
  eden space 29184K, 0% used [0x0000000795580000,0x0000000795580000,0x0000000797200000)
  from space 3072K, 2% used [0x0000000797200000,0x0000000797210000,0x0000000797500000)
  to   space 3072K, 0% used [0x0000000797500000,0x0000000797500000,0x0000000797800000)
 ParOldGen       total 69632K, used 30641K [0x0000000740000000, 0x0000000744400000, 0x0000000795580000)
  object space 69632K, 44% used [0x0000000740000000,0x0000000741dec760,0x0000000744400000)
 Metaspace       used 24155K, capacity 24465K, committed 24576K, reserved 1071104K
  class space    used 2381K, capacity 2507K, committed 2560K, reserved 1048576K
}
Event: 575.129 GC heap before
{Heap before GC invocations=55 (full 1):
 PSYoungGen      total 32256K, used 29248K [0x0000000795580000, 0x0000000797800000, 0x00000007c0000000)
  eden space 29184K, 100% used [0x0000000795580000,0x0000000797200000,0x0000000797200000)
  from space 3072K, 2% used [0x0000000797200000,0x0000000797210000,0x0000000797500000)
  to   space 3072K, 0% used [0x0000000797500000,0x0000000797500000,0x0000000797800000)
 ParOldGen       total 69632K, used 30641K [0x0000000740000000, 0x0000000744400000, 0x0000000795580000)
  object space 69632K, 44% used [0x0000000740000000,0x0000000741dec760,0x0000000744400000)
 Metaspace       used 24155K, capacity 24465K, committed 24576K, reserved 1071104K
  class space    used 2381K, capacity 2507K, committed 2560K, reserved 1048576K
Event: 575.130 GC heap after
Heap after GC invocations=55 (full 1):
 PSYoungGen      total 32256K, used 64K [0x0000000795580000, 0x0000000797800000, 0x00000007c0000000)
  eden space 29184K, 0% used [0x0000000795580000,0x0000000795580000,0x0000000797200000)
  from space 3072K, 2% used [0x0000000797500000,0x0000000797510000,0x0000000797800000)
  to   space 3072K, 0% used [0x0000000797200000,0x0000000797200000,0x0000000797500000)
 ParOldGen       total 69632K, used 30641K [0x0000000740000000, 0x0000000744400000, 0x0000000795580000)
  object space 69632K, 44% used [0x0000000740000000,0x0000000741dec760,0x0000000744400000)
 Metaspace       used 24155K, capacity 24465K, committed 24576K, reserved 1071104K
  class space    used 2381K, capacity 2507K, committed 2560K, reserved 1048576K
}
Event: 583.814 GC heap before
{Heap before GC invocations=56 (full 1):
 PSYoungGen      total 32256K, used 29248K [0x0000000795580000, 0x0000000797800000, 0x00000007c0000000)
  eden space 29184K, 100% used [0x0000000795580000,0x0000000797200000,0x0000000797200000)
  from space 3072K, 2% used [0x0000000797500000,0x0000000797510000,0x0000000797800000)
  to   space 3072K, 0% used [0x0000000797200000,0x0000000797200000,0x0000000797500000)
 ParOldGen       total 69632K, used 30641K [0x0000000740000000, 0x0000000744400000, 0x0000000795580000)
  object space 69632K, 44% used [0x0000000740000000,0x0000000741dec760,0x0000000744400000)
 Metaspace       used 24155K, capacity 24465K, committed 24576K, reserved 1071104K
  class space    used 2381K, capacity 2507K, committed 2560K, reserved 1048576K
Event: 583.816 GC heap after
Heap after GC invocations=56 (full 1):
 PSYoungGen      total 29696K, used 64K [0x0000000795580000, 0x0000000797700000, 0x00000007c0000000)
  eden space 29184K, 0% used [0x0000000795580000,0x0000000795580000,0x0000000797200000)
  from space 512K, 12% used [0x0000000797200000,0x0000000797210000,0x0000000797280000)
  to   space 2560K, 0% used [0x0000000797480000,0x0000000797480000,0x0000000797700000)
 ParOldGen       total 69632K, used 30641K [0x0000000740000000, 0x0000000744400000, 0x0000000795580000)
  object space 69632K, 44% used [0x0000000740000000,0x0000000741dec760,0x0000000744400000)
 Metaspace       used 24155K, capacity 24465K, committed 24576K, reserved 1071104K
  class space    used 2381K, capacity 2507K, committed 2560K, reserved 1048576K
}
Event: 593.021 GC heap before
{Heap before GC invocations=57 (full 1):
 PSYoungGen      total 29696K, used 29248K [0x0000000795580000, 0x0000000797700000, 0x00000007c0000000)
  eden space 29184K, 100% used [0x0000000795580000,0x0000000797200000,0x0000000797200000)
  from space 512K, 12% used [0x0000000797200000,0x0000000797210000,0x0000000797280000)
  to   space 2560K, 0% used [0x0000000797480000,0x0000000797480000,0x0000000797700000)
 ParOldGen       total 69632K, used 30641K [0x0000000740000000, 0x0000000744400000, 0x0000000795580000)
  object space 69632K, 44% used [0x0000000740000000,0x0000000741dec760,0x0000000744400000)
 Metaspace       used 24155K, capacity 24465K, committed 24576K, reserved 1071104K
  class space    used 2381K, capacity 2507K, committed 2560K, reserved 1048576K
Event: 593.023 GC heap after
Heap after GC invocations=57 (full 1):
 PSYoungGen      total 31744K, used 96K [0x0000000795580000, 0x0000000797700000, 0x00000007c0000000)
  eden space 29184K, 0% used [0x0000000795580000,0x0000000795580000,0x0000000797200000)
  from space 2560K, 3% used [0x0000000797480000,0x0000000797498000,0x0000000797700000)
  to   space 2560K, 0% used [0x0000000797200000,0x0000000797200000,0x0000000797480000)
 ParOldGen       total 69632K, used 30641K [0x0000000740000000, 0x0000000744400000, 0x0000000795580000)
  object space 69632K, 44% used [0x0000000740000000,0x0000000741dec760,0x0000000744400000)
 Metaspace       used 24155K, capacity 24465K, committed 24576K, reserved 1071104K
  class space    used 2381K, capacity 2507K, committed 2560K, reserved 1048576K
}
Event: 601.807 GC heap before
{Heap before GC invocations=58 (full 1):
 PSYoungGen      total 31744K, used 29280K [0x0000000795580000, 0x0000000797700000, 0x00000007c0000000)
  eden space 29184K, 100% used [0x0000000795580000,0x0000000797200000,0x0000000797200000)
  from space 2560K, 3% used [0x0000000797480000,0x0000000797498000,0x0000000797700000)
  to   space 2560K, 0% used [0x0000000797200000,0x0000000797200000,0x0000000797480000)
 ParOldGen       total 69632K, used 30641K [0x0000000740000000, 0x0000000744400000, 0x0000000795580000)
  object space 69632K, 44% used [0x0000000740000000,0x0000000741dec760,0x0000000744400000)
 Metaspace       used 24155K, capacity 24465K, committed 24576K, reserved 1071104K
  class space    used 2381K, capacity 2507K, committed 2560K, reserved 1048576K
Event: 601.809 GC heap after
Heap after GC invocations=58 (full 1):
 PSYoungGen      total 31744K, used 64K [0x0000000795580000, 0x0000000797700000, 0x00000007c0000000)
  eden space 29184K, 0% used [0x0000000795580000,0x0000000795580000,0x0000000797200000)
  from space 2560K, 2% used [0x0000000797200000,0x0000000797210000,0x0000000797480000)
  to   space 2560K, 0% used [0x0000000797480000,0x0000000797480000,0x0000000797700000)
 ParOldGen       total 69632K, used 30641K [0x0000000740000000, 0x0000000744400000, 0x0000000795580000)
  object space 69632K, 44% used [0x0000000740000000,0x0000000741dec760,0x0000000744400000)
 Metaspace       used 24155K, capacity 24465K, committed 24576K, reserved 1071104K
  class space    used 2381K, capacity 2507K, committed 2560K, reserved 1048576K
}

Deoptimization events (10 events):
Event: 608.608 Thread 0x00007fdfd9131800 Uncommon trap: reason=class_check action=maybe_recompile pc=0x00000001133cc8a8 method=java.awt.event.InvocationEvent.dispatch()V @ 11
Event: 608.625 Thread 0x00007fdfd9999800 Uncommon trap: reason=class_check action=maybe_recompile pc=0x000000011327e120 method=java.util.HashMap.putVal(ILjava/lang/Object;Ljava/lang/Object;ZZ)Ljava/lang/Object; @ 91
Event: 608.625 Thread 0x00007fdfd9999800 Uncommon trap: reason=class_check action=maybe_recompile pc=0x000000011327e120 method=java.util.HashMap.putVal(ILjava/lang/Object;Ljava/lang/Object;ZZ)Ljava/lang/Object; @ 91
Event: 608.625 Thread 0x00007fdfd9999800 Uncommon trap: reason=class_check action=maybe_recompile pc=0x000000011327cbd4 method=java.util.HashMap.putVal(ILjava/lang/Object;Ljava/lang/Object;ZZ)Ljava/lang/Object; @ 91
Event: 608.627 Thread 0x00007fdfd9a02800 Uncommon trap: reason=class_check action=maybe_recompile pc=0x00000001133c8010 method=java.awt.Component.getGraphics()Ljava/awt/Graphics; @ 114
Event: 608.627 Thread 0x00007fdfd9131800 Uncommon trap: reason=class_check action=maybe_recompile pc=0x00000001133cc8a8 method=java.awt.event.InvocationEvent.dispatch()V @ 11
Event: 608.633 Thread 0x00007fdfd90cc000 Uncommon trap: reason=unstable_if action=reinterpret pc=0x0000000113577cbc method=jogamp.nativewindow.macosx.OSXUtil.RunOnMainThread(ZZLjava/lang/Runnable;)V @ 3
Event: 608.645 Thread 0x00007fdfd9131800 Uncommon trap: reason=unstable_if action=reinterpret pc=0x00000001135e4410 method=jogamp.opengl.GLContextImpl.release(Z)V @ 161
Event: 608.651 Thread 0x00007fdfd9131800 Uncommon trap: reason=unstable_if action=reinterpret pc=0x000000011373703c method=java.security.AccessControlContext.optimize()Ljava/security/AccessControlContext; @ 233
Event: 608.656 Thread 0x00007fdfd9a02800 Uncommon trap: reason=class_check action=maybe_recompile pc=0x00000001133c8010 method=java.awt.Component.getGraphics()Ljava/awt/Graphics; @ 114

Internal exceptions (10 events):
Event: 0.327 Thread 0x00007fdfd9001000 Exception <a 'java/io/FileNotFoundException'> (0x000000079580f3e0) thrown at [/Users/java_re/workspace/8-2-build-macosx-x86_64/jdk8u121/8372/hotspot/src/share/vm/prims/jni.cpp, line 709]
Event: 0.327 Thread 0x00007fdfd9001000 Exception <a 'java/io/FileNotFoundException'> (0x000000079580ff80) thrown at [/Users/java_re/workspace/8-2-build-macosx-x86_64/jdk8u121/8372/hotspot/src/share/vm/prims/jni.cpp, line 709]
Event: 0.430 Thread 0x00007fdfd9001000 Exception <a 'java/io/FileNotFoundException'> (0x000000079594c458) thrown at [/Users/java_re/workspace/8-2-build-macosx-x86_64/jdk8u121/8372/hotspot/src/share/vm/prims/jni.cpp, line 709]
Event: 1.973 Thread 0x00007fdfd9905000 Exception <a 'java/lang/UnsatisfiedLinkError': com.jogamp.common.util.JarUtil.fixNativeLibAttribs(Ljava/lang/String;)Z> (0x0000000796b2eea8) thrown at [/Users/java_re/workspace/8-2-build-macosx-x86_64/jdk8u121/8372/hotspot/src/share/vm/prims/nativeLookup.
Event: 2.259 Thread 0x00007fdfd8003000 Exception <a 'java/lang/NullPointerException'> (0x00000007956a47a8) thrown at [/Users/java_re/workspace/8-2-build-macosx-x86_64/jdk8u121/8372/hotspot/src/share/vm/interpreter/linkResolver.cpp, line 1178]
Event: 2.881 Thread 0x00007fdfd9131800 Exception <a 'java/io/FileNotFoundException'> (0x0000000795f32188) thrown at [/Users/java_re/workspace/8-2-build-macosx-x86_64/jdk8u121/8372/hotspot/src/share/vm/prims/jni.cpp, line 709]
Event: 2.882 Thread 0x00007fdfd9131800 Exception <a 'java/io/FileNotFoundException'> (0x0000000795f387e0) thrown at [/Users/java_re/workspace/8-2-build-macosx-x86_64/jdk8u121/8372/hotspot/src/share/vm/prims/jni.cpp, line 709]
Event: 2.882 Thread 0x00007fdfd9131800 Implicit null exception at 0x000000011301f076 to 0x000000011301f445
Event: 3.044 Thread 0x00007fdfd9131800 Implicit null exception at 0x00000001131f88c6 to 0x00000001131f8b0d
Event: 9.387 Thread 0x00007fdfd9a22000 Exception <a 'java/security/PrivilegedActionException'> (0x0000000795847870) thrown at [/Users/java_re/workspace/8-2-build-macosx-x86_64/jdk8u121/8372/hotspot/src/share/vm/prims/jvm.cpp, line 1390]

Events (10 events):
Event: 608.653 loading class java/awt/event/AWTEventListenerProxy done
Event: 608.653 loading class java/awt/Toolkit$ToolkitEventMulticaster
Event: 608.653 Thread 0x00007fdfd9015000 flushing nmethod 0x000000011359e690
Event: 608.653 loading class java/awt/Toolkit$ToolkitEventMulticaster done
Event: 608.654 Thread 0x00007fdfd9999800 Thread exited: 0x00007fdfd9999800
Event: 608.655 loading class java/awt/Window$1DisposeAction
Event: 608.655 Thread 0x00007fdfd9a02800 Uncommon trap: trap_request=0xffffffde fr.pc=0x00000001133c8010
Event: 608.656 Thread 0x00007fdfd9a02800 DEOPT PACKING pc=0x00000001133c8010 sp=0x0000700006401c70
Event: 608.656 Thread 0x00007fdfd9a02800 DEOPT UNPACKING pc=0x0000000112e65229 sp=0x0000700006401c80 mode 2
Event: 608.656 loading class java/awt/Window$1DisposeAction done


Dynamic libraries:
0x000000006034b000 	/System/Library/Frameworks/Cocoa.framework/Versions/A/Cocoa
0x000000006034b000 	/System/Library/Frameworks/Security.framework/Versions/A/Security
0x000000006034b000 	/System/Library/Frameworks/ApplicationServices.framework/Versions/A/ApplicationServices
0x000000006034b000 	/usr/lib/libz.1.dylib
0x000000006034b000 	/usr/lib/libSystem.B.dylib
0x000000006034b000 	/usr/lib/libobjc.A.dylib
0x000000006034b000 	/System/Library/Frameworks/CoreFoundation.framework/Versions/A/CoreFoundation
0x000000006034b000 	/System/Library/Frameworks/Foundation.framework/Versions/C/Foundation
0x000000006034b000 	/System/Library/Frameworks/AppKit.framework/Versions/C/AppKit
0x000000006034b000 	/System/Library/Frameworks/CoreData.framework/Versions/A/CoreData
0x000000006034b000 	/System/Library/PrivateFrameworks/RemoteViewServices.framework/Versions/A/RemoteViewServices
0x000000006034b000 	/System/Library/PrivateFrameworks/UIFoundation.framework/Versions/A/UIFoundation
0x000000006034b000 	/System/Library/PrivateFrameworks/DFRFoundation.framework/Versions/A/DFRFoundation
0x000000006034b000 	/usr/lib/libenergytrace.dylib
0x000000006034b000 	/System/Library/PrivateFrameworks/SkyLight.framework/Versions/A/SkyLight
0x000000006034b000 	/System/Library/Frameworks/CoreGraphics.framework/Versions/A/CoreGraphics
0x000000006034b000 	/usr/lib/libScreenReader.dylib
0x000000006034b000 	/System/Library/Frameworks/Accelerate.framework/Versions/A/Accelerate
0x000000006034b000 	/System/Library/Frameworks/IOSurface.framework/Versions/A/IOSurface
0x000000006034b000 	/System/Library/Frameworks/AudioToolbox.framework/Versions/A/AudioToolbox
0x000000006034b000 	/System/Library/Frameworks/AudioUnit.framework/Versions/A/AudioUnit
0x000000006034b000 	/System/Library/PrivateFrameworks/DataDetectorsCore.framework/Versions/A/DataDetectorsCore
0x000000006034b000 	/System/Library/PrivateFrameworks/DesktopServicesPriv.framework/Versions/A/DesktopServicesPriv
0x000000006034b000 	/System/Library/Frameworks/Carbon.framework/Versions/A/Frameworks/HIToolbox.framework/Versions/A/HIToolbox
0x000000006034b000 	/usr/lib/libicucore.A.dylib
0x000000006034b000 	/System/Library/Frameworks/QuartzCore.framework/Versions/A/QuartzCore
0x000000006034b000 	/System/Library/Frameworks/Carbon.framework/Versions/A/Frameworks/SpeechRecognition.framework/Versions/A/SpeechRecognition
0x000000006034b000 	/usr/lib/libauto.dylib
0x000000006034b000 	/usr/lib/libxml2.2.dylib
0x000000006034b000 	/System/Library/PrivateFrameworks/CoreUI.framework/Versions/A/CoreUI
0x000000006034b000 	/System/Library/Frameworks/CoreAudio.framework/Versions/A/CoreAudio
0x000000006034b000 	/System/Library/Frameworks/DiskArbitration.framework/Versions/A/DiskArbitration
0x000000006034b000 	/usr/lib/liblangid.dylib
0x000000006034b000 	/System/Library/PrivateFrameworks/MultitouchSupport.framework/Versions/A/MultitouchSupport
0x000000006034b000 	/System/Library/Frameworks/IOKit.framework/Versions/A/IOKit
0x000000006034b000 	/usr/lib/libDiagnosticMessagesClient.dylib
0x000000006034b000 	/System/Library/Frameworks/CoreServices.framework/Versions/A/CoreServices
0x000000006034b000 	/System/Library/PrivateFrameworks/PerformanceAnalysis.framework/Versions/A/PerformanceAnalysis
0x000000006034b000 	/System/Library/PrivateFrameworks/GenerationalStorage.framework/Versions/A/GenerationalStorage
0x000000006034b000 	/System/Library/Frameworks/OpenGL.framework/Versions/A/OpenGL
0x000000006034b000 	/System/Library/Frameworks/CoreImage.framework/Versions/A/CoreImage
0x000000006034b000 	/System/Library/Frameworks/CoreText.framework/Versions/A/CoreText
0x000000006034b000 	/System/Library/Frameworks/ImageIO.framework/Versions/A/ImageIO
0x000000006034b000 	/System/Library/PrivateFrameworks/Backup.framework/Versions/A/Backup
0x000000006034b000 	/usr/lib/libarchive.2.dylib
0x000000006034b000 	/System/Library/Frameworks/CFNetwork.framework/Versions/A/CFNetwork
0x000000006034b000 	/System/Library/Frameworks/SystemConfiguration.framework/Versions/A/SystemConfiguration
0x000000006034b000 	/usr/lib/libCRFSuite.dylib
0x000000006034b000 	/usr/lib/libc++.1.dylib
0x000000006034b000 	/usr/lib/libc++abi.dylib
0x000000006034b000 	/usr/lib/system/libcache.dylib
0x000000006034b000 	/usr/lib/system/libcommonCrypto.dylib
0x000000006034b000 	/usr/lib/system/libcompiler_rt.dylib
0x000000006034b000 	/usr/lib/system/libcopyfile.dylib
0x000000006034b000 	/usr/lib/system/libcorecrypto.dylib
0x000000006034b000 	/usr/lib/system/libdispatch.dylib
0x000000006034b000 	/usr/lib/system/libdyld.dylib
0x000000006034b000 	/usr/lib/system/libkeymgr.dylib
0x000000006034b000 	/usr/lib/system/liblaunch.dylib
0x000000006034b000 	/usr/lib/system/libmacho.dylib
0x000000006034b000 	/usr/lib/system/libquarantine.dylib
0x000000006034b000 	/usr/lib/system/libremovefile.dylib
0x000000006034b000 	/usr/lib/system/libsystem_asl.dylib
0x000000006034b000 	/usr/lib/system/libsystem_blocks.dylib
0x000000006034b000 	/usr/lib/system/libsystem_c.dylib
0x000000006034b000 	/usr/lib/system/libsystem_configuration.dylib
0x000000006034b000 	/usr/lib/system/libsystem_coreservices.dylib
0x000000006034b000 	/usr/lib/system/libsystem_coretls.dylib
0x000000006034b000 	/usr/lib/system/libsystem_dnssd.dylib
0x000000006034b000 	/usr/lib/system/libsystem_info.dylib
0x000000006034b000 	/usr/lib/system/libsystem_kernel.dylib
0x000000006034b000 	/usr/lib/system/libsystem_m.dylib
0x000000006034b000 	/usr/lib/system/libsystem_malloc.dylib
0x000000006034b000 	/usr/lib/system/libsystem_network.dylib
0x000000006034b000 	/usr/lib/system/libsystem_networkextension.dylib
0x000000006034b000 	/usr/lib/system/libsystem_notify.dylib
0x000000006034b000 	/usr/lib/system/libsystem_platform.dylib
0x000000006034b000 	/usr/lib/system/libsystem_pthread.dylib
0x000000006034b000 	/usr/lib/system/libsystem_sandbox.dylib
0x000000006034b000 	/usr/lib/system/libsystem_secinit.dylib
0x000000006034b000 	/usr/lib/system/libsystem_symptoms.dylib
0x000000006034b000 	/usr/lib/system/libsystem_trace.dylib
0x000000006034b000 	/usr/lib/system/libunwind.dylib
0x000000006034b000 	/usr/lib/system/libxpc.dylib
0x000000006034b000 	/usr/lib/libbsm.0.dylib
0x000000006034b000 	/usr/lib/system/libkxld.dylib
0x000000006034b000 	/usr/lib/libcoretls.dylib
0x000000006034b000 	/usr/lib/libcoretls_cfhelpers.dylib
0x000000006034b000 	/usr/lib/libxar.1.dylib
0x000000006034b000 	/usr/lib/libsqlite3.dylib
0x000000006034b000 	/usr/lib/libpam.2.dylib
0x000000006034b000 	/usr/lib/libOpenScriptingUtil.dylib
0x000000006034b000 	/usr/lib/libbz2.1.0.dylib
0x000000006034b000 	/usr/lib/liblzma.5.dylib
0x000000006034b000 	/usr/lib/libnetwork.dylib
0x000000006034b000 	/usr/lib/libpcap.A.dylib
0x000000006034b000 	/System/Library/Frameworks/CoreServices.framework/Versions/A/Frameworks/FSEvents.framework/Versions/A/FSEvents
0x000000006034b000 	/System/Library/Frameworks/CoreServices.framework/Versions/A/Frameworks/CarbonCore.framework/Versions/A/CarbonCore
0x000000006034b000 	/System/Library/Frameworks/CoreServices.framework/Versions/A/Frameworks/Metadata.framework/Versions/A/Metadata
0x000000006034b000 	/System/Library/Frameworks/CoreServices.framework/Versions/A/Frameworks/OSServices.framework/Versions/A/OSServices
0x000000006034b000 	/System/Library/Frameworks/CoreServices.framework/Versions/A/Frameworks/SearchKit.framework/Versions/A/SearchKit
0x000000006034b000 	/System/Library/Frameworks/CoreServices.framework/Versions/A/Frameworks/AE.framework/Versions/A/AE
0x000000006034b000 	/System/Library/Frameworks/CoreServices.framework/Versions/A/Frameworks/LaunchServices.framework/Versions/A/LaunchServices
0x000000006034b000 	/System/Library/Frameworks/CoreServices.framework/Versions/A/Frameworks/DictionaryServices.framework/Versions/A/DictionaryServices
0x000000006034b000 	/System/Library/Frameworks/CoreServices.framework/Versions/A/Frameworks/SharedFileList.framework/Versions/A/SharedFileList
0x000000006034b000 	/System/Library/Frameworks/NetFS.framework/Versions/A/NetFS
0x000000006034b000 	/System/Library/PrivateFrameworks/NetAuth.framework/Versions/A/NetAuth
0x000000006034b000 	/System/Library/PrivateFrameworks/login.framework/Versions/A/Frameworks/loginsupport.framework/Versions/A/loginsupport
0x000000006034b000 	/System/Library/PrivateFrameworks/TCC.framework/Versions/A/TCC
0x000000006034b000 	/usr/lib/libmecabra.dylib
0x000000006034b000 	/System/Library/Frameworks/ApplicationServices.framework/Versions/A/Frameworks/ATS.framework/Versions/A/ATS
0x000000006034b000 	/System/Library/Frameworks/ApplicationServices.framework/Versions/A/Frameworks/ColorSync.framework/Versions/A/ColorSync
0x000000006034b000 	/System/Library/Frameworks/ApplicationServices.framework/Versions/A/Frameworks/HIServices.framework/Versions/A/HIServices
0x000000006034b000 	/System/Library/Frameworks/ApplicationServices.framework/Versions/A/Frameworks/LangAnalysis.framework/Versions/A/LangAnalysis
0x000000006034b000 	/System/Library/Frameworks/ApplicationServices.framework/Versions/A/Frameworks/PrintCore.framework/Versions/A/PrintCore
0x000000006034b000 	/System/Library/Frameworks/ApplicationServices.framework/Versions/A/Frameworks/QD.framework/Versions/A/QD
0x000000006034b000 	/System/Library/Frameworks/ApplicationServices.framework/Versions/A/Frameworks/SpeechSynthesis.framework/Versions/A/SpeechSynthesis
0x000000006034b000 	/System/Library/Frameworks/Accelerate.framework/Versions/A/Frameworks/vImage.framework/Versions/A/vImage
0x000000006034b000 	/System/Library/Frameworks/Accelerate.framework/Versions/A/Frameworks/vecLib.framework/Versions/A/vecLib
0x000000006034b000 	/System/Library/Frameworks/Accelerate.framework/Versions/A/Frameworks/vecLib.framework/Versions/A/libvDSP.dylib
0x000000006034b000 	/System/Library/Frameworks/Accelerate.framework/Versions/A/Frameworks/vecLib.framework/Versions/A/libBNNS.dylib
0x000000006034b000 	/System/Library/Frameworks/Accelerate.framework/Versions/A/Frameworks/vecLib.framework/Versions/A/libQuadrature.dylib
0x000000006034b000 	/System/Library/Frameworks/Accelerate.framework/Versions/A/Frameworks/vecLib.framework/Versions/A/libvMisc.dylib
0x000000006034b000 	/System/Library/Frameworks/Accelerate.framework/Versions/A/Frameworks/vecLib.framework/Versions/A/libLAPACK.dylib
0x000000006034b000 	/System/Library/Frameworks/Accelerate.framework/Versions/A/Frameworks/vecLib.framework/Versions/A/libBLAS.dylib
0x000000006034b000 	/System/Library/Frameworks/Accelerate.framework/Versions/A/Frameworks/vecLib.framework/Versions/A/libLinearAlgebra.dylib
0x000000006034b000 	/System/Library/Frameworks/Accelerate.framework/Versions/A/Frameworks/vecLib.framework/Versions/A/libSparseBLAS.dylib
0x000000006034b000 	/System/Library/Frameworks/ApplicationServices.framework/Versions/A/Frameworks/ATS.framework/Versions/A/Resources/libFontParser.dylib
0x000000006034b000 	/System/Library/Frameworks/ApplicationServices.framework/Versions/A/Frameworks/ATS.framework/Versions/A/Resources/libFontRegistry.dylib
0x000000006034b000 	/System/Library/Frameworks/ImageIO.framework/Versions/A/Resources/libJPEG.dylib
0x000000006034b000 	/System/Library/Frameworks/ImageIO.framework/Versions/A/Resources/libTIFF.dylib
0x000000006034b000 	/System/Library/Frameworks/ImageIO.framework/Versions/A/Resources/libPng.dylib
0x000000006034b000 	/System/Library/Frameworks/ImageIO.framework/Versions/A/Resources/libGIF.dylib
0x000000006034b000 	/System/Library/Frameworks/ImageIO.framework/Versions/A/Resources/libJP2.dylib
0x000000006034b000 	/System/Library/Frameworks/ImageIO.framework/Versions/A/Resources/libRadiance.dylib
0x000000006034b000 	/usr/lib/libcompression.dylib
0x000000006034b000 	/System/Library/PrivateFrameworks/AppleJPEG.framework/Versions/A/AppleJPEG
0x000000006034b000 	/usr/lib/libcups.2.dylib
0x000000006034b000 	/System/Library/Frameworks/Kerberos.framework/Versions/A/Kerberos
0x000000006034b000 	/System/Library/Frameworks/GSS.framework/Versions/A/GSS
0x000000006034b000 	/usr/lib/libresolv.9.dylib
0x000000006034b000 	/usr/lib/libiconv.2.dylib
0x000000006034b000 	/System/Library/PrivateFrameworks/Heimdal.framework/Versions/A/Heimdal
0x000000006034b000 	/usr/lib/libheimdal-asn1.dylib
0x000000006034b000 	/System/Library/Frameworks/OpenDirectory.framework/Versions/A/OpenDirectory
0x000000006034b000 	/System/Library/PrivateFrameworks/CommonAuth.framework/Versions/A/CommonAuth
0x000000006034b000 	/System/Library/Frameworks/OpenDirectory.framework/Versions/A/Frameworks/CFOpenDirectory.framework/Versions/A/CFOpenDirectory
0x000000006034b000 	/System/Library/Frameworks/SecurityFoundation.framework/Versions/A/SecurityFoundation
0x000000006034b000 	/System/Library/PrivateFrameworks/LanguageModeling.framework/Versions/A/LanguageModeling
0x000000006034b000 	/usr/lib/libmarisa.dylib
0x000000006034b000 	/usr/lib/libChineseTokenizer.dylib
0x000000006034b000 	/usr/lib/libcmph.dylib
0x000000006034b000 	/System/Library/PrivateFrameworks/CoreEmoji.framework/Versions/A/CoreEmoji
0x000000006034b000 	/System/Library/Frameworks/ServiceManagement.framework/Versions/A/ServiceManagement
0x000000006034b000 	/usr/lib/libxslt.1.dylib
0x000000006034b000 	/System/Library/Frameworks/Carbon.framework/Versions/A/Frameworks/Ink.framework/Versions/A/Ink
0x000000006034b000 	/System/Library/PrivateFrameworks/TextureIO.framework/Versions/A/TextureIO
0x000000006034b000 	/System/Library/Frameworks/Metal.framework/Versions/A/Metal
0x000000006034b000 	/usr/lib/libate.dylib
0x000000006034b000 	/System/Library/PrivateFrameworks/GPUCompiler.framework/libmetal_timestamp.dylib
0x000000006034b000 	/System/Library/Frameworks/OpenGL.framework/Versions/A/Libraries/libCoreFSCache.dylib
0x000000006034b000 	/System/Library/PrivateFrameworks/IOAccelerator.framework/Versions/A/IOAccelerator
0x000000006034b000 	/System/Library/Frameworks/CoreVideo.framework/Versions/A/CoreVideo
0x000000006034b000 	/usr/lib/libFosl_dynamic.dylib
0x000000006034b000 	/System/Library/PrivateFrameworks/MetalPerformanceShaders.framework/Versions/A/MetalPerformanceShaders
0x000000006034b000 	/System/Library/PrivateFrameworks/FaceCore.framework/Versions/A/FaceCore
0x000000006034b000 	/System/Library/Frameworks/OpenCL.framework/Versions/A/OpenCL
0x000000006034b000 	/System/Library/Frameworks/OpenGL.framework/Versions/A/Libraries/libGLU.dylib
0x000000006034b000 	/System/Library/Frameworks/OpenGL.framework/Versions/A/Libraries/libGFXShared.dylib
0x000000006034b000 	/System/Library/Frameworks/OpenGL.framework/Versions/A/Libraries/libGL.dylib
0x000000006034b000 	/System/Library/Frameworks/OpenGL.framework/Versions/A/Libraries/libGLImage.dylib
0x000000006034b000 	/System/Library/Frameworks/OpenGL.framework/Versions/A/Libraries/libCVMSPluginSupport.dylib
0x000000006034b000 	/System/Library/Frameworks/OpenGL.framework/Versions/A/Libraries/libCoreVMClient.dylib
0x000000006034b000 	/System/Library/PrivateFrameworks/CrashReporterSupport.framework/Versions/A/CrashReporterSupport
0x000000006034b000 	/System/Library/PrivateFrameworks/Sharing.framework/Versions/A/Sharing
0x000000006034b000 	/System/Library/PrivateFrameworks/IconServices.framework/Versions/A/IconServices
0x000000006034b000 	/System/Library/PrivateFrameworks/ProtocolBuffer.framework/Versions/A/ProtocolBuffer
0x000000006034b000 	/System/Library/PrivateFrameworks/Apple80211.framework/Versions/A/Apple80211
0x000000006034b000 	/System/Library/Frameworks/CoreWLAN.framework/Versions/A/CoreWLAN
0x000000006034b000 	/System/Library/PrivateFrameworks/CoreUtils.framework/Versions/A/CoreUtils
0x000000006034b000 	/System/Library/Frameworks/IOBluetooth.framework/Versions/A/IOBluetooth
0x000000006034b000 	/System/Library/PrivateFrameworks/CoreWiFi.framework/Versions/A/CoreWiFi
0x000000006034b000 	/System/Library/Frameworks/CoreBluetooth.framework/Versions/A/CoreBluetooth
0x000000006034b000 	/System/Library/Frameworks/CoreDisplay.framework/Versions/A/CoreDisplay
0x000000006034b000 	/System/Library/PrivateFrameworks/IOPresentment.framework/Versions/A/IOPresentment
0x000000006034b000 	/System/Library/PrivateFrameworks/DebugSymbols.framework/Versions/A/DebugSymbols
0x000000006034b000 	/System/Library/PrivateFrameworks/CoreSymbolication.framework/Versions/A/CoreSymbolication
0x000000006034b000 	/System/Library/PrivateFrameworks/Symbolication.framework/Versions/A/Symbolication
0x000000006034b000 	/System/Library/PrivateFrameworks/AppleFSCompression.framework/Versions/A/AppleFSCompression
0x000000006034b000 	/System/Library/PrivateFrameworks/SpeechRecognitionCore.framework/Versions/A/SpeechRecognitionCore
0x000000006034b000 	/System/Library/PrivateFrameworks/ChunkingLibrary.framework/Versions/A/ChunkingLibrary
0x0000000107a00000 	/Library/Java/JavaVirtualMachines/jdk1.8.0_121.jdk/Contents/Home/jre/lib/server/libjvm.dylib
0x000000006034b000 	/usr/lib/libstdc++.6.dylib
0x000000010719a000 	/Library/Java/JavaVirtualMachines/jdk1.8.0_121.jdk/Contents/Home/jre/lib/libverify.dylib
0x00000001071a8000 	/Library/Java/JavaVirtualMachines/jdk1.8.0_121.jdk/Contents/Home/jre/lib/libjava.dylib
0x00000001071e7000 	/Library/Java/JavaVirtualMachines/jdk1.8.0_121.jdk/Contents/Home/jre/lib/libzip.dylib
0x000000010f305000 	/System/Library/Frameworks/JavaVM.framework/Frameworks/JavaRuntimeSupport.framework/JavaRuntimeSupport
0x000000010f31f000 	/System/Library/Frameworks/JavaVM.framework/Versions/A/Frameworks/JavaNativeFoundation.framework/Versions/A/JavaNativeFoundation
0x00000001071f1000 	/System/Library/Frameworks/JavaVM.framework/Versions/A/JavaVM
0x000000006034b000 	/System/Library/Frameworks/Carbon.framework/Versions/A/Carbon
0x000000010f334000 	/System/Library/PrivateFrameworks/JavaLaunching.framework/Versions/A/JavaLaunching
0x000000006034b000 	/System/Library/Frameworks/Carbon.framework/Versions/A/Frameworks/CommonPanels.framework/Versions/A/CommonPanels
0x000000006034b000 	/System/Library/Frameworks/Carbon.framework/Versions/A/Frameworks/Help.framework/Versions/A/Help
0x000000006034b000 	/System/Library/Frameworks/Carbon.framework/Versions/A/Frameworks/ImageCapture.framework/Versions/A/ImageCapture
0x000000006034b000 	/System/Library/Frameworks/Carbon.framework/Versions/A/Frameworks/OpenScripting.framework/Versions/A/OpenScripting
0x000000006034b000 	/System/Library/Frameworks/Carbon.framework/Versions/A/Frameworks/Print.framework/Versions/A/Print
0x000000006034b000 	/System/Library/Frameworks/Carbon.framework/Versions/A/Frameworks/SecurityHI.framework/Versions/A/SecurityHI
0x0000000110c40000 	/Library/Java/JavaVirtualMachines/jdk1.8.0_121.jdk/Contents/Home/jre/lib/libawt.dylib
0x0000000110ce8000 	/Library/Java/JavaVirtualMachines/jdk1.8.0_121.jdk/Contents/Home/jre/lib/./libmlib_image.dylib
0x0000000110db4000 	/Library/Java/JavaVirtualMachines/jdk1.8.0_121.jdk/Contents/Home/jre/lib/libawt_lwawt.dylib
0x0000000110e6b000 	/Library/Java/JavaVirtualMachines/jdk1.8.0_121.jdk/Contents/Home/jre/lib/./libosxapp.dylib
0x000000006034b000 	/System/Library/Frameworks/ExceptionHandling.framework/Versions/A/ExceptionHandling
0x000000006034b000 	/System/Library/PrivateFrameworks/CoreServicesInternal.framework/Versions/A/CoreServicesInternal
0x000000006034b000 	/System/Library/CoreServices/RawCamera.bundle/Contents/MacOS/RawCamera
0x000000006034b000 	/System/Library/Frameworks/Accelerate.framework/Versions/A/Frameworks/vImage.framework/Versions/A/Libraries/libCGInterfaces.dylib
0x000000006034b000 	/System/Library/Frameworks/ApplicationServices.framework/Versions/A/Frameworks/ATS.framework/Versions/A/Resources/libTrueTypeScaler.dylib
0x000000006034b000 	/System/Library/Frameworks/OpenGL.framework/Versions/A/Resources/GLEngine.bundle/GLEngine
0x000000006034b000 	/System/Library/Frameworks/OpenGL.framework/Versions/A/Libraries/libGLProgrammability.dylib
0x0000000121e60000 	/System/Library/Extensions/AppleIntelBDWGraphicsGLDriver.bundle/Contents/MacOS/AppleIntelBDWGraphicsGLDriver
0x000000006034b000 	/System/Library/PrivateFrameworks/GPUSupport.framework/Versions/A/Libraries/libGPUSupportMercury.dylib
0x000000006034b000 	/System/Library/Frameworks/OpenGL.framework/Versions/A/Resources/GLRendererFloat.bundle/GLRendererFloat
0x000000006034b000 	/System/Library/Frameworks/OpenCL.framework/Versions/A/Libraries/libcldcpuengine.dylib
0x000000006034b000 	/usr/lib/libcrypto.0.9.8.dylib
0x000000006034b000 	/System/Library/PrivateFrameworks/TrustEvaluationAgent.framework/Versions/A/TrustEvaluationAgent
0x0000000112b66000 	/System/Library/Extensions/AppleIntelBDWGraphicsMTLDriver.bundle/Contents/MacOS/AppleIntelBDWGraphicsMTLDriver
0x000000006034b000 	/System/Library/PrivateFrameworks/FamilyControls.framework/Versions/A/FamilyControls
0x000000006034b000 	/System/Library/PrivateFrameworks/CommerceKit.framework/Versions/A/Frameworks/CommerceCore.framework/Versions/A/CommerceCore
0x000000006034b000 	/System/Library/PrivateFrameworks/SystemAdministration.framework/Versions/A/SystemAdministration
0x000000006034b000 	/System/Library/PrivateFrameworks/AppContainer.framework/Versions/A/AppContainer
0x000000006034b000 	/System/Library/PrivateFrameworks/SecCodeWrapper.framework/Versions/A/SecCodeWrapper
0x000000006034b000 	/System/Library/Frameworks/DirectoryService.framework/Versions/A/DirectoryService
0x000000006034b000 	/System/Library/PrivateFrameworks/DiskImages.framework/Versions/A/DiskImages
0x000000006034b000 	/System/Library/PrivateFrameworks/LoginUIKit.framework/Versions/A/Frameworks/LoginUICore.framework/Versions/A/LoginUICore
0x000000006034b000 	/usr/lib/libCoreStorage.dylib
0x000000006034b000 	/usr/lib/libcsfde.dylib
0x000000006034b000 	/usr/lib/libodfde.dylib
0x000000006034b000 	/System/Library/Frameworks/DiscRecording.framework/Versions/A/DiscRecording
0x000000006034b000 	/usr/lib/libcurl.4.dylib
0x000000006034b000 	/System/Library/PrivateFrameworks/MediaKit.framework/Versions/A/MediaKit
0x000000006034b000 	/System/Library/PrivateFrameworks/ProtectedCloudStorage.framework/Versions/A/ProtectedCloudStorage
0x000000006034b000 	/System/Library/PrivateFrameworks/EFILogin.framework/Versions/A/EFILogin
0x000000006034b000 	/usr/lib/libutil.dylib
0x000000006034b000 	/System/Library/Frameworks/LDAP.framework/Versions/A/LDAP
0x000000006034b000 	/usr/lib/libsasl2.2.dylib
0x000000006034b000 	/System/Library/PrivateFrameworks/CoreDaemon.framework/Versions/B/CoreDaemon
0x000000006034b000 	/System/Library/PrivateFrameworks/AppleSRP.framework/Versions/A/AppleSRP
0x000000006034b000 	/System/Library/PrivateFrameworks/APFS.framework/Versions/A/APFS
0x000000012408c000 	/Library/Java/JavaVirtualMachines/jdk1.8.0_121.jdk/Contents/Home/jre/lib/libfontmanager.dylib
0x0000000125477000 	/Library/Java/JavaVirtualMachines/jdk1.8.0_121.jdk/Contents/Home/jre/lib/libosxui.dylib
0x00000001261b9000 	/Library/Java/JavaVirtualMachines/jdk1.8.0_121.jdk/Contents/Home/jre/lib/libnet.dylib
0x0000000125f32000 	/Library/Java/JavaVirtualMachines/jdk1.8.0_121.jdk/Contents/Home/jre/lib/libnio.dylib
0x0000000151835000 	/private/var/folders/dv/8km65lfx2ys_m_537vwjv39h0000gn/T/jogamp_0000/file_cache/jln3898913177590647454/jln5588128123101946259/libgluegen-rt.jnilib
0x0000000125202000 	/private/var/folders/dv/8km65lfx2ys_m_537vwjv39h0000gn/T/jogamp_0000/file_cache/jln3898913177590647454/jln5588128123101946259/libnativewindow_awt.jnilib
0x0000000125f79000 	/Library/Java/JavaVirtualMachines/jdk1.8.0_121.jdk/Contents/Home/jre/lib/libjawt.dylib
0x0000000151839000 	/private/var/folders/dv/8km65lfx2ys_m_537vwjv39h0000gn/T/jogamp_0000/file_cache/jln3898913177590647454/jln5588128123101946259/libnativewindow_macosx.jnilib
0x0000000151876000 	/private/var/folders/dv/8km65lfx2ys_m_537vwjv39h0000gn/T/jogamp_0000/file_cache/jln3898913177590647454/jln5588128123101946259/libjogl_desktop.jnilib
0x0000000151b60000 	/Library/Java/JavaVirtualMachines/jdk1.8.0_121.jdk/Contents/Home/jre/lib/libsunec.dylib
0x0000000112739000 	/Library/Java/JavaVirtualMachines/jdk1.8.0_121.jdk/Contents/Home/jre/lib/libjpeg.dylib

VM Arguments:
jvm_args: -Djava.security.policy=java.policy.applet -Dfile.encoding=UTF-8 
java_command: sun.applet.AppletViewer module3.EarthquakeCityMap1490575657613.html
java_class_path (initial): /Users/seanippolito/Documents/workspace/UCSDUnfoldingMaps/build:/Users/seanippolito/Documents/workspace/UCSDUnfoldingMaps/lib/core.jar:/Users/seanippolito/Documents/workspace/UCSDUnfoldingMaps/lib/gluegen-rt.jar:/Users/seanippolito/Documents/workspace/UCSDUnfoldingMaps/lib/jogl-all.jar:/Users/seanippolito/Documents/workspace/UCSDUnfoldingMaps/lib/log4j-1.2.15.jar:/Users/seanippolito/Documents/workspace/UCSDUnfoldingMaps/lib/sqlite-jdbc-3.7.2.jar:/Users/seanippolito/Documents/workspace/UCSDUnfoldingMaps/lib/json4processing.jar:/Users/seanippolito/Documents/workspace/UCSDUnfoldingMaps/lib/libTUIO.jar:/Users/seanippolito/Documents/workspace/UCSDUnfoldingMaps/lib/unfolding.0.9.7-uscd.jar
Launcher Type: SUN_STANDARD

Environment Variables:
PATH=/usr/bin:/bin:/usr/sbin:/sbin
SHELL=/bin/bash

Signal Handlers:
SIGSEGV: [libjvm.dylib+0x5b1141], sa_mask[0]=11111111011111110111111111111111, sa_flags=SA_ONSTACK|SA_RESTART|SA_SIGINFO
SIGBUS: [libjvm.dylib+0x5b1141], sa_mask[0]=11111111011111110111111111111111, sa_flags=SA_RESTART|SA_SIGINFO
SIGFPE: [libjvm.dylib+0x487bc4], sa_mask[0]=11111111011111110111111111111111, sa_flags=SA_RESTART|SA_SIGINFO
SIGPIPE: [libjvm.dylib+0x487bc4], sa_mask[0]=11111111011111110111111111111111, sa_flags=SA_RESTART|SA_SIGINFO
SIGXFSZ: [libjvm.dylib+0x487bc4], sa_mask[0]=11111111011111110111111111111111, sa_flags=SA_RESTART|SA_SIGINFO
SIGILL: [libjvm.dylib+0x487bc4], sa_mask[0]=11111111011111110111111111111111, sa_flags=SA_RESTART|SA_SIGINFO
SIGUSR1: SIG_DFL, sa_mask[0]=00000000000000000000000000000000, sa_flags=none
SIGUSR2: [libjvm.dylib+0x4876e2], sa_mask[0]=00100000000000000000000000000000, sa_flags=SA_RESTART|SA_SIGINFO
SIGHUP: [libjvm.dylib+0x485cb9], sa_mask[0]=11111111011111110111111111111111, sa_flags=SA_RESTART|SA_SIGINFO
SIGINT: [libjvm.dylib+0x485cb9], sa_mask[0]=11111111011111110111111111111111, sa_flags=SA_RESTART|SA_SIGINFO
SIGTERM: [libjvm.dylib+0x485cb9], sa_mask[0]=11111111011111110111111111111111, sa_flags=SA_RESTART|SA_SIGINFO
SIGQUIT: [libjvm.dylib+0x485cb9], sa_mask[0]=11111111011111110111111111111111, sa_flags=SA_RESTART|SA_SIGINFO


---------------  S Y S T E M  ---------------

OS:Bsduname:Darwin 16.4.0 Darwin Kernel Version 16.4.0: Thu Dec 22 22:53:21 PST 2016; root:xnu-3789.41.3~3/RELEASE_X86_64 x86_64
rlimit: STACK 8192k, CORE 0k, NPROC 709, NOFILE 10240, AS infinity
load average:2.97 2.67 2.19

CPU:total 4 (2 cores per cpu, 2 threads per core) family 6 model 61 stepping 4, cmov, cx8, fxsr, mmx, sse, sse2, sse3, ssse3, sse4.1, sse4.2, popcnt, avx, avx2, aes, clmul, erms, 3dnowpref, lzcnt, ht, tsc, tscinvbit, bmi1, bmi2, adx

Memory: 4k page, physical 8388608k(138496k free)

/proc/meminfo:


vm_info: Java HotSpot(TM) 64-Bit Server VM (25.121-b13) for bsd-amd64 JRE (1.8.0_121-b13), built on Dec 12 2016 20:39:32 by "java_re" with gcc 4.2.1 (Based on Apple Inc. build 5658) (LLVM build 2336.11.00)

time: Sun Mar 26 17:57:46 2017
elapsed time: 608 seconds (0d 0h 10m 8s)

