#
# A fatal error has been detected by the Java Runtime Environment:
#
#  SIGSEGV (0xb) at pc=0x00007fffea362b5d, pid=1806, tid=0x0000000000000307
#
# JRE version: Java(TM) SE Runtime Environment (8.0_121-b13) (build 1.8.0_121-b13)
# Java VM: Java HotSpot(TM) 64-Bit Server VM (25.121-b13 mixed mode bsd-amd64 compressed oops)
# Problematic frame:
# C  [libobjc.A.dylib+0x6b5d]  objc_msgSend+0x1d
#
# Failed to write core dump. Core dumps have been disabled. To enable core dumping, try "ulimit -c unlimited" before starting Java again
#
# If you would like to submit a bug report, please visit:
#   http://bugreport.java.com/bugreport/crash.jsp
# The crash happened outside the Java Virtual Machine in native code.
# See problematic frame for where to report the bug.
#

---------------  T H R E A D  ---------------

Current thread (0x00007f90ec907000):  JavaThread "AWT-AppKit" daemon [_thread_in_native, id=775, stack(0x00007fff5e28e000,0x00007fff5ea8e000)]

siginfo: si_signo: 11 (SIGSEGV), si_code: 1 (SEGV_MAPERR), si_addr: 0x0000000000000018

Registers:
RAX=0x00007f90ebee2260, RBX=0x000000014b8ca450, RCX=0x00007f90ee300660, RDX=0x0000000000000000
RSP=0x00007fff5ea89428, RBP=0x00007fff5ea894e0, RSI=0x00007fffd3e4e9af, RDI=0x00007f90ebef1c00
R8 =0x0000000000000018, R9 =0x00007f90ee301110, R10=0x0000000000000000, R11=0x00007fffd3e4e9af
R12=0x0000000000000000, R13=0x0000000151b58608, R14=0x000000014b8ca440, R15=0x00007f90ec907000
RIP=0x00007fffea362b5d, EFLAGS=0x0000000000010246, ERR=0x0000000000000004
  TRAPNO=0x000000000000000e

Top of Stack: (sp=0x00007fff5ea89428)
0x00007fff5ea89428:   000000014b8c8157 00007fff5ea89480
0x00007fff5ea89438:   0000000000000003 00007fff5ea89460
0x00007fff5ea89448:   00000001013e1c62 0000000151b58608
0x00007fff5ea89458:   0000000151b58608 00007f90ebee2260
0x00007fff5ea89468:   000000014b8ca6a0 000000014b8ca710
0x00007fff5ea89478:   00007ffff03c36d0 00007ffff1031030
0x00007fff5ea89488:   000000014b8ca450 000000014b8ca690
0x00007fff5ea89498:   00007f90ebee2260 00007f90ebef1c00
0x00007fff5ea894a8:   00007f90ebd20450 00007f90ebee2260
0x00007fff5ea894b8:   00007f90ebef1c00 00007fff5ea89568
0x00007fff5ea894c8:   00007f90ec9071f8 0000000151b58608
0x00007fff5ea894d8:   00007fff5ea89590 00007fff5ea89558
0x00007fff5ea894e8:   000000010c3139f4 0000000151b58608
0x00007fff5ea894f8:   00007fff5ea89590 00007fff5ea89558
0x00007fff5ea89508:   000000010c313787 000000010c313742
0x00007fff5ea89518:   00007fff5ea89518 0000000151b58608
0x00007fff5ea89528:   00007fff5ea89590 0000000151b5b240
0x00007fff5ea89538:   0000000000000000 0000000151b58608
0x00007fff5ea89548:   0000000000000000 00007fff5ea89578
0x00007fff5ea89558:   00007fff5ea895d8 000000010c3042bd
0x00007fff5ea89568:   000000074031a430 000000010c30d538
0x00007fff5ea89578:   00007f90ebee2260 00007fff5ea895d8
0x00007fff5ea89588:   00007f90ebef1c00 000000010c30ee02
0x00007fff5ea89598:   00007fff5ea89598 0000000151b587d2
0x00007fff5ea895a8:   00007fff5ea89600 0000000151b5b240
0x00007fff5ea895b8:   0000000000000000 0000000151b587e0
0x00007fff5ea895c8:   00007fff5ea89578 00007fff5ea895e8
0x00007fff5ea895d8:   00007fff5ea89648 000000010c3042bd
0x00007fff5ea895e8:   00007f90ebee2260 0000000797f3d098
0x00007fff5ea895f8:   00007f90ebef1c00 0000000797f3d098
0x00007fff5ea89608:   00007fff5ea89608 0000000154b80e56
0x00007fff5ea89618:   00007fff5ea89658 0000000154b80f10 

Instructions: (pc=0x00007fffea362b5d)
0x00007fffea362b3d:   0f 1f 00 48 85 ff 2e 74 62 40 f6 c7 01 2e 75 66
0x00007fffea362b4d:   49 ba f8 ff ff ff ff 7f 00 00 4c 23 17 49 89 f3
0x00007fffea362b5d:   45 23 5a 18 49 c1 e3 04 4d 03 5a 10 49 3b 33 75
0x00007fffea362b6d:   04 41 ff 63 08 49 83 3b 01 76 0d 49 83 c3 10 49 

Register to memory mapping:

RAX=0x00007f90ebee2260 is an unknown value
RBX=0x000000014b8ca450: Java_jogamp_nativewindow_macosx_OSXUtil_GetScreenRefreshRate0+0x1cf0 in /private/var/folders/dv/8km65lfx2ys_m_537vwjv39h0000gn/T/jogamp_0000/file_cache/jln3119312976297575401/jln25188882611322815/libnativewindow_macosx.jnilib at 0x000000014b8c3000
RCX=0x00007f90ee300660 is an unknown value
RDX=0x0000000000000000 is an unknown value
RSP=0x00007fff5ea89428 is pointing into the stack for thread: 0x00007f90ec907000
RBP=0x00007fff5ea894e0 is pointing into the stack for thread: 0x00007f90ec907000
RSI=0x00007fffd3e4e9af: __NSStyleNameIndexTable+0x7f720 in /System/Library/Frameworks/AppKit.framework/Versions/C/AppKit at 0x00007fffd31e7000
RDI=0x00007f90ebef1c00 is an unknown value
R8 =0x0000000000000018 is an unknown value
R9 =0x00007f90ee301110 is an unknown value
R10=0x0000000000000000 is an unknown value
R11=0x00007fffd3e4e9af: __NSStyleNameIndexTable+0x7f720 in /System/Library/Frameworks/AppKit.framework/Versions/C/AppKit at 0x00007fffd31e7000
R12=0x0000000000000000 is an unknown value
R13={method} {0x0000000151b58608} 'UnsetJAWTRootSurfaceLayer0' '(JJ)V' in 'jogamp/nativewindow/jawt/macosx/MacOSXJAWTWindow'
R14=0x000000014b8ca440: Java_jogamp_nativewindow_macosx_OSXUtil_GetScreenRefreshRate0+0x1ce0 in /private/var/folders/dv/8km65lfx2ys_m_537vwjv39h0000gn/T/jogamp_0000/file_cache/jln3119312976297575401/jln25188882611322815/libnativewindow_macosx.jnilib at 0x000000014b8c3000
R15=0x00007f90ec907000 is a thread


Stack: [0x00007fff5e28e000,0x00007fff5ea8e000],  sp=0x00007fff5ea89428,  free space=8173k
Native frames: (J=compiled Java code, j=interpreted, Vv=VM code, C=native code)
C  [libobjc.A.dylib+0x6b5d]  objc_msgSend+0x1d
j  jogamp.nativewindow.jawt.macosx.MacOSXJAWTWindow.UnsetJAWTRootSurfaceLayer0(JJ)V+0
j  jogamp.nativewindow.jawt.macosx.MacOSXJAWTWindow.access$200(JJ)V+2
j  jogamp.nativewindow.jawt.macosx.MacOSXJAWTWindow$1.run()V+38
j  com.jogamp.common.util.RunnableTask.run()V+24
v  ~StubRoutines::call_stub
V  [libjvm.dylib+0x2ed9d6]  JavaCalls::call_helper(JavaValue*, methodHandle*, JavaCallArguments*, Thread*)+0x6ae
V  [libjvm.dylib+0x324b65]  jni_invoke_nonstatic(JNIEnv_*, JavaValue*, _jobject*, JNICallType, _jmethodID*, JNI_ArgumentPusher*, Thread*)+0x2ec
V  [libjvm.dylib+0x317333]  jni_CallVoidMethod+0x16b
C  [libnativewindow_macosx.jnilib+0x5326]  Java_jogamp_nativewindow_jawt_macosx_MacOSXJAWTWindow_UnsetJAWTRootSurfaceLayer0+0x2b6
C  [Foundation+0x7188a]  __NSThreadPerformPerform+0x146
C  [CoreFoundation+0xa7981]  __CFRUNLOOP_IS_CALLING_OUT_TO_A_SOURCE0_PERFORM_FUNCTION__+0x11
C  [CoreFoundation+0x88a7d]  __CFRunLoopDoSources0+0x22d
C  [CoreFoundation+0x87f76]  __CFRunLoopRun+0x3a6
C  [CoreFoundation+0x87974]  CFRunLoopRunSpecific+0x1a4
C  [HIToolbox+0x30a5c]  RunCurrentEventLoopInMode+0xf0
C  [HIToolbox+0x30799]  ReceiveNextEventCommon+0xb8
C  [HIToolbox+0x306c6]  _BlockUntilNextEventMatchingListInModeWithFilter+0x47
C  [AppKit+0x475b4]  _DPSNextEvent+0x460
C  [AppKit+0x7c1d6b]  -[NSApplication(NSEvent) _nextEventMatchingEventMask:untilDate:inMode:dequeue:]+0xae5
C  [libosxapp.dylib+0x23aa]  -[NSApplicationAWT nextEventMatchingMask:untilDate:inMode:dequeue:]+0x7c
C  [AppKit+0x3bf35]  -[NSApplication run]+0x39e
C  [libosxapp.dylib+0x214d]  +[NSApplicationAWT runAWTLoopWithApp:]+0x9c
C  [libawt_lwawt.dylib+0x45ff7]  -[AWTStarter starter:]+0x389
C  [Foundation+0x7188a]  __NSThreadPerformPerform+0x146
C  [CoreFoundation+0xa7981]  __CFRUNLOOP_IS_CALLING_OUT_TO_A_SOURCE0_PERFORM_FUNCTION__+0x11
C  [CoreFoundation+0x88a7d]  __CFRunLoopDoSources0+0x22d
C  [CoreFoundation+0x87f76]  __CFRunLoopRun+0x3a6
C  [CoreFoundation+0x87974]  CFRunLoopRunSpecific+0x1a4
C  [java+0x6465]  CreateExecutionEnvironment+0x367
C  [java+0x218c]  JLI_Launch+0x7a0
C  [java+0x84c2]  main+0x65
C  [java+0x19e4]  start+0x34
C  0x0000000000000007

Java frames: (J=compiled Java code, j=interpreted, Vv=VM code)
j  jogamp.nativewindow.jawt.macosx.MacOSXJAWTWindow.UnsetJAWTRootSurfaceLayer0(JJ)V+0
j  jogamp.nativewindow.jawt.macosx.MacOSXJAWTWindow.access$200(JJ)V+2
j  jogamp.nativewindow.jawt.macosx.MacOSXJAWTWindow$1.run()V+38
j  com.jogamp.common.util.RunnableTask.run()V+24
v  ~StubRoutines::call_stub

---------------  P R O C E S S  ---------------

Java Threads: ( => current thread )
  0x00007f90ec09f000 JavaThread "Thread-3" [_thread_blocked, id=62171, stack(0x000070000d930000,0x000070000da30000)]
  0x00007f90ed2e9800 JavaThread "AWT-EventQueue-1" [_thread_in_native, id=61863, stack(0x000070000d82d000,0x000070000d92d000)]
  0x00007f90ed800000 JavaThread "DestroyJavaVM" [_thread_blocked, id=6915, stack(0x000070000c162000,0x000070000c262000)]
  0x00007f90ec14f800 JavaThread "AWT-EventQueue-0" [_thread_blocked, id=60419, stack(0x000070000d5a4000,0x000070000d6a4000)]
  0x00007f90ec163800 JavaThread "Java2D Disposer" daemon [_thread_blocked, id=57103, stack(0x000070000d31b000,0x000070000d41b000)]
  0x00007f90ed177800 JavaThread "Java2D Queue Flusher" daemon [_thread_blocked, id=47923, stack(0x000070000d218000,0x000070000d318000)]
  0x00007f90ed0a6000 JavaThread "AWT-Shutdown" [_thread_blocked, id=30495, stack(0x000070000d092000,0x000070000d192000)]
=>0x00007f90ec907000 JavaThread "AWT-AppKit" daemon [_thread_in_native, id=775, stack(0x00007fff5e28e000,0x00007fff5ea8e000)]
  0x00007f90ec866800 JavaThread "Service Thread" daemon [_thread_blocked, id=18435, stack(0x000070000ce09000,0x000070000cf09000)]
  0x00007f90ec84f800 JavaThread "C1 CompilerThread2" daemon [_thread_blocked, id=17923, stack(0x000070000cd06000,0x000070000ce06000)]
  0x00007f90ec84e800 JavaThread "C2 CompilerThread1" daemon [_thread_blocked, id=17411, stack(0x000070000cc03000,0x000070000cd03000)]
  0x00007f90ec84e000 JavaThread "C2 CompilerThread0" daemon [_thread_blocked, id=16899, stack(0x000070000cb00000,0x000070000cc00000)]
  0x00007f90ec84d000 JavaThread "Signal Dispatcher" daemon [_thread_blocked, id=16387, stack(0x000070000c9fd000,0x000070000cafd000)]
  0x00007f90ec826800 JavaThread "Finalizer" daemon [_thread_blocked, id=12291, stack(0x000070000c877000,0x000070000c977000)]
  0x00007f90ec824000 JavaThread "Reference Handler" daemon [_thread_blocked, id=11779, stack(0x000070000c774000,0x000070000c874000)]

Other Threads:
  0x00007f90ed82e800 VMThread [stack: 0x000070000c671000,0x000070000c771000] [id=11267]
  0x00007f90ed00e800 WatcherThread [stack: 0x000070000cf0c000,0x000070000d00c000] [id=18947]

VM state:not at safepoint (normal execution)

VM Mutex/Monitor currently owned by a thread: None

Heap:
 PSYoungGen      total 38400K, used 11656K [0x0000000795580000, 0x0000000798000000, 0x00000007c0000000)
  eden space 33280K, 19% used [0x0000000795580000,0x0000000795bea1a8,0x0000000797600000)
  from space 5120K, 99% used [0x0000000797b00000,0x0000000797ff8080,0x0000000798000000)
  to   space 5120K, 0% used [0x0000000797600000,0x0000000797600000,0x0000000797b00000)
 ParOldGen       total 87552K, used 14518K [0x0000000740000000, 0x0000000745580000, 0x0000000795580000)
  object space 87552K, 16% used [0x0000000740000000,0x0000000740e2d950,0x0000000745580000)
 Metaspace       used 18816K, capacity 19035K, committed 19200K, reserved 1067008K
  class space    used 1867K, capacity 1944K, committed 2048K, reserved 1048576K

Card table byte_map: [0x0000000102dc0000,0x00000001031c1000] byte_map_base: 0x00000000ff3c0000

Marking Bits: (ParMarkBitMap*) 0x0000000101adfd30
 Begin Bits: [0x000000010346c000, 0x000000010546c000)
 End Bits:   [0x000000010546c000, 0x000000010746c000)

Polling page: 0x00000001021d4000

CodeCache: size=245760Kb used=7409Kb max_used=7458Kb free=238350Kb
 bounds [0x000000010c2fc000, 0x000000010ca4c000, 0x000000011b2fc000]
 total_blobs=2893 nmethods=2018 adapters=789
 compilation: enabled

Compilation events (10 events):
Event: 370.687 Thread 0x00007f90ec84e000 2049       4       sun.java2d.SurfaceData::pixelFor (13 bytes)
Event: 370.688 Thread 0x00007f90ec84e000 nmethod 2049 0x000000010ca49050 code [0x000000010ca491a0, 0x000000010ca49278]
Event: 370.688 Thread 0x00007f90ec84e800 2050       4       java.awt.geom.AffineTransform::getTranslateX (5 bytes)
Event: 370.689 Thread 0x00007f90ec84f800 2051       2       java.awt.geom.AffineTransform::getTranslateY (5 bytes)
Event: 370.689 Thread 0x00007f90ec84f800 nmethod 2051 0x000000010c40ed90 code [0x000000010c40eee0, 0x000000010c40f030]
Event: 370.689 Thread 0x00007f90ec84e800 nmethod 2050 0x000000010c8d6390 code [0x000000010c8d64e0, 0x000000010c8d6538]
Event: 370.701 Thread 0x00007f90ec84f800 2052   !   3       java.awt.AWTEvent::dispatched (47 bytes)
Event: 370.702 Thread 0x00007f90ec84f800 nmethod 2052 0x000000010c45f250 code [0x000000010c45f440, 0x000000010c45fe78]
Event: 370.719 Thread 0x00007f90ec84e000 2053       4       java.beans.WeakIdentityMap$Entry::isMatched (22 bytes)
Event: 370.720 Thread 0x00007f90ec84e000 nmethod 2053 0x000000010c464ed0 code [0x000000010c465020, 0x000000010c4650d8]

GC Heap History (8 events):
Event: 2.232 GC heap before
{Heap before GC invocations=1 (full 0):
 PSYoungGen      total 38400K, used 33280K [0x0000000795580000, 0x0000000798000000, 0x00000007c0000000)
  eden space 33280K, 100% used [0x0000000795580000,0x0000000797600000,0x0000000797600000)
  from space 5120K, 0% used [0x0000000797b00000,0x0000000797b00000,0x0000000798000000)
  to   space 5120K, 0% used [0x0000000797600000,0x0000000797600000,0x0000000797b00000)
 ParOldGen       total 87552K, used 0K [0x0000000740000000, 0x0000000745580000, 0x0000000795580000)
  object space 87552K, 0% used [0x0000000740000000,0x0000000740000000,0x0000000745580000)
 Metaspace       used 15939K, capacity 16227K, committed 16384K, reserved 1064960K
  class space    used 1618K, capacity 1716K, committed 1792K, reserved 1048576K
Event: 2.238 GC heap after
Heap after GC invocations=1 (full 0):
 PSYoungGen      total 38400K, used 4902K [0x0000000795580000, 0x0000000798000000, 0x00000007c0000000)
  eden space 33280K, 0% used [0x0000000795580000,0x0000000795580000,0x0000000797600000)
  from space 5120K, 95% used [0x0000000797600000,0x0000000797ac9b10,0x0000000797b00000)
  to   space 5120K, 0% used [0x0000000797b00000,0x0000000797b00000,0x0000000798000000)
 ParOldGen       total 87552K, used 16K [0x0000000740000000, 0x0000000745580000, 0x0000000795580000)
  object space 87552K, 0% used [0x0000000740000000,0x0000000740004000,0x0000000745580000)
 Metaspace       used 15939K, capacity 16227K, committed 16384K, reserved 1064960K
  class space    used 1618K, capacity 1716K, committed 1792K, reserved 1048576K
}
Event: 4.311 GC heap before
{Heap before GC invocations=2 (full 0):
 PSYoungGen      total 38400K, used 35504K [0x0000000795580000, 0x0000000798000000, 0x00000007c0000000)
  eden space 33280K, 91% used [0x0000000795580000,0x00000007973626d8,0x0000000797600000)
  from space 5120K, 95% used [0x0000000797600000,0x0000000797ac9b10,0x0000000797b00000)
  to   space 5120K, 0% used [0x0000000797b00000,0x0000000797b00000,0x0000000798000000)
 ParOldGen       total 87552K, used 16K [0x0000000740000000, 0x0000000745580000, 0x0000000795580000)
  object space 87552K, 0% used [0x0000000740000000,0x0000000740004000,0x0000000745580000)
 Metaspace       used 18046K, capacity 18315K, committed 18432K, reserved 1064960K
  class space    used 1857K, capacity 1942K, committed 2048K, reserved 1048576K
Event: 4.322 GC heap after
Heap after GC invocations=2 (full 0):
 PSYoungGen      total 38400K, used 5088K [0x0000000795580000, 0x0000000798000000, 0x00000007c0000000)
  eden space 33280K, 0% used [0x0000000795580000,0x0000000795580000,0x0000000797600000)
  from space 5120K, 99% used [0x0000000797b00000,0x0000000797ff80a0,0x0000000798000000)
  to   space 5120K, 0% used [0x0000000797600000,0x0000000797600000,0x0000000797b00000)
 ParOldGen       total 87552K, used 14302K [0x0000000740000000, 0x0000000745580000, 0x0000000795580000)
  object space 87552K, 16% used [0x0000000740000000,0x0000000740df7950,0x0000000745580000)
 Metaspace       used 18046K, capacity 18315K, committed 18432K, reserved 1064960K
  class space    used 1857K, capacity 1942K, committed 2048K, reserved 1048576K
}
Event: 144.043 GC heap before
{Heap before GC invocations=3 (full 0):
 PSYoungGen      total 38400K, used 38368K [0x0000000795580000, 0x0000000798000000, 0x00000007c0000000)
  eden space 33280K, 100% used [0x0000000795580000,0x0000000797600000,0x0000000797600000)
  from space 5120K, 99% used [0x0000000797b00000,0x0000000797ff80a0,0x0000000798000000)
  to   space 5120K, 0% used [0x0000000797600000,0x0000000797600000,0x0000000797b00000)
 ParOldGen       total 87552K, used 14302K [0x0000000740000000, 0x0000000745580000, 0x0000000795580000)
  object space 87552K, 16% used [0x0000000740000000,0x0000000740df7950,0x0000000745580000)
 Metaspace       used 18743K, capacity 19035K, committed 19200K, reserved 1067008K
  class space    used 1859K, capacity 1944K, committed 2048K, reserved 1048576K
Event: 144.050 GC heap after
Heap after GC invocations=3 (full 0):
 PSYoungGen      total 38400K, used 5104K [0x0000000795580000, 0x0000000798000000, 0x00000007c0000000)
  eden space 33280K, 0% used [0x0000000795580000,0x0000000795580000,0x0000000797600000)
  from space 5120K, 99% used [0x0000000797600000,0x0000000797afc070,0x0000000797b00000)
  to   space 5120K, 0% used [0x0000000797b00000,0x0000000797b00000,0x0000000798000000)
 ParOldGen       total 87552K, used 14438K [0x0000000740000000, 0x0000000745580000, 0x0000000795580000)
  object space 87552K, 16% used [0x0000000740000000,0x0000000740e19950,0x0000000745580000)
 Metaspace       used 18743K, capacity 19035K, committed 19200K, reserved 1067008K
  class space    used 1859K, capacity 1944K, committed 2048K, reserved 1048576K
}
Event: 342.692 GC heap before
{Heap before GC invocations=4 (full 0):
 PSYoungGen      total 38400K, used 38384K [0x0000000795580000, 0x0000000798000000, 0x00000007c0000000)
  eden space 33280K, 100% used [0x0000000795580000,0x0000000797600000,0x0000000797600000)
  from space 5120K, 99% used [0x0000000797600000,0x0000000797afc070,0x0000000797b00000)
  to   space 5120K, 0% used [0x0000000797b00000,0x0000000797b00000,0x0000000798000000)
 ParOldGen       total 87552K, used 14438K [0x0000000740000000, 0x0000000745580000, 0x0000000795580000)
  object space 87552K, 16% used [0x0000000740000000,0x0000000740e19950,0x0000000745580000)
 Metaspace       used 18743K, capacity 19035K, committed 19200K, reserved 1067008K
  class space    used 1859K, capacity 1944K, committed 2048K, reserved 1048576K
Event: 342.698 GC heap after
Heap after GC invocations=4 (full 0):
 PSYoungGen      total 38400K, used 5088K [0x0000000795580000, 0x0000000798000000, 0x00000007c0000000)
  eden space 33280K, 0% used [0x0000000795580000,0x0000000795580000,0x0000000797600000)
  from space 5120K, 99% used [0x0000000797b00000,0x0000000797ff8080,0x0000000798000000)
  to   space 5120K, 0% used [0x0000000797600000,0x0000000797600000,0x0000000797b00000)
 ParOldGen       total 87552K, used 14518K [0x0000000740000000, 0x0000000745580000, 0x0000000795580000)
  object space 87552K, 16% used [0x0000000740000000,0x0000000740e2d950,0x0000000745580000)
 Metaspace       used 18743K, capacity 19035K, committed 19200K, reserved 1067008K
  class space    used 1859K, capacity 1944K, committed 2048K, reserved 1048576K
}

Deoptimization events (10 events):
Event: 370.701 Thread 0x00007f90ed2e9800 Uncommon trap: reason=class_check action=maybe_recompile pc=0x000000010c9c4bd8 method=java.awt.event.InvocationEvent.dispatch()V @ 11
Event: 370.718 Thread 0x00007f90ed195000 Uncommon trap: reason=unstable_if action=reinterpret pc=0x000000010c94b784 method=java.util.HashMap.putVal(ILjava/lang/Object;Ljava/lang/Object;ZZ)Ljava/lang/Object; @ 81
Event: 370.719 Thread 0x00007f90ec14f800 Uncommon trap: reason=class_check action=maybe_recompile pc=0x000000010c9a520c method=java.awt.Component.getGraphics()Ljava/awt/Graphics; @ 114
Event: 370.719 Thread 0x00007f90ed2e9800 Uncommon trap: reason=unstable_if action=reinterpret pc=0x000000010c9cf32c method=java.awt.EventQueue.isDispatchThreadImpl()Z @ 65
Event: 370.720 Thread 0x00007f90ec907000 Uncommon trap: reason=class_check action=maybe_recompile pc=0x000000010c4c6c80 method=com.jogamp.common.util.RunnableTask.run()V @ 24
Event: 370.721 Thread 0x00007f90ec907000 Uncommon trap: reason=unstable_if action=reinterpret pc=0x000000010c42093c method=jogamp.nativewindow.macosx.OSXUtil.RunOnMainThread(ZZLjava/lang/Runnable;)V @ 3
Event: 370.727 Thread 0x00007f90ed2e9800 Uncommon trap: reason=unstable_if action=reinterpret pc=0x000000010c9d9d84 method=jogamp.opengl.GLContextImpl.release(Z)V @ 161
Event: 370.729 Thread 0x00007f90ed2e9800 Uncommon trap: reason=unstable_if action=reinterpret pc=0x000000010c95ad58 method=java.util.LinkedList$ListItr.<init>(Ljava/util/LinkedList;I)V @ 26
Event: 370.730 Thread 0x00007f90ed2e9800 Uncommon trap: reason=unstable_if action=reinterpret pc=0x000000010c903cf0 method=java.security.AccessControlContext.optimize()Ljava/security/AccessControlContext; @ 233
Event: 370.731 Thread 0x00007f90ec907000 Uncommon trap: reason=class_check action=maybe_recompile pc=0x000000010c4c6c80 method=com.jogamp.common.util.RunnableTask.run()V @ 24

Internal exceptions (10 events):
Event: 0.228 Thread 0x00007f90ed800000 Exception <a 'java/lang/NoSuchFieldError': method resolution failed> (0x0000000795793df8) thrown at [/Users/java_re/workspace/8-2-build-macosx-x86_64/jdk8u121/8372/hotspot/src/share/vm/prims/methodHandles.cpp, line 1146]
Event: 0.408 Thread 0x00007f90ed800000 Exception <a 'java/io/FileNotFoundException'> (0x000000079580f3c0) thrown at [/Users/java_re/workspace/8-2-build-macosx-x86_64/jdk8u121/8372/hotspot/src/share/vm/prims/jni.cpp, line 709]
Event: 0.408 Thread 0x00007f90ed800000 Exception <a 'java/io/FileNotFoundException'> (0x000000079580ff60) thrown at [/Users/java_re/workspace/8-2-build-macosx-x86_64/jdk8u121/8372/hotspot/src/share/vm/prims/jni.cpp, line 709]
Event: 0.508 Thread 0x00007f90ed800000 Exception <a 'java/io/FileNotFoundException'> (0x000000079594c2e8) thrown at [/Users/java_re/workspace/8-2-build-macosx-x86_64/jdk8u121/8372/hotspot/src/share/vm/prims/jni.cpp, line 709]
Event: 1.969 Thread 0x00007f90ed224000 Exception <a 'java/lang/UnsatisfiedLinkError': com.jogamp.common.util.JarUtil.fixNativeLibAttribs(Ljava/lang/String;)Z> (0x0000000796bcfe38) thrown at [/Users/java_re/workspace/8-2-build-macosx-x86_64/jdk8u121/8372/hotspot/src/share/vm/prims/nativeLookup.
Event: 2.239 Thread 0x00007f90ec826800 Exception <a 'java/lang/NullPointerException'> (0x00000007956a6340) thrown at [/Users/java_re/workspace/8-2-build-macosx-x86_64/jdk8u121/8372/hotspot/src/share/vm/interpreter/linkResolver.cpp, line 1178]
Event: 4.158 Thread 0x00007f90ed2e9800 Exception <a 'java/io/FileNotFoundException'> (0x0000000796b8cd10) thrown at [/Users/java_re/workspace/8-2-build-macosx-x86_64/jdk8u121/8372/hotspot/src/share/vm/prims/jni.cpp, line 709]
Event: 4.159 Thread 0x00007f90ed2e9800 Exception <a 'java/io/FileNotFoundException'> (0x0000000796b93368) thrown at [/Users/java_re/workspace/8-2-build-macosx-x86_64/jdk8u121/8372/hotspot/src/share/vm/prims/jni.cpp, line 709]
Event: 4.159 Thread 0x00007f90ed2e9800 Implicit null exception at 0x000000010c4b7df6 to 0x000000010c4b81c5
Event: 4.364 Thread 0x00007f90ed2e9800 Implicit null exception at 0x000000010c6e80ea to 0x000000010c6e8155

Events (10 events):
Event: 370.730 loading class java/awt/LightweightDispatcher$2
Event: 370.730 loading class java/awt/LightweightDispatcher$2 done
Event: 370.730 loading class java/awt/event/AWTEventListenerProxy
Event: 370.730 loading class java/awt/event/AWTEventListenerProxy done
Event: 370.730 loading class java/awt/Toolkit$ToolkitEventMulticaster
Event: 370.730 loading class java/awt/Toolkit$ToolkitEventMulticaster done
Event: 370.731 Thread 0x00007f90ec907000 Uncommon trap: trap_request=0xffffffde fr.pc=0x000000010c4c6c80
Event: 370.731 Thread 0x00007f90ec907000 DEOPT PACKING pc=0x000000010c4c6c80 sp=0x00007fff5ea896a0
Event: 370.731 Thread 0x00007f90ec907000 DEOPT UNPACKING pc=0x000000010c301229 sp=0x00007fff5ea89648 mode 2
Event: 370.731 Thread 0x00007f90ed195000 Thread exited: 0x00007f90ed195000


Dynamic libraries:
0x000000006034b000 	/System/Library/Frameworks/Cocoa.framework/Versions/A/Cocoa
0x000000006034b000 	/System/Library/Frameworks/Security.framework/Versions/A/Security
0x000000006034b000 	/System/Library/Frameworks/ApplicationServices.framework/Versions/A/ApplicationServices
0x000000006034b000 	/usr/lib/libz.1.dylib
0x000000006034b000 	/usr/lib/libSystem.B.dylib
0x000000006034b000 	/usr/lib/libobjc.A.dylib
0x000000006034b000 	/System/Library/Frameworks/CoreFoundation.framework/Versions/A/CoreFoundation
0x000000006034b000 	/System/Library/Frameworks/Foundation.framework/Versions/C/Foundation
0x000000006034b000 	/System/Library/Frameworks/AppKit.framework/Versions/C/AppKit
0x000000006034b000 	/System/Library/Frameworks/CoreData.framework/Versions/A/CoreData
0x000000006034b000 	/System/Library/PrivateFrameworks/RemoteViewServices.framework/Versions/A/RemoteViewServices
0x000000006034b000 	/System/Library/PrivateFrameworks/UIFoundation.framework/Versions/A/UIFoundation
0x000000006034b000 	/System/Library/PrivateFrameworks/DFRFoundation.framework/Versions/A/DFRFoundation
0x000000006034b000 	/usr/lib/libenergytrace.dylib
0x000000006034b000 	/System/Library/PrivateFrameworks/SkyLight.framework/Versions/A/SkyLight
0x000000006034b000 	/System/Library/Frameworks/CoreGraphics.framework/Versions/A/CoreGraphics
0x000000006034b000 	/usr/lib/libScreenReader.dylib
0x000000006034b000 	/System/Library/Frameworks/Accelerate.framework/Versions/A/Accelerate
0x000000006034b000 	/System/Library/Frameworks/IOSurface.framework/Versions/A/IOSurface
0x000000006034b000 	/System/Library/Frameworks/AudioToolbox.framework/Versions/A/AudioToolbox
0x000000006034b000 	/System/Library/Frameworks/AudioUnit.framework/Versions/A/AudioUnit
0x000000006034b000 	/System/Library/PrivateFrameworks/DataDetectorsCore.framework/Versions/A/DataDetectorsCore
0x000000006034b000 	/System/Library/PrivateFrameworks/DesktopServicesPriv.framework/Versions/A/DesktopServicesPriv
0x000000006034b000 	/System/Library/Frameworks/Carbon.framework/Versions/A/Frameworks/HIToolbox.framework/Versions/A/HIToolbox
0x000000006034b000 	/usr/lib/libicucore.A.dylib
0x000000006034b000 	/System/Library/Frameworks/QuartzCore.framework/Versions/A/QuartzCore
0x000000006034b000 	/System/Library/Frameworks/Carbon.framework/Versions/A/Frameworks/SpeechRecognition.framework/Versions/A/SpeechRecognition
0x000000006034b000 	/usr/lib/libauto.dylib
0x000000006034b000 	/usr/lib/libxml2.2.dylib
0x000000006034b000 	/System/Library/PrivateFrameworks/CoreUI.framework/Versions/A/CoreUI
0x000000006034b000 	/System/Library/Frameworks/CoreAudio.framework/Versions/A/CoreAudio
0x000000006034b000 	/System/Library/Frameworks/DiskArbitration.framework/Versions/A/DiskArbitration
0x000000006034b000 	/usr/lib/liblangid.dylib
0x000000006034b000 	/System/Library/PrivateFrameworks/MultitouchSupport.framework/Versions/A/MultitouchSupport
0x000000006034b000 	/System/Library/Frameworks/IOKit.framework/Versions/A/IOKit
0x000000006034b000 	/usr/lib/libDiagnosticMessagesClient.dylib
0x000000006034b000 	/System/Library/Frameworks/CoreServices.framework/Versions/A/CoreServices
0x000000006034b000 	/System/Library/PrivateFrameworks/PerformanceAnalysis.framework/Versions/A/PerformanceAnalysis
0x000000006034b000 	/System/Library/PrivateFrameworks/GenerationalStorage.framework/Versions/A/GenerationalStorage
0x000000006034b000 	/System/Library/Frameworks/OpenGL.framework/Versions/A/OpenGL
0x000000006034b000 	/System/Library/Frameworks/CoreImage.framework/Versions/A/CoreImage
0x000000006034b000 	/System/Library/Frameworks/CoreText.framework/Versions/A/CoreText
0x000000006034b000 	/System/Library/Frameworks/ImageIO.framework/Versions/A/ImageIO
0x000000006034b000 	/System/Library/PrivateFrameworks/Backup.framework/Versions/A/Backup
0x000000006034b000 	/usr/lib/libarchive.2.dylib
0x000000006034b000 	/System/Library/Frameworks/CFNetwork.framework/Versions/A/CFNetwork
0x000000006034b000 	/System/Library/Frameworks/SystemConfiguration.framework/Versions/A/SystemConfiguration
0x000000006034b000 	/usr/lib/libCRFSuite.dylib
0x000000006034b000 	/usr/lib/libc++.1.dylib
0x000000006034b000 	/usr/lib/libc++abi.dylib
0x000000006034b000 	/usr/lib/system/libcache.dylib
0x000000006034b000 	/usr/lib/system/libcommonCrypto.dylib
0x000000006034b000 	/usr/lib/system/libcompiler_rt.dylib
0x000000006034b000 	/usr/lib/system/libcopyfile.dylib
0x000000006034b000 	/usr/lib/system/libcorecrypto.dylib
0x000000006034b000 	/usr/lib/system/libdispatch.dylib
0x000000006034b000 	/usr/lib/system/libdyld.dylib
0x000000006034b000 	/usr/lib/system/libkeymgr.dylib
0x000000006034b000 	/usr/lib/system/liblaunch.dylib
0x000000006034b000 	/usr/lib/system/libmacho.dylib
0x000000006034b000 	/usr/lib/system/libquarantine.dylib
0x000000006034b000 	/usr/lib/system/libremovefile.dylib
0x000000006034b000 	/usr/lib/system/libsystem_asl.dylib
0x000000006034b000 	/usr/lib/system/libsystem_blocks.dylib
0x000000006034b000 	/usr/lib/system/libsystem_c.dylib
0x000000006034b000 	/usr/lib/system/libsystem_configuration.dylib
0x000000006034b000 	/usr/lib/system/libsystem_coreservices.dylib
0x000000006034b000 	/usr/lib/system/libsystem_coretls.dylib
0x000000006034b000 	/usr/lib/system/libsystem_dnssd.dylib
0x000000006034b000 	/usr/lib/system/libsystem_info.dylib
0x000000006034b000 	/usr/lib/system/libsystem_kernel.dylib
0x000000006034b000 	/usr/lib/system/libsystem_m.dylib
0x000000006034b000 	/usr/lib/system/libsystem_malloc.dylib
0x000000006034b000 	/usr/lib/system/libsystem_network.dylib
0x000000006034b000 	/usr/lib/system/libsystem_networkextension.dylib
0x000000006034b000 	/usr/lib/system/libsystem_notify.dylib
0x000000006034b000 	/usr/lib/system/libsystem_platform.dylib
0x000000006034b000 	/usr/lib/system/libsystem_pthread.dylib
0x000000006034b000 	/usr/lib/system/libsystem_sandbox.dylib
0x000000006034b000 	/usr/lib/system/libsystem_secinit.dylib
0x000000006034b000 	/usr/lib/system/libsystem_symptoms.dylib
0x000000006034b000 	/usr/lib/system/libsystem_trace.dylib
0x000000006034b000 	/usr/lib/system/libunwind.dylib
0x000000006034b000 	/usr/lib/system/libxpc.dylib
0x000000006034b000 	/usr/lib/libbsm.0.dylib
0x000000006034b000 	/usr/lib/system/libkxld.dylib
0x000000006034b000 	/usr/lib/libcoretls.dylib
0x000000006034b000 	/usr/lib/libcoretls_cfhelpers.dylib
0x000000006034b000 	/usr/lib/libxar.1.dylib
0x000000006034b000 	/usr/lib/libsqlite3.dylib
0x000000006034b000 	/usr/lib/libpam.2.dylib
0x000000006034b000 	/usr/lib/libOpenScriptingUtil.dylib
0x000000006034b000 	/usr/lib/libbz2.1.0.dylib
0x000000006034b000 	/usr/lib/liblzma.5.dylib
0x000000006034b000 	/usr/lib/libnetwork.dylib
0x000000006034b000 	/usr/lib/libpcap.A.dylib
0x000000006034b000 	/System/Library/Frameworks/CoreServices.framework/Versions/A/Frameworks/FSEvents.framework/Versions/A/FSEvents
0x000000006034b000 	/System/Library/Frameworks/CoreServices.framework/Versions/A/Frameworks/CarbonCore.framework/Versions/A/CarbonCore
0x000000006034b000 	/System/Library/Frameworks/CoreServices.framework/Versions/A/Frameworks/Metadata.framework/Versions/A/Metadata
0x000000006034b000 	/System/Library/Frameworks/CoreServices.framework/Versions/A/Frameworks/OSServices.framework/Versions/A/OSServices
0x000000006034b000 	/System/Library/Frameworks/CoreServices.framework/Versions/A/Frameworks/SearchKit.framework/Versions/A/SearchKit
0x000000006034b000 	/System/Library/Frameworks/CoreServices.framework/Versions/A/Frameworks/AE.framework/Versions/A/AE
0x000000006034b000 	/System/Library/Frameworks/CoreServices.framework/Versions/A/Frameworks/LaunchServices.framework/Versions/A/LaunchServices
0x000000006034b000 	/System/Library/Frameworks/CoreServices.framework/Versions/A/Frameworks/DictionaryServices.framework/Versions/A/DictionaryServices
0x000000006034b000 	/System/Library/Frameworks/CoreServices.framework/Versions/A/Frameworks/SharedFileList.framework/Versions/A/SharedFileList
0x000000006034b000 	/System/Library/Frameworks/NetFS.framework/Versions/A/NetFS
0x000000006034b000 	/System/Library/PrivateFrameworks/NetAuth.framework/Versions/A/NetAuth
0x000000006034b000 	/System/Library/PrivateFrameworks/login.framework/Versions/A/Frameworks/loginsupport.framework/Versions/A/loginsupport
0x000000006034b000 	/System/Library/PrivateFrameworks/TCC.framework/Versions/A/TCC
0x000000006034b000 	/usr/lib/libmecabra.dylib
0x000000006034b000 	/System/Library/Frameworks/ApplicationServices.framework/Versions/A/Frameworks/ATS.framework/Versions/A/ATS
0x000000006034b000 	/System/Library/Frameworks/ApplicationServices.framework/Versions/A/Frameworks/ColorSync.framework/Versions/A/ColorSync
0x000000006034b000 	/System/Library/Frameworks/ApplicationServices.framework/Versions/A/Frameworks/HIServices.framework/Versions/A/HIServices
0x000000006034b000 	/System/Library/Frameworks/ApplicationServices.framework/Versions/A/Frameworks/LangAnalysis.framework/Versions/A/LangAnalysis
0x000000006034b000 	/System/Library/Frameworks/ApplicationServices.framework/Versions/A/Frameworks/PrintCore.framework/Versions/A/PrintCore
0x000000006034b000 	/System/Library/Frameworks/ApplicationServices.framework/Versions/A/Frameworks/QD.framework/Versions/A/QD
0x000000006034b000 	/System/Library/Frameworks/ApplicationServices.framework/Versions/A/Frameworks/SpeechSynthesis.framework/Versions/A/SpeechSynthesis
0x000000006034b000 	/System/Library/Frameworks/Accelerate.framework/Versions/A/Frameworks/vImage.framework/Versions/A/vImage
0x000000006034b000 	/System/Library/Frameworks/Accelerate.framework/Versions/A/Frameworks/vecLib.framework/Versions/A/vecLib
0x000000006034b000 	/System/Library/Frameworks/Accelerate.framework/Versions/A/Frameworks/vecLib.framework/Versions/A/libvDSP.dylib
0x000000006034b000 	/System/Library/Frameworks/Accelerate.framework/Versions/A/Frameworks/vecLib.framework/Versions/A/libBNNS.dylib
0x000000006034b000 	/System/Library/Frameworks/Accelerate.framework/Versions/A/Frameworks/vecLib.framework/Versions/A/libQuadrature.dylib
0x000000006034b000 	/System/Library/Frameworks/Accelerate.framework/Versions/A/Frameworks/vecLib.framework/Versions/A/libvMisc.dylib
0x000000006034b000 	/System/Library/Frameworks/Accelerate.framework/Versions/A/Frameworks/vecLib.framework/Versions/A/libLAPACK.dylib
0x000000006034b000 	/System/Library/Frameworks/Accelerate.framework/Versions/A/Frameworks/vecLib.framework/Versions/A/libBLAS.dylib
0x000000006034b000 	/System/Library/Frameworks/Accelerate.framework/Versions/A/Frameworks/vecLib.framework/Versions/A/libLinearAlgebra.dylib
0x000000006034b000 	/System/Library/Frameworks/Accelerate.framework/Versions/A/Frameworks/vecLib.framework/Versions/A/libSparseBLAS.dylib
0x000000006034b000 	/System/Library/Frameworks/ApplicationServices.framework/Versions/A/Frameworks/ATS.framework/Versions/A/Resources/libFontParser.dylib
0x000000006034b000 	/System/Library/Frameworks/ApplicationServices.framework/Versions/A/Frameworks/ATS.framework/Versions/A/Resources/libFontRegistry.dylib
0x000000006034b000 	/System/Library/Frameworks/ImageIO.framework/Versions/A/Resources/libJPEG.dylib
0x000000006034b000 	/System/Library/Frameworks/ImageIO.framework/Versions/A/Resources/libTIFF.dylib
0x000000006034b000 	/System/Library/Frameworks/ImageIO.framework/Versions/A/Resources/libPng.dylib
0x000000006034b000 	/System/Library/Frameworks/ImageIO.framework/Versions/A/Resources/libGIF.dylib
0x000000006034b000 	/System/Library/Frameworks/ImageIO.framework/Versions/A/Resources/libJP2.dylib
0x000000006034b000 	/System/Library/Frameworks/ImageIO.framework/Versions/A/Resources/libRadiance.dylib
0x000000006034b000 	/usr/lib/libcompression.dylib
0x000000006034b000 	/System/Library/PrivateFrameworks/AppleJPEG.framework/Versions/A/AppleJPEG
0x000000006034b000 	/usr/lib/libcups.2.dylib
0x000000006034b000 	/System/Library/Frameworks/Kerberos.framework/Versions/A/Kerberos
0x000000006034b000 	/System/Library/Frameworks/GSS.framework/Versions/A/GSS
0x000000006034b000 	/usr/lib/libresolv.9.dylib
0x000000006034b000 	/usr/lib/libiconv.2.dylib
0x000000006034b000 	/System/Library/PrivateFrameworks/Heimdal.framework/Versions/A/Heimdal
0x000000006034b000 	/usr/lib/libheimdal-asn1.dylib
0x000000006034b000 	/System/Library/Frameworks/OpenDirectory.framework/Versions/A/OpenDirectory
0x000000006034b000 	/System/Library/PrivateFrameworks/CommonAuth.framework/Versions/A/CommonAuth
0x000000006034b000 	/System/Library/Frameworks/OpenDirectory.framework/Versions/A/Frameworks/CFOpenDirectory.framework/Versions/A/CFOpenDirectory
0x000000006034b000 	/System/Library/Frameworks/SecurityFoundation.framework/Versions/A/SecurityFoundation
0x000000006034b000 	/System/Library/PrivateFrameworks/LanguageModeling.framework/Versions/A/LanguageModeling
0x000000006034b000 	/usr/lib/libmarisa.dylib
0x000000006034b000 	/usr/lib/libChineseTokenizer.dylib
0x000000006034b000 	/usr/lib/libcmph.dylib
0x000000006034b000 	/System/Library/PrivateFrameworks/CoreEmoji.framework/Versions/A/CoreEmoji
0x000000006034b000 	/System/Library/Frameworks/ServiceManagement.framework/Versions/A/ServiceManagement
0x000000006034b000 	/usr/lib/libxslt.1.dylib
0x000000006034b000 	/System/Library/Frameworks/Carbon.framework/Versions/A/Frameworks/Ink.framework/Versions/A/Ink
0x000000006034b000 	/System/Library/PrivateFrameworks/TextureIO.framework/Versions/A/TextureIO
0x000000006034b000 	/System/Library/Frameworks/Metal.framework/Versions/A/Metal
0x000000006034b000 	/usr/lib/libate.dylib
0x000000006034b000 	/System/Library/PrivateFrameworks/GPUCompiler.framework/libmetal_timestamp.dylib
0x000000006034b000 	/System/Library/Frameworks/OpenGL.framework/Versions/A/Libraries/libCoreFSCache.dylib
0x000000006034b000 	/System/Library/PrivateFrameworks/IOAccelerator.framework/Versions/A/IOAccelerator
0x000000006034b000 	/System/Library/Frameworks/CoreVideo.framework/Versions/A/CoreVideo
0x000000006034b000 	/usr/lib/libFosl_dynamic.dylib
0x000000006034b000 	/System/Library/PrivateFrameworks/MetalPerformanceShaders.framework/Versions/A/MetalPerformanceShaders
0x000000006034b000 	/System/Library/PrivateFrameworks/FaceCore.framework/Versions/A/FaceCore
0x000000006034b000 	/System/Library/Frameworks/OpenCL.framework/Versions/A/OpenCL
0x000000006034b000 	/System/Library/Frameworks/OpenGL.framework/Versions/A/Libraries/libGLU.dylib
0x000000006034b000 	/System/Library/Frameworks/OpenGL.framework/Versions/A/Libraries/libGFXShared.dylib
0x000000006034b000 	/System/Library/Frameworks/OpenGL.framework/Versions/A/Libraries/libGL.dylib
0x000000006034b000 	/System/Library/Frameworks/OpenGL.framework/Versions/A/Libraries/libGLImage.dylib
0x000000006034b000 	/System/Library/Frameworks/OpenGL.framework/Versions/A/Libraries/libCVMSPluginSupport.dylib
0x000000006034b000 	/System/Library/Frameworks/OpenGL.framework/Versions/A/Libraries/libCoreVMClient.dylib
0x000000006034b000 	/System/Library/PrivateFrameworks/CrashReporterSupport.framework/Versions/A/CrashReporterSupport
0x000000006034b000 	/System/Library/PrivateFrameworks/Sharing.framework/Versions/A/Sharing
0x000000006034b000 	/System/Library/PrivateFrameworks/IconServices.framework/Versions/A/IconServices
0x000000006034b000 	/System/Library/PrivateFrameworks/ProtocolBuffer.framework/Versions/A/ProtocolBuffer
0x000000006034b000 	/System/Library/PrivateFrameworks/Apple80211.framework/Versions/A/Apple80211
0x000000006034b000 	/System/Library/Frameworks/CoreWLAN.framework/Versions/A/CoreWLAN
0x000000006034b000 	/System/Library/PrivateFrameworks/CoreUtils.framework/Versions/A/CoreUtils
0x000000006034b000 	/System/Library/Frameworks/IOBluetooth.framework/Versions/A/IOBluetooth
0x000000006034b000 	/System/Library/PrivateFrameworks/CoreWiFi.framework/Versions/A/CoreWiFi
0x000000006034b000 	/System/Library/Frameworks/CoreBluetooth.framework/Versions/A/CoreBluetooth
0x000000006034b000 	/System/Library/Frameworks/CoreDisplay.framework/Versions/A/CoreDisplay
0x000000006034b000 	/System/Library/PrivateFrameworks/IOPresentment.framework/Versions/A/IOPresentment
0x000000006034b000 	/System/Library/PrivateFrameworks/DebugSymbols.framework/Versions/A/DebugSymbols
0x000000006034b000 	/System/Library/PrivateFrameworks/CoreSymbolication.framework/Versions/A/CoreSymbolication
0x000000006034b000 	/System/Library/PrivateFrameworks/Symbolication.framework/Versions/A/Symbolication
0x000000006034b000 	/System/Library/PrivateFrameworks/AppleFSCompression.framework/Versions/A/AppleFSCompression
0x000000006034b000 	/System/Library/PrivateFrameworks/SpeechRecognitionCore.framework/Versions/A/SpeechRecognitionCore
0x000000006034b000 	/System/Library/PrivateFrameworks/ChunkingLibrary.framework/Versions/A/ChunkingLibrary
0x00000001011ef000 	/Library/Java/JavaVirtualMachines/jdk1.8.0_121.jdk/Contents/Home/jre/lib/server/libjvm.dylib
0x000000006034b000 	/usr/lib/libstdc++.6.dylib
0x0000000102191000 	/Library/Java/JavaVirtualMachines/jdk1.8.0_121.jdk/Contents/Home/jre/lib/libverify.dylib
0x000000010219f000 	/Library/Java/JavaVirtualMachines/jdk1.8.0_121.jdk/Contents/Home/jre/lib/libjava.dylib
0x00000001021de000 	/Library/Java/JavaVirtualMachines/jdk1.8.0_121.jdk/Contents/Home/jre/lib/libzip.dylib
0x0000000109363000 	/System/Library/Frameworks/JavaVM.framework/Frameworks/JavaRuntimeSupport.framework/JavaRuntimeSupport
0x00000001021e8000 	/System/Library/Frameworks/JavaVM.framework/Versions/A/Frameworks/JavaNativeFoundation.framework/Versions/A/JavaNativeFoundation
0x000000010937d000 	/System/Library/Frameworks/JavaVM.framework/Versions/A/JavaVM
0x000000006034b000 	/System/Library/Frameworks/Carbon.framework/Versions/A/Carbon
0x000000010938a000 	/System/Library/PrivateFrameworks/JavaLaunching.framework/Versions/A/JavaLaunching
0x000000006034b000 	/System/Library/Frameworks/Carbon.framework/Versions/A/Frameworks/CommonPanels.framework/Versions/A/CommonPanels
0x000000006034b000 	/System/Library/Frameworks/Carbon.framework/Versions/A/Frameworks/Help.framework/Versions/A/Help
0x000000006034b000 	/System/Library/Frameworks/Carbon.framework/Versions/A/Frameworks/ImageCapture.framework/Versions/A/ImageCapture
0x000000006034b000 	/System/Library/Frameworks/Carbon.framework/Versions/A/Frameworks/OpenScripting.framework/Versions/A/OpenScripting
0x000000006034b000 	/System/Library/Frameworks/Carbon.framework/Versions/A/Frameworks/Print.framework/Versions/A/Print
0x000000006034b000 	/System/Library/Frameworks/Carbon.framework/Versions/A/Frameworks/SecurityHI.framework/Versions/A/SecurityHI
0x000000010ac96000 	/Library/Java/JavaVirtualMachines/jdk1.8.0_121.jdk/Contents/Home/jre/lib/libawt.dylib
0x000000010ad3e000 	/Library/Java/JavaVirtualMachines/jdk1.8.0_121.jdk/Contents/Home/jre/lib/./libmlib_image.dylib
0x000000010ae0a000 	/Library/Java/JavaVirtualMachines/jdk1.8.0_121.jdk/Contents/Home/jre/lib/libawt_lwawt.dylib
0x000000010aec1000 	/Library/Java/JavaVirtualMachines/jdk1.8.0_121.jdk/Contents/Home/jre/lib/./libosxapp.dylib
0x000000006034b000 	/System/Library/Frameworks/ExceptionHandling.framework/Versions/A/ExceptionHandling
0x000000006034b000 	/System/Library/PrivateFrameworks/CoreServicesInternal.framework/Versions/A/CoreServicesInternal
0x000000006034b000 	/System/Library/CoreServices/RawCamera.bundle/Contents/MacOS/RawCamera
0x000000006034b000 	/System/Library/Frameworks/Accelerate.framework/Versions/A/Frameworks/vImage.framework/Versions/A/Libraries/libCGInterfaces.dylib
0x000000006034b000 	/System/Library/Frameworks/ApplicationServices.framework/Versions/A/Frameworks/ATS.framework/Versions/A/Resources/libTrueTypeScaler.dylib
0x000000006034b000 	/System/Library/Frameworks/OpenGL.framework/Versions/A/Resources/GLEngine.bundle/GLEngine
0x000000006034b000 	/System/Library/Frameworks/OpenGL.framework/Versions/A/Libraries/libGLProgrammability.dylib
0x000000011bdf0000 	/System/Library/Extensions/AppleIntelBDWGraphicsGLDriver.bundle/Contents/MacOS/AppleIntelBDWGraphicsGLDriver
0x000000006034b000 	/System/Library/PrivateFrameworks/GPUSupport.framework/Versions/A/Libraries/libGPUSupportMercury.dylib
0x000000006034b000 	/System/Library/Frameworks/OpenGL.framework/Versions/A/Resources/GLRendererFloat.bundle/GLRendererFloat
0x000000006034b000 	/System/Library/Frameworks/OpenCL.framework/Versions/A/Libraries/libcldcpuengine.dylib
0x000000006034b000 	/usr/lib/libcrypto.0.9.8.dylib
0x000000006034b000 	/System/Library/PrivateFrameworks/TrustEvaluationAgent.framework/Versions/A/TrustEvaluationAgent
0x000000010c0eb000 	/System/Library/Extensions/AppleIntelBDWGraphicsMTLDriver.bundle/Contents/MacOS/AppleIntelBDWGraphicsMTLDriver
0x000000006034b000 	/System/Library/PrivateFrameworks/FamilyControls.framework/Versions/A/FamilyControls
0x000000006034b000 	/System/Library/PrivateFrameworks/CommerceKit.framework/Versions/A/Frameworks/CommerceCore.framework/Versions/A/CommerceCore
0x000000006034b000 	/System/Library/PrivateFrameworks/SystemAdministration.framework/Versions/A/SystemAdministration
0x000000006034b000 	/System/Library/PrivateFrameworks/AppContainer.framework/Versions/A/AppContainer
0x000000006034b000 	/System/Library/PrivateFrameworks/SecCodeWrapper.framework/Versions/A/SecCodeWrapper
0x000000006034b000 	/System/Library/Frameworks/DirectoryService.framework/Versions/A/DirectoryService
0x000000006034b000 	/System/Library/PrivateFrameworks/DiskImages.framework/Versions/A/DiskImages
0x000000006034b000 	/System/Library/PrivateFrameworks/LoginUIKit.framework/Versions/A/Frameworks/LoginUICore.framework/Versions/A/LoginUICore
0x000000006034b000 	/usr/lib/libCoreStorage.dylib
0x000000006034b000 	/usr/lib/libcsfde.dylib
0x000000006034b000 	/usr/lib/libodfde.dylib
0x000000006034b000 	/System/Library/Frameworks/DiscRecording.framework/Versions/A/DiscRecording
0x000000006034b000 	/usr/lib/libcurl.4.dylib
0x000000006034b000 	/System/Library/PrivateFrameworks/MediaKit.framework/Versions/A/MediaKit
0x000000006034b000 	/System/Library/PrivateFrameworks/ProtectedCloudStorage.framework/Versions/A/ProtectedCloudStorage
0x000000006034b000 	/System/Library/PrivateFrameworks/EFILogin.framework/Versions/A/EFILogin
0x000000006034b000 	/usr/lib/libutil.dylib
0x000000006034b000 	/System/Library/Frameworks/LDAP.framework/Versions/A/LDAP
0x000000006034b000 	/usr/lib/libsasl2.2.dylib
0x000000006034b000 	/System/Library/PrivateFrameworks/CoreDaemon.framework/Versions/B/CoreDaemon
0x000000006034b000 	/System/Library/PrivateFrameworks/AppleSRP.framework/Versions/A/AppleSRP
0x000000006034b000 	/System/Library/PrivateFrameworks/APFS.framework/Versions/A/APFS
0x000000011e0e0000 	/Library/Java/JavaVirtualMachines/jdk1.8.0_121.jdk/Contents/Home/jre/lib/libfontmanager.dylib
0x000000011f4bf000 	/Library/Java/JavaVirtualMachines/jdk1.8.0_121.jdk/Contents/Home/jre/lib/libosxui.dylib
0x00000001201ef000 	/Library/Java/JavaVirtualMachines/jdk1.8.0_121.jdk/Contents/Home/jre/lib/libnet.dylib
0x0000000120206000 	/Library/Java/JavaVirtualMachines/jdk1.8.0_121.jdk/Contents/Home/jre/lib/libnio.dylib
0x000000011f206000 	/private/var/folders/dv/8km65lfx2ys_m_537vwjv39h0000gn/T/jogamp_0000/file_cache/jln3119312976297575401/jln25188882611322815/libgluegen-rt.jnilib
0x000000011ffb8000 	/private/var/folders/dv/8km65lfx2ys_m_537vwjv39h0000gn/T/jogamp_0000/file_cache/jln3119312976297575401/jln25188882611322815/libnativewindow_awt.jnilib
0x000000014b8c0000 	/Library/Java/JavaVirtualMachines/jdk1.8.0_121.jdk/Contents/Home/jre/lib/libjawt.dylib
0x000000014b8c3000 	/private/var/folders/dv/8km65lfx2ys_m_537vwjv39h0000gn/T/jogamp_0000/file_cache/jln3119312976297575401/jln25188882611322815/libnativewindow_macosx.jnilib
0x000000014bec4000 	/private/var/folders/dv/8km65lfx2ys_m_537vwjv39h0000gn/T/jogamp_0000/file_cache/jln3119312976297575401/jln25188882611322815/libjogl_desktop.jnilib
0x000000014bb5b000 	/Library/Java/JavaVirtualMachines/jdk1.8.0_121.jdk/Contents/Home/jre/lib/libjpeg.dylib

VM Arguments:
jvm_args: -Djava.security.policy=java.policy.applet -Dfile.encoding=UTF-8 
java_command: sun.applet.AppletViewer module1.HelloWorld1490506827451.html
java_class_path (initial): /Users/seanippolito/Documents/workspace/UCSDUnfoldingMaps/build:/Users/seanippolito/Documents/workspace/UCSDUnfoldingMaps/lib/core.jar:/Users/seanippolito/Documents/workspace/UCSDUnfoldingMaps/lib/gluegen-rt.jar:/Users/seanippolito/Documents/workspace/UCSDUnfoldingMaps/lib/jogl-all.jar:/Users/seanippolito/Documents/workspace/UCSDUnfoldingMaps/lib/log4j-1.2.15.jar:/Users/seanippolito/Documents/workspace/UCSDUnfoldingMaps/lib/sqlite-jdbc-3.7.2.jar:/Users/seanippolito/Documents/workspace/UCSDUnfoldingMaps/lib/json4processing.jar:/Users/seanippolito/Documents/workspace/UCSDUnfoldingMaps/lib/libTUIO.jar:/Users/seanippolito/Documents/workspace/UCSDUnfoldingMaps/lib/unfolding.0.9.7-uscd.jar
Launcher Type: SUN_STANDARD

Environment Variables:
PATH=/usr/bin:/bin:/usr/sbin:/sbin
SHELL=/bin/bash

Signal Handlers:
SIGSEGV: [libjvm.dylib+0x5b1141], sa_mask[0]=11111111011111110111111111111111, sa_flags=SA_ONSTACK|SA_RESTART|SA_SIGINFO
SIGBUS: [libjvm.dylib+0x5b1141], sa_mask[0]=11111111011111110111111111111111, sa_flags=SA_RESTART|SA_SIGINFO
SIGFPE: [libjvm.dylib+0x487bc4], sa_mask[0]=11111111011111110111111111111111, sa_flags=SA_RESTART|SA_SIGINFO
SIGPIPE: [libjvm.dylib+0x487bc4], sa_mask[0]=11111111011111110111111111111111, sa_flags=SA_RESTART|SA_SIGINFO
SIGXFSZ: [libjvm.dylib+0x487bc4], sa_mask[0]=11111111011111110111111111111111, sa_flags=SA_RESTART|SA_SIGINFO
SIGILL: [libjvm.dylib+0x487bc4], sa_mask[0]=11111111011111110111111111111111, sa_flags=SA_RESTART|SA_SIGINFO
SIGUSR1: SIG_DFL, sa_mask[0]=00000000000000000000000000000000, sa_flags=none
SIGUSR2: [libjvm.dylib+0x4876e2], sa_mask[0]=00100000000000000000000000000000, sa_flags=SA_RESTART|SA_SIGINFO
SIGHUP: [libjvm.dylib+0x485cb9], sa_mask[0]=11111111011111110111111111111111, sa_flags=SA_RESTART|SA_SIGINFO
SIGINT: [libjvm.dylib+0x485cb9], sa_mask[0]=11111111011111110111111111111111, sa_flags=SA_RESTART|SA_SIGINFO
SIGTERM: [libjvm.dylib+0x485cb9], sa_mask[0]=11111111011111110111111111111111, sa_flags=SA_RESTART|SA_SIGINFO
SIGQUIT: [libjvm.dylib+0x485cb9], sa_mask[0]=11111111011111110111111111111111, sa_flags=SA_RESTART|SA_SIGINFO


---------------  S Y S T E M  ---------------

OS:Bsduname:Darwin 16.4.0 Darwin Kernel Version 16.4.0: Thu Dec 22 22:53:21 PST 2016; root:xnu-3789.41.3~3/RELEASE_X86_64 x86_64
rlimit: STACK 8192k, CORE 0k, NPROC 709, NOFILE 10240, AS infinity
load average:1.56 1.76 1.95

CPU:total 4 (2 cores per cpu, 2 threads per core) family 6 model 61 stepping 4, cmov, cx8, fxsr, mmx, sse, sse2, sse3, ssse3, sse4.1, sse4.2, popcnt, avx, avx2, aes, clmul, erms, 3dnowpref, lzcnt, ht, tsc, tscinvbit, bmi1, bmi2, adx

Memory: 4k page, physical 8388608k(595888k free)

/proc/meminfo:


vm_info: Java HotSpot(TM) 64-Bit Server VM (25.121-b13) for bsd-amd64 JRE (1.8.0_121-b13), built on Dec 12 2016 20:39:32 by "java_re" with gcc 4.2.1 (Based on Apple Inc. build 5658) (LLVM build 2336.11.00)

time: Sat Mar 25 22:46:38 2017
elapsed time: 370 seconds (0d 0h 6m 10s)

