#
# A fatal error has been detected by the Java Runtime Environment:
#
#  SIGSEGV (0xb) at pc=0x00007fffea362b5d, pid=2560, tid=0x0000000000000307
#
# JRE version: Java(TM) SE Runtime Environment (8.0_121-b13) (build 1.8.0_121-b13)
# Java VM: Java HotSpot(TM) 64-Bit Server VM (25.121-b13 mixed mode bsd-amd64 compressed oops)
# Problematic frame:
# C  [libobjc.A.dylib+0x6b5d]  objc_msgSend+0x1d
#
# Failed to write core dump. Core dumps have been disabled. To enable core dumping, try "ulimit -c unlimited" before starting Java again
#
# If you would like to submit a bug report, please visit:
#   http://bugreport.java.com/bugreport/crash.jsp
# The crash happened outside the Java Virtual Machine in native code.
# See problematic frame for where to report the bug.
#

---------------  T H R E A D  ---------------

Current thread (0x00007fee00938800):  JavaThread "AWT-AppKit" daemon [_thread_in_native, id=775, stack(0x00007fff5e3a7000,0x00007fff5eba7000)]

siginfo: si_signo: 11 (SIGSEGV), si_code: 1 (SEGV_MAPERR), si_addr: 0x0000000000000018

Registers:
RAX=0x00007fedff6b1460, RBX=0x000000010ae4d450, RCX=0x00007fee01e00000, RDX=0x0000000000000000
RSP=0x00007fff5eba2428, RBP=0x00007fff5eba24e0, RSI=0x00007fffd3e4e9af, RDI=0x00007fedff6af4e0
R8 =0x0000000000000018, R9 =0x00007fee01e00050, R10=0x0000000000000000, R11=0x00007fffd3e4e9af
R12=0x0000000000000000, R13=0x0000000150524fb8, R14=0x000000010ae4d440, R15=0x00007fee00938800
RIP=0x00007fffea362b5d, EFLAGS=0x0000000000010246, ERR=0x0000000000000004
  TRAPNO=0x000000000000000e

Top of Stack: (sp=0x00007fff5eba2428)
0x00007fff5eba2428:   000000010ae4b157 00007fff5eba2480
0x00007fff5eba2438:   0000000000000003 00007fff5eba2460
0x00007fff5eba2448:   0000000101bf2c62 0000000150524fb8
0x00007fff5eba2458:   0000000150524fb8 00007fedff6b1460
0x00007fff5eba2468:   000000010ae4d6a0 000000010ae4d710
0x00007fff5eba2478:   00007ffff03c36d0 00007ffff1031030
0x00007fff5eba2488:   000000010ae4d450 000000010ae4d690
0x00007fff5eba2498:   00007fedff6b1460 00007fedff6af4e0
0x00007fff5eba24a8:   00007fedff7507c0 00007fedff6b1460
0x00007fff5eba24b8:   00007fedff6af4e0 00007fff5eba2568
0x00007fff5eba24c8:   00007fee009389f8 0000000150524fb8
0x00007fff5eba24d8:   00007fff5eba2590 00007fff5eba2558
0x00007fff5eba24e8:   0000000110c409f4 0000000150524fb8
0x00007fff5eba24f8:   00007fff5eba2590 00007fff5eba2558
0x00007fff5eba2508:   0000000110c40787 0000000110c40742
0x00007fff5eba2518:   00007fff5eba2518 0000000150524fb8
0x00007fff5eba2528:   00007fff5eba2590 0000000150527bf0
0x00007fff5eba2538:   0000000000000000 0000000150524fb8
0x00007fff5eba2548:   0000000000000000 00007fff5eba2578
0x00007fff5eba2558:   00007fff5eba25d8 0000000110c312bd
0x00007fff5eba2568:   000000074114f4b0 0000000110c3a538
0x00007fff5eba2578:   00007fedff6b1460 00007fff5eba25d8
0x00007fff5eba2588:   00007fedff6af4e0 0000000110c3be02
0x00007fff5eba2598:   00007fff5eba2598 0000000150525182
0x00007fff5eba25a8:   00007fff5eba2600 0000000150527bf0
0x00007fff5eba25b8:   0000000000000000 0000000150525190
0x00007fff5eba25c8:   00007fff5eba2578 00007fff5eba25e8
0x00007fff5eba25d8:   00007fff5eba2648 0000000110c312bd
0x00007fff5eba25e8:   00007fedff6b1460 0000000740b84620
0x00007fff5eba25f8:   00007fedff6af4e0 0000000740b84620
0x00007fff5eba2608:   00007fff5eba2608 00000001543b0366
0x00007fff5eba2618:   00007fff5eba2658 00000001543b0420 

Instructions: (pc=0x00007fffea362b5d)
0x00007fffea362b3d:   0f 1f 00 48 85 ff 2e 74 62 40 f6 c7 01 2e 75 66
0x00007fffea362b4d:   49 ba f8 ff ff ff ff 7f 00 00 4c 23 17 49 89 f3
0x00007fffea362b5d:   45 23 5a 18 49 c1 e3 04 4d 03 5a 10 49 3b 33 75
0x00007fffea362b6d:   04 41 ff 63 08 49 83 3b 01 76 0d 49 83 c3 10 49 

Register to memory mapping:

RAX=0x00007fedff6b1460 is an unknown value
RBX=0x000000010ae4d450: Java_jogamp_nativewindow_macosx_OSXUtil_GetScreenRefreshRate0+0x1cf0 in /private/var/folders/dv/8km65lfx2ys_m_537vwjv39h0000gn/T/jogamp_0000/file_cache/jln7108100230032071647/jln3183450341454636018/libnativewindow_macosx.jnilib at 0x000000010ae46000
RCX=0x00007fee01e00000 is an unknown value
RDX=0x0000000000000000 is an unknown value
RSP=0x00007fff5eba2428 is pointing into the stack for thread: 0x00007fee00938800
RBP=0x00007fff5eba24e0 is pointing into the stack for thread: 0x00007fee00938800
RSI=0x00007fffd3e4e9af: __NSStyleNameIndexTable+0x7f720 in /System/Library/Frameworks/AppKit.framework/Versions/C/AppKit at 0x00007fffd31e7000
RDI=0x00007fedff6af4e0 is an unknown value
R8 =0x0000000000000018 is an unknown value
R9 =0x00007fee01e00050 is an unknown value
R10=0x0000000000000000 is an unknown value
R11=0x00007fffd3e4e9af: __NSStyleNameIndexTable+0x7f720 in /System/Library/Frameworks/AppKit.framework/Versions/C/AppKit at 0x00007fffd31e7000
R12=0x0000000000000000 is an unknown value
R13={method} {0x0000000150524fb8} 'UnsetJAWTRootSurfaceLayer0' '(JJ)V' in 'jogamp/nativewindow/jawt/macosx/MacOSXJAWTWindow'
R14=0x000000010ae4d440: Java_jogamp_nativewindow_macosx_OSXUtil_GetScreenRefreshRate0+0x1ce0 in /private/var/folders/dv/8km65lfx2ys_m_537vwjv39h0000gn/T/jogamp_0000/file_cache/jln7108100230032071647/jln3183450341454636018/libnativewindow_macosx.jnilib at 0x000000010ae46000
R15=0x00007fee00938800 is a thread


Stack: [0x00007fff5e3a7000,0x00007fff5eba7000],  sp=0x00007fff5eba2428,  free space=8173k
Native frames: (J=compiled Java code, j=interpreted, Vv=VM code, C=native code)
C  [libobjc.A.dylib+0x6b5d]  objc_msgSend+0x1d
j  jogamp.nativewindow.jawt.macosx.MacOSXJAWTWindow.UnsetJAWTRootSurfaceLayer0(JJ)V+0
j  jogamp.nativewindow.jawt.macosx.MacOSXJAWTWindow.access$200(JJ)V+2
j  jogamp.nativewindow.jawt.macosx.MacOSXJAWTWindow$1.run()V+38
j  com.jogamp.common.util.RunnableTask.run()V+24
v  ~StubRoutines::call_stub
V  [libjvm.dylib+0x2ed9d6]  JavaCalls::call_helper(JavaValue*, methodHandle*, JavaCallArguments*, Thread*)+0x6ae
V  [libjvm.dylib+0x324b65]  jni_invoke_nonstatic(JNIEnv_*, JavaValue*, _jobject*, JNICallType, _jmethodID*, JNI_ArgumentPusher*, Thread*)+0x2ec
V  [libjvm.dylib+0x317333]  jni_CallVoidMethod+0x16b
C  [libnativewindow_macosx.jnilib+0x5326]  Java_jogamp_nativewindow_jawt_macosx_MacOSXJAWTWindow_UnsetJAWTRootSurfaceLayer0+0x2b6
C  [Foundation+0x7188a]  __NSThreadPerformPerform+0x146
C  [CoreFoundation+0xa7981]  __CFRUNLOOP_IS_CALLING_OUT_TO_A_SOURCE0_PERFORM_FUNCTION__+0x11
C  [CoreFoundation+0x889f7]  __CFRunLoopDoSources0+0x1a7
C  [CoreFoundation+0x87f76]  __CFRunLoopRun+0x3a6
C  [CoreFoundation+0x87974]  CFRunLoopRunSpecific+0x1a4
C  [HIToolbox+0x30a5c]  RunCurrentEventLoopInMode+0xf0
C  [HIToolbox+0x30799]  ReceiveNextEventCommon+0xb8
C  [HIToolbox+0x306c6]  _BlockUntilNextEventMatchingListInModeWithFilter+0x47
C  [AppKit+0x475b4]  _DPSNextEvent+0x460
C  [AppKit+0x7c1d6b]  -[NSApplication(NSEvent) _nextEventMatchingEventMask:untilDate:inMode:dequeue:]+0xae5
C  [libosxapp.dylib+0x23aa]  -[NSApplicationAWT nextEventMatchingMask:untilDate:inMode:dequeue:]+0x7c
C  [AppKit+0x3bf35]  -[NSApplication run]+0x39e
C  [libosxapp.dylib+0x214d]  +[NSApplicationAWT runAWTLoopWithApp:]+0x9c
C  [libawt_lwawt.dylib+0x45ff7]  -[AWTStarter starter:]+0x389
C  [Foundation+0x7188a]  __NSThreadPerformPerform+0x146
C  [CoreFoundation+0xa7981]  __CFRUNLOOP_IS_CALLING_OUT_TO_A_SOURCE0_PERFORM_FUNCTION__+0x11
C  [CoreFoundation+0x88a7d]  __CFRunLoopDoSources0+0x22d
C  [CoreFoundation+0x87f76]  __CFRunLoopRun+0x3a6
C  [CoreFoundation+0x87974]  CFRunLoopRunSpecific+0x1a4
C  [java+0x6465]  CreateExecutionEnvironment+0x367
C  [java+0x218c]  JLI_Launch+0x7a0
C  [java+0x84c2]  main+0x65
C  [java+0x19e4]  start+0x34
C  0x0000000000000007

Java frames: (J=compiled Java code, j=interpreted, Vv=VM code)
j  jogamp.nativewindow.jawt.macosx.MacOSXJAWTWindow.UnsetJAWTRootSurfaceLayer0(JJ)V+0
j  jogamp.nativewindow.jawt.macosx.MacOSXJAWTWindow.access$200(JJ)V+2
j  jogamp.nativewindow.jawt.macosx.MacOSXJAWTWindow$1.run()V+38
j  com.jogamp.common.util.RunnableTask.run()V+24
v  ~StubRoutines::call_stub

---------------  P R O C E S S  ---------------

Java Threads: ( => current thread )
  0x00007fedffd87000 JavaThread "Thread-135" [_thread_blocked, id=15527, stack(0x0000700007d17000,0x0000700007e17000)]
  0x00007fedffa88800 JavaThread "AWT-EventQueue-1" [_thread_in_native, id=62983, stack(0x0000700007b0e000,0x0000700007c0e000)]
  0x00007fee01398000 JavaThread "DestroyJavaVM" [_thread_blocked, id=7427, stack(0x0000700006549000,0x0000700006649000)]
  0x00007fedff9f4000 JavaThread "AWT-EventQueue-0" [_thread_blocked, id=60931, stack(0x0000700007908000,0x0000700007a08000)]
  0x00007fedff9d1000 JavaThread "Java2D Disposer" daemon [_thread_blocked, id=55051, stack(0x000070000767f000,0x000070000777f000)]
  0x00007fee0017e800 JavaThread "Java2D Queue Flusher" daemon [_thread_blocked, id=48459, stack(0x000070000757c000,0x000070000767c000)]
  0x00007fee00945000 JavaThread "AWT-Shutdown" [_thread_blocked, id=30239, stack(0x0000700007373000,0x0000700007473000)]
=>0x00007fee00938800 JavaThread "AWT-AppKit" daemon [_thread_in_native, id=775, stack(0x00007fff5e3a7000,0x00007fff5eba7000)]
  0x00007fee00089000 JavaThread "Service Thread" daemon [_thread_blocked, id=18947, stack(0x000070000716d000,0x000070000726d000)]
  0x00007fee01009000 JavaThread "C1 CompilerThread2" daemon [_thread_blocked, id=18435, stack(0x000070000706a000,0x000070000716a000)]
  0x00007fee01008800 JavaThread "C2 CompilerThread1" daemon [_thread_blocked, id=17923, stack(0x0000700006f67000,0x0000700007067000)]
  0x00007fee01006800 JavaThread "C2 CompilerThread0" daemon [_thread_blocked, id=17411, stack(0x0000700006e64000,0x0000700006f64000)]
  0x00007fee01006000 JavaThread "Signal Dispatcher" daemon [_thread_blocked, id=16899, stack(0x0000700006d61000,0x0000700006e61000)]
  0x00007fee0004b000 JavaThread "Finalizer" daemon [_thread_blocked, id=12803, stack(0x0000700006c5e000,0x0000700006d5e000)]
  0x00007fee00818800 JavaThread "Reference Handler" daemon [_thread_blocked, id=12291, stack(0x0000700006b5b000,0x0000700006c5b000)]

Other Threads:
  0x00007fee00048800 VMThread [stack: 0x0000700006a58000,0x0000700006b58000] [id=11779]
  0x00007fee0008a000 WatcherThread [stack: 0x0000700007270000,0x0000700007370000] [id=19459]

VM state:not at safepoint (normal execution)

VM Mutex/Monitor currently owned by a thread: None

Heap:
 PSYoungGen      total 24576K, used 5570K [0x0000000795580000, 0x0000000796e80000, 0x00000007c0000000)
  eden space 24064K, 22% used [0x0000000795580000,0x0000000795ad8838,0x0000000796d00000)
  from space 512K, 18% used [0x0000000796e00000,0x0000000796e18000,0x0000000796e80000)
  to   space 512K, 0% used [0x0000000796d80000,0x0000000796d80000,0x0000000796e00000)
 ParOldGen       total 87552K, used 46031K [0x0000000740000000, 0x0000000745580000, 0x0000000795580000)
  object space 87552K, 52% used [0x0000000740000000,0x0000000742cf3e88,0x0000000745580000)
 Metaspace       used 19741K, capacity 19995K, committed 20224K, reserved 1067008K
  class space    used 1908K, capacity 2008K, committed 2048K, reserved 1048576K

Card table byte_map: [0x0000000102d62000,0x0000000103163000] byte_map_base: 0x00000000ff362000

Marking Bits: (ParMarkBitMap*) 0x00000001022f0d30
 Begin Bits: [0x000000010340e000, 0x000000010540e000)
 End Bits:   [0x000000010540e000, 0x000000010740e000)

Polling page: 0x0000000101119000

CodeCache: size=245760Kb used=9484Kb max_used=9495Kb free=236275Kb
 bounds [0x0000000110c29000, 0x0000000111589000, 0x000000011fc29000]
 total_blobs=3428 nmethods=2544 adapters=797
 compilation: enabled

Compilation events (10 events):
Event: 867.795 Thread 0x00007fee01006800 2826       4       java.awt.geom.Rectangle2D::<init> (5 bytes)
Event: 867.796 Thread 0x00007fee01006800 nmethod 2826 0x0000000110e68f10 code [0x0000000110e69060, 0x0000000110e690b8]
Event: 867.820 Thread 0x00007fee01009000 2827       3       java.util.HashMap::put (13 bytes)
Event: 867.821 Thread 0x00007fee01009000 nmethod 2827 0x0000000110e62650 code [0x0000000110e627e0, 0x0000000110e62b98]
Event: 867.825 Thread 0x00007fee01009000 2828       3       sun.misc.JarIndex::get (49 bytes)
Event: 867.827 Thread 0x00007fee01009000 nmethod 2828 0x0000000111534950 code [0x0000000111534b20, 0x0000000111535398]
Event: 867.842 Thread 0x00007fee01009000 2829       1       sun.java2d.SurfaceData::isValid (5 bytes)
Event: 867.842 Thread 0x00007fee01009000 nmethod 2829 0x0000000110e62390 code [0x0000000110e624e0, 0x0000000110e625f0]
Event: 867.842 Thread 0x00007fee01009000 2830       3       sun.java2d.pipe.RenderBuffer::putFloat (26 bytes)
Event: 867.843 Thread 0x00007fee01009000 nmethod 2830 0x000000011107c610 code [0x000000011107c780, 0x000000011107c910]

GC Heap History (10 events):
Event: 842.752 GC heap before
{Heap before GC invocations=152 (full 0):
 PSYoungGen      total 24576K, used 24128K [0x0000000795580000, 0x0000000796e80000, 0x00000007c0000000)
  eden space 24064K, 100% used [0x0000000795580000,0x0000000796d00000,0x0000000796d00000)
  from space 512K, 12% used [0x0000000796d80000,0x0000000796d90000,0x0000000796e00000)
  to   space 512K, 0% used [0x0000000796e00000,0x0000000796e00000,0x0000000796e80000)
 ParOldGen       total 87552K, used 46031K [0x0000000740000000, 0x0000000745580000, 0x0000000795580000)
  object space 87552K, 52% used [0x0000000740000000,0x0000000742cf3e88,0x0000000745580000)
 Metaspace       used 19706K, capacity 19995K, committed 20224K, reserved 1067008K
  class space    used 1900K, capacity 2008K, committed 2048K, reserved 1048576K
Event: 842.754 GC heap after
Heap after GC invocations=152 (full 0):
 PSYoungGen      total 24576K, used 96K [0x0000000795580000, 0x0000000796e80000, 0x00000007c0000000)
  eden space 24064K, 0% used [0x0000000795580000,0x0000000795580000,0x0000000796d00000)
  from space 512K, 18% used [0x0000000796e00000,0x0000000796e18000,0x0000000796e80000)
  to   space 512K, 0% used [0x0000000796d80000,0x0000000796d80000,0x0000000796e00000)
 ParOldGen       total 87552K, used 46031K [0x0000000740000000, 0x0000000745580000, 0x0000000795580000)
  object space 87552K, 52% used [0x0000000740000000,0x0000000742cf3e88,0x0000000745580000)
 Metaspace       used 19706K, capacity 19995K, committed 20224K, reserved 1067008K
  class space    used 1900K, capacity 2008K, committed 2048K, reserved 1048576K
}
Event: 848.978 GC heap before
{Heap before GC invocations=153 (full 0):
 PSYoungGen      total 24576K, used 24160K [0x0000000795580000, 0x0000000796e80000, 0x00000007c0000000)
  eden space 24064K, 100% used [0x0000000795580000,0x0000000796d00000,0x0000000796d00000)
  from space 512K, 18% used [0x0000000796e00000,0x0000000796e18000,0x0000000796e80000)
  to   space 512K, 0% used [0x0000000796d80000,0x0000000796d80000,0x0000000796e00000)
 ParOldGen       total 87552K, used 46031K [0x0000000740000000, 0x0000000745580000, 0x0000000795580000)
  object space 87552K, 52% used [0x0000000740000000,0x0000000742cf3e88,0x0000000745580000)
 Metaspace       used 19706K, capacity 19995K, committed 20224K, reserved 1067008K
  class space    used 1900K, capacity 2008K, committed 2048K, reserved 1048576K
Event: 848.980 GC heap after
Heap after GC invocations=153 (full 0):
 PSYoungGen      total 24576K, used 96K [0x0000000795580000, 0x0000000796e80000, 0x00000007c0000000)
  eden space 24064K, 0% used [0x0000000795580000,0x0000000795580000,0x0000000796d00000)
  from space 512K, 18% used [0x0000000796d80000,0x0000000796d98000,0x0000000796e00000)
  to   space 512K, 0% used [0x0000000796e00000,0x0000000796e00000,0x0000000796e80000)
 ParOldGen       total 87552K, used 46031K [0x0000000740000000, 0x0000000745580000, 0x0000000795580000)
  object space 87552K, 52% used [0x0000000740000000,0x0000000742cf3e88,0x0000000745580000)
 Metaspace       used 19706K, capacity 19995K, committed 20224K, reserved 1067008K
  class space    used 1900K, capacity 2008K, committed 2048K, reserved 1048576K
}
Event: 855.187 GC heap before
{Heap before GC invocations=154 (full 0):
 PSYoungGen      total 24576K, used 24160K [0x0000000795580000, 0x0000000796e80000, 0x00000007c0000000)
  eden space 24064K, 100% used [0x0000000795580000,0x0000000796d00000,0x0000000796d00000)
  from space 512K, 18% used [0x0000000796d80000,0x0000000796d98000,0x0000000796e00000)
  to   space 512K, 0% used [0x0000000796e00000,0x0000000796e00000,0x0000000796e80000)
 ParOldGen       total 87552K, used 46031K [0x0000000740000000, 0x0000000745580000, 0x0000000795580000)
  object space 87552K, 52% used [0x0000000740000000,0x0000000742cf3e88,0x0000000745580000)
 Metaspace       used 19706K, capacity 19995K, committed 20224K, reserved 1067008K
  class space    used 1900K, capacity 2008K, committed 2048K, reserved 1048576K
Event: 855.189 GC heap after
Heap after GC invocations=154 (full 0):
 PSYoungGen      total 24576K, used 96K [0x0000000795580000, 0x0000000796e80000, 0x00000007c0000000)
  eden space 24064K, 0% used [0x0000000795580000,0x0000000795580000,0x0000000796d00000)
  from space 512K, 18% used [0x0000000796e00000,0x0000000796e18000,0x0000000796e80000)
  to   space 512K, 0% used [0x0000000796d80000,0x0000000796d80000,0x0000000796e00000)
 ParOldGen       total 87552K, used 46031K [0x0000000740000000, 0x0000000745580000, 0x0000000795580000)
  object space 87552K, 52% used [0x0000000740000000,0x0000000742cf3e88,0x0000000745580000)
 Metaspace       used 19706K, capacity 19995K, committed 20224K, reserved 1067008K
  class space    used 1900K, capacity 2008K, committed 2048K, reserved 1048576K
}
Event: 861.064 GC heap before
{Heap before GC invocations=155 (full 0):
 PSYoungGen      total 24576K, used 24160K [0x0000000795580000, 0x0000000796e80000, 0x00000007c0000000)
  eden space 24064K, 100% used [0x0000000795580000,0x0000000796d00000,0x0000000796d00000)
  from space 512K, 18% used [0x0000000796e00000,0x0000000796e18000,0x0000000796e80000)
  to   space 512K, 0% used [0x0000000796d80000,0x0000000796d80000,0x0000000796e00000)
 ParOldGen       total 87552K, used 46031K [0x0000000740000000, 0x0000000745580000, 0x0000000795580000)
  object space 87552K, 52% used [0x0000000740000000,0x0000000742cf3e88,0x0000000745580000)
 Metaspace       used 19706K, capacity 19995K, committed 20224K, reserved 1067008K
  class space    used 1900K, capacity 2008K, committed 2048K, reserved 1048576K
Event: 861.066 GC heap after
Heap after GC invocations=155 (full 0):
 PSYoungGen      total 24576K, used 64K [0x0000000795580000, 0x0000000796e80000, 0x00000007c0000000)
  eden space 24064K, 0% used [0x0000000795580000,0x0000000795580000,0x0000000796d00000)
  from space 512K, 12% used [0x0000000796d80000,0x0000000796d90000,0x0000000796e00000)
  to   space 512K, 0% used [0x0000000796e00000,0x0000000796e00000,0x0000000796e80000)
 ParOldGen       total 87552K, used 46031K [0x0000000740000000, 0x0000000745580000, 0x0000000795580000)
  object space 87552K, 52% used [0x0000000740000000,0x0000000742cf3e88,0x0000000745580000)
 Metaspace       used 19706K, capacity 19995K, committed 20224K, reserved 1067008K
  class space    used 1900K, capacity 2008K, committed 2048K, reserved 1048576K
}
Event: 866.771 GC heap before
{Heap before GC invocations=156 (full 0):
 PSYoungGen      total 24576K, used 24128K [0x0000000795580000, 0x0000000796e80000, 0x00000007c0000000)
  eden space 24064K, 100% used [0x0000000795580000,0x0000000796d00000,0x0000000796d00000)
  from space 512K, 12% used [0x0000000796d80000,0x0000000796d90000,0x0000000796e00000)
  to   space 512K, 0% used [0x0000000796e00000,0x0000000796e00000,0x0000000796e80000)
 ParOldGen       total 87552K, used 46031K [0x0000000740000000, 0x0000000745580000, 0x0000000795580000)
  object space 87552K, 52% used [0x0000000740000000,0x0000000742cf3e88,0x0000000745580000)
 Metaspace       used 19706K, capacity 19995K, committed 20224K, reserved 1067008K
  class space    used 1900K, capacity 2008K, committed 2048K, reserved 1048576K
Event: 866.773 GC heap after
Heap after GC invocations=156 (full 0):
 PSYoungGen      total 24576K, used 96K [0x0000000795580000, 0x0000000796e80000, 0x00000007c0000000)
  eden space 24064K, 0% used [0x0000000795580000,0x0000000795580000,0x0000000796d00000)
  from space 512K, 18% used [0x0000000796e00000,0x0000000796e18000,0x0000000796e80000)
  to   space 512K, 0% used [0x0000000796d80000,0x0000000796d80000,0x0000000796e00000)
 ParOldGen       total 87552K, used 46031K [0x0000000740000000, 0x0000000745580000, 0x0000000795580000)
  object space 87552K, 52% used [0x0000000740000000,0x0000000742cf3e88,0x0000000745580000)
 Metaspace       used 19706K, capacity 19995K, committed 20224K, reserved 1067008K
  class space    used 1900K, capacity 2008K, committed 2048K, reserved 1048576K
}

Deoptimization events (10 events):
Event: 867.822 Thread 0x00007fedff9f4000 Uncommon trap: reason=class_check action=maybe_recompile pc=0x0000000111530850 method=java.awt.Component.getGraphics()Ljava/awt/Graphics; @ 114
Event: 867.823 Thread 0x00007fedffa88800 Uncommon trap: reason=class_check action=maybe_recompile pc=0x000000011152a238 method=java.awt.event.InvocationEvent.dispatch()V @ 11
Event: 867.824 Thread 0x00007fee00938800 Uncommon trap: reason=class_check action=maybe_recompile pc=0x0000000111536c40 method=com.jogamp.common.util.RunnableTask.run()V @ 24
Event: 867.826 Thread 0x00007fee00938800 Uncommon trap: reason=unstable_if action=reinterpret pc=0x00000001111b2a7c method=jogamp.nativewindow.macosx.OSXUtil.RunOnMainThread(ZZLjava/lang/Runnable;)V @ 3
Event: 867.836 Thread 0x00007fedffa88800 Uncommon trap: reason=unstable_if action=reinterpret pc=0x0000000111544358 method=jogamp.opengl.GLContextImpl.release(Z)V @ 161
Event: 867.839 Thread 0x00007fedffa88800 Uncommon trap: reason=unstable_if action=reinterpret pc=0x00000001114d8198 method=java.util.LinkedList$ListItr.<init>(Ljava/util/LinkedList;I)V @ 26
Event: 867.839 Thread 0x00007fedffa88800 Uncommon trap: reason=unstable_if action=reinterpret pc=0x00000001111aba64 method=java.security.AccessControlContext.optimize()Ljava/security/AccessControlContext; @ 233
Event: 867.843 Thread 0x00007fedffa88800 Uncommon trap: reason=class_check action=maybe_recompile pc=0x000000011152a238 method=java.awt.event.InvocationEvent.dispatch()V @ 11
Event: 867.843 Thread 0x00007fedff9f4000 Uncommon trap: reason=class_check action=maybe_recompile pc=0x0000000111530850 method=java.awt.Component.getGraphics()Ljava/awt/Graphics; @ 114
Event: 867.844 Thread 0x00007fee00938800 Uncommon trap: reason=class_check action=maybe_recompile pc=0x0000000111536c40 method=com.jogamp.common.util.RunnableTask.run()V @ 24

Internal exceptions (10 events):
Event: 0.202 Thread 0x00007fee00806000 Exception <a 'java/lang/NoSuchFieldError': method resolution failed> (0x0000000795793e18) thrown at [/Users/java_re/workspace/8-2-build-macosx-x86_64/jdk8u121/8372/hotspot/src/share/vm/prims/methodHandles.cpp, line 1146]
Event: 0.428 Thread 0x00007fee00806000 Exception <a 'java/io/FileNotFoundException'> (0x000000079580f3e0) thrown at [/Users/java_re/workspace/8-2-build-macosx-x86_64/jdk8u121/8372/hotspot/src/share/vm/prims/jni.cpp, line 709]
Event: 0.428 Thread 0x00007fee00806000 Exception <a 'java/io/FileNotFoundException'> (0x000000079580ff80) thrown at [/Users/java_re/workspace/8-2-build-macosx-x86_64/jdk8u121/8372/hotspot/src/share/vm/prims/jni.cpp, line 709]
Event: 0.575 Thread 0x00007fee00806000 Exception <a 'java/io/FileNotFoundException'> (0x000000079594c348) thrown at [/Users/java_re/workspace/8-2-build-macosx-x86_64/jdk8u121/8372/hotspot/src/share/vm/prims/jni.cpp, line 709]
Event: 2.555 Thread 0x00007fedffb5f800 Exception <a 'java/lang/UnsatisfiedLinkError': com.jogamp.common.util.JarUtil.fixNativeLibAttribs(Ljava/lang/String;)Z> (0x0000000796bd8488) thrown at [/Users/java_re/workspace/8-2-build-macosx-x86_64/jdk8u121/8372/hotspot/src/share/vm/prims/nativeLookup.
Event: 2.926 Thread 0x00007fee0004b000 Exception <a 'java/lang/NullPointerException'> (0x00000007956a5ed8) thrown at [/Users/java_re/workspace/8-2-build-macosx-x86_64/jdk8u121/8372/hotspot/src/share/vm/interpreter/linkResolver.cpp, line 1178]
Event: 3.749 Thread 0x00007fedffa88800 Exception <a 'java/io/FileNotFoundException'> (0x0000000795f43728) thrown at [/Users/java_re/workspace/8-2-build-macosx-x86_64/jdk8u121/8372/hotspot/src/share/vm/prims/jni.cpp, line 709]
Event: 3.750 Thread 0x00007fedffa88800 Exception <a 'java/io/FileNotFoundException'> (0x0000000795f49d80) thrown at [/Users/java_re/workspace/8-2-build-macosx-x86_64/jdk8u121/8372/hotspot/src/share/vm/prims/jni.cpp, line 709]
Event: 3.750 Thread 0x00007fedffa88800 Implicit null exception at 0x0000000110de4776 to 0x0000000110de4b45
Event: 3.911 Thread 0x00007fedffa88800 Implicit null exception at 0x0000000110fce7c6 to 0x0000000110fcea0d

Events (10 events):
Event: 867.843 loading class java/awt/Window$1DisposeAction done
Event: 867.843 Thread 0x00007fedffa88800 Uncommon trap: trap_request=0xffffffde fr.pc=0x000000011152a238
Event: 867.843 Thread 0x00007fedff9f4000 Uncommon trap: trap_request=0xffffffde fr.pc=0x0000000111530850
Event: 867.843 Thread 0x00007fedffa88800 DEOPT PACKING pc=0x000000011152a238 sp=0x0000700007c0bf30
Event: 867.843 Thread 0x00007fedff9f4000 DEOPT PACKING pc=0x0000000111530850 sp=0x0000700007a05c30
Event: 867.843 Thread 0x00007fedffa88800 DEOPT UNPACKING pc=0x0000000110c2e229 sp=0x0000700007c0bed8 mode 2
Event: 867.843 Thread 0x00007fedff9f4000 DEOPT UNPACKING pc=0x0000000110c2e229 sp=0x0000700007a05c40 mode 2
Event: 867.844 Thread 0x00007fee00938800 Uncommon trap: trap_request=0xffffffde fr.pc=0x0000000111536c40
Event: 867.844 Thread 0x00007fee00938800 DEOPT PACKING pc=0x0000000111536c40 sp=0x00007fff5eba26a0
Event: 867.844 Thread 0x00007fee00938800 DEOPT UNPACKING pc=0x0000000110c2e229 sp=0x00007fff5eba2648 mode 2


Dynamic libraries:
0x000000006034b000 	/System/Library/Frameworks/Cocoa.framework/Versions/A/Cocoa
0x000000006034b000 	/System/Library/Frameworks/Security.framework/Versions/A/Security
0x000000006034b000 	/System/Library/Frameworks/ApplicationServices.framework/Versions/A/ApplicationServices
0x000000006034b000 	/usr/lib/libz.1.dylib
0x000000006034b000 	/usr/lib/libSystem.B.dylib
0x000000006034b000 	/usr/lib/libobjc.A.dylib
0x000000006034b000 	/System/Library/Frameworks/CoreFoundation.framework/Versions/A/CoreFoundation
0x000000006034b000 	/System/Library/Frameworks/Foundation.framework/Versions/C/Foundation
0x000000006034b000 	/System/Library/Frameworks/AppKit.framework/Versions/C/AppKit
0x000000006034b000 	/System/Library/Frameworks/CoreData.framework/Versions/A/CoreData
0x000000006034b000 	/System/Library/PrivateFrameworks/RemoteViewServices.framework/Versions/A/RemoteViewServices
0x000000006034b000 	/System/Library/PrivateFrameworks/UIFoundation.framework/Versions/A/UIFoundation
0x000000006034b000 	/System/Library/PrivateFrameworks/DFRFoundation.framework/Versions/A/DFRFoundation
0x000000006034b000 	/usr/lib/libenergytrace.dylib
0x000000006034b000 	/System/Library/PrivateFrameworks/SkyLight.framework/Versions/A/SkyLight
0x000000006034b000 	/System/Library/Frameworks/CoreGraphics.framework/Versions/A/CoreGraphics
0x000000006034b000 	/usr/lib/libScreenReader.dylib
0x000000006034b000 	/System/Library/Frameworks/Accelerate.framework/Versions/A/Accelerate
0x000000006034b000 	/System/Library/Frameworks/IOSurface.framework/Versions/A/IOSurface
0x000000006034b000 	/System/Library/Frameworks/AudioToolbox.framework/Versions/A/AudioToolbox
0x000000006034b000 	/System/Library/Frameworks/AudioUnit.framework/Versions/A/AudioUnit
0x000000006034b000 	/System/Library/PrivateFrameworks/DataDetectorsCore.framework/Versions/A/DataDetectorsCore
0x000000006034b000 	/System/Library/PrivateFrameworks/DesktopServicesPriv.framework/Versions/A/DesktopServicesPriv
0x000000006034b000 	/System/Library/Frameworks/Carbon.framework/Versions/A/Frameworks/HIToolbox.framework/Versions/A/HIToolbox
0x000000006034b000 	/usr/lib/libicucore.A.dylib
0x000000006034b000 	/System/Library/Frameworks/QuartzCore.framework/Versions/A/QuartzCore
0x000000006034b000 	/System/Library/Frameworks/Carbon.framework/Versions/A/Frameworks/SpeechRecognition.framework/Versions/A/SpeechRecognition
0x000000006034b000 	/usr/lib/libauto.dylib
0x000000006034b000 	/usr/lib/libxml2.2.dylib
0x000000006034b000 	/System/Library/PrivateFrameworks/CoreUI.framework/Versions/A/CoreUI
0x000000006034b000 	/System/Library/Frameworks/CoreAudio.framework/Versions/A/CoreAudio
0x000000006034b000 	/System/Library/Frameworks/DiskArbitration.framework/Versions/A/DiskArbitration
0x000000006034b000 	/usr/lib/liblangid.dylib
0x000000006034b000 	/System/Library/PrivateFrameworks/MultitouchSupport.framework/Versions/A/MultitouchSupport
0x000000006034b000 	/System/Library/Frameworks/IOKit.framework/Versions/A/IOKit
0x000000006034b000 	/usr/lib/libDiagnosticMessagesClient.dylib
0x000000006034b000 	/System/Library/Frameworks/CoreServices.framework/Versions/A/CoreServices
0x000000006034b000 	/System/Library/PrivateFrameworks/PerformanceAnalysis.framework/Versions/A/PerformanceAnalysis
0x000000006034b000 	/System/Library/PrivateFrameworks/GenerationalStorage.framework/Versions/A/GenerationalStorage
0x000000006034b000 	/System/Library/Frameworks/OpenGL.framework/Versions/A/OpenGL
0x000000006034b000 	/System/Library/Frameworks/CoreImage.framework/Versions/A/CoreImage
0x000000006034b000 	/System/Library/Frameworks/CoreText.framework/Versions/A/CoreText
0x000000006034b000 	/System/Library/Frameworks/ImageIO.framework/Versions/A/ImageIO
0x000000006034b000 	/System/Library/PrivateFrameworks/Backup.framework/Versions/A/Backup
0x000000006034b000 	/usr/lib/libarchive.2.dylib
0x000000006034b000 	/System/Library/Frameworks/CFNetwork.framework/Versions/A/CFNetwork
0x000000006034b000 	/System/Library/Frameworks/SystemConfiguration.framework/Versions/A/SystemConfiguration
0x000000006034b000 	/usr/lib/libCRFSuite.dylib
0x000000006034b000 	/usr/lib/libc++.1.dylib
0x000000006034b000 	/usr/lib/libc++abi.dylib
0x000000006034b000 	/usr/lib/system/libcache.dylib
0x000000006034b000 	/usr/lib/system/libcommonCrypto.dylib
0x000000006034b000 	/usr/lib/system/libcompiler_rt.dylib
0x000000006034b000 	/usr/lib/system/libcopyfile.dylib
0x000000006034b000 	/usr/lib/system/libcorecrypto.dylib
0x000000006034b000 	/usr/lib/system/libdispatch.dylib
0x000000006034b000 	/usr/lib/system/libdyld.dylib
0x000000006034b000 	/usr/lib/system/libkeymgr.dylib
0x000000006034b000 	/usr/lib/system/liblaunch.dylib
0x000000006034b000 	/usr/lib/system/libmacho.dylib
0x000000006034b000 	/usr/lib/system/libquarantine.dylib
0x000000006034b000 	/usr/lib/system/libremovefile.dylib
0x000000006034b000 	/usr/lib/system/libsystem_asl.dylib
0x000000006034b000 	/usr/lib/system/libsystem_blocks.dylib
0x000000006034b000 	/usr/lib/system/libsystem_c.dylib
0x000000006034b000 	/usr/lib/system/libsystem_configuration.dylib
0x000000006034b000 	/usr/lib/system/libsystem_coreservices.dylib
0x000000006034b000 	/usr/lib/system/libsystem_coretls.dylib
0x000000006034b000 	/usr/lib/system/libsystem_dnssd.dylib
0x000000006034b000 	/usr/lib/system/libsystem_info.dylib
0x000000006034b000 	/usr/lib/system/libsystem_kernel.dylib
0x000000006034b000 	/usr/lib/system/libsystem_m.dylib
0x000000006034b000 	/usr/lib/system/libsystem_malloc.dylib
0x000000006034b000 	/usr/lib/system/libsystem_network.dylib
0x000000006034b000 	/usr/lib/system/libsystem_networkextension.dylib
0x000000006034b000 	/usr/lib/system/libsystem_notify.dylib
0x000000006034b000 	/usr/lib/system/libsystem_platform.dylib
0x000000006034b000 	/usr/lib/system/libsystem_pthread.dylib
0x000000006034b000 	/usr/lib/system/libsystem_sandbox.dylib
0x000000006034b000 	/usr/lib/system/libsystem_secinit.dylib
0x000000006034b000 	/usr/lib/system/libsystem_symptoms.dylib
0x000000006034b000 	/usr/lib/system/libsystem_trace.dylib
0x000000006034b000 	/usr/lib/system/libunwind.dylib
0x000000006034b000 	/usr/lib/system/libxpc.dylib
0x000000006034b000 	/usr/lib/libbsm.0.dylib
0x000000006034b000 	/usr/lib/system/libkxld.dylib
0x000000006034b000 	/usr/lib/libcoretls.dylib
0x000000006034b000 	/usr/lib/libcoretls_cfhelpers.dylib
0x000000006034b000 	/usr/lib/libxar.1.dylib
0x000000006034b000 	/usr/lib/libsqlite3.dylib
0x000000006034b000 	/usr/lib/libpam.2.dylib
0x000000006034b000 	/usr/lib/libOpenScriptingUtil.dylib
0x000000006034b000 	/usr/lib/libbz2.1.0.dylib
0x000000006034b000 	/usr/lib/liblzma.5.dylib
0x000000006034b000 	/usr/lib/libnetwork.dylib
0x000000006034b000 	/usr/lib/libpcap.A.dylib
0x000000006034b000 	/System/Library/Frameworks/CoreServices.framework/Versions/A/Frameworks/FSEvents.framework/Versions/A/FSEvents
0x000000006034b000 	/System/Library/Frameworks/CoreServices.framework/Versions/A/Frameworks/CarbonCore.framework/Versions/A/CarbonCore
0x000000006034b000 	/System/Library/Frameworks/CoreServices.framework/Versions/A/Frameworks/Metadata.framework/Versions/A/Metadata
0x000000006034b000 	/System/Library/Frameworks/CoreServices.framework/Versions/A/Frameworks/OSServices.framework/Versions/A/OSServices
0x000000006034b000 	/System/Library/Frameworks/CoreServices.framework/Versions/A/Frameworks/SearchKit.framework/Versions/A/SearchKit
0x000000006034b000 	/System/Library/Frameworks/CoreServices.framework/Versions/A/Frameworks/AE.framework/Versions/A/AE
0x000000006034b000 	/System/Library/Frameworks/CoreServices.framework/Versions/A/Frameworks/LaunchServices.framework/Versions/A/LaunchServices
0x000000006034b000 	/System/Library/Frameworks/CoreServices.framework/Versions/A/Frameworks/DictionaryServices.framework/Versions/A/DictionaryServices
0x000000006034b000 	/System/Library/Frameworks/CoreServices.framework/Versions/A/Frameworks/SharedFileList.framework/Versions/A/SharedFileList
0x000000006034b000 	/System/Library/Frameworks/NetFS.framework/Versions/A/NetFS
0x000000006034b000 	/System/Library/PrivateFrameworks/NetAuth.framework/Versions/A/NetAuth
0x000000006034b000 	/System/Library/PrivateFrameworks/login.framework/Versions/A/Frameworks/loginsupport.framework/Versions/A/loginsupport
0x000000006034b000 	/System/Library/PrivateFrameworks/TCC.framework/Versions/A/TCC
0x000000006034b000 	/usr/lib/libmecabra.dylib
0x000000006034b000 	/System/Library/Frameworks/ApplicationServices.framework/Versions/A/Frameworks/ATS.framework/Versions/A/ATS
0x000000006034b000 	/System/Library/Frameworks/ApplicationServices.framework/Versions/A/Frameworks/ColorSync.framework/Versions/A/ColorSync
0x000000006034b000 	/System/Library/Frameworks/ApplicationServices.framework/Versions/A/Frameworks/HIServices.framework/Versions/A/HIServices
0x000000006034b000 	/System/Library/Frameworks/ApplicationServices.framework/Versions/A/Frameworks/LangAnalysis.framework/Versions/A/LangAnalysis
0x000000006034b000 	/System/Library/Frameworks/ApplicationServices.framework/Versions/A/Frameworks/PrintCore.framework/Versions/A/PrintCore
0x000000006034b000 	/System/Library/Frameworks/ApplicationServices.framework/Versions/A/Frameworks/QD.framework/Versions/A/QD
0x000000006034b000 	/System/Library/Frameworks/ApplicationServices.framework/Versions/A/Frameworks/SpeechSynthesis.framework/Versions/A/SpeechSynthesis
0x000000006034b000 	/System/Library/Frameworks/Accelerate.framework/Versions/A/Frameworks/vImage.framework/Versions/A/vImage
0x000000006034b000 	/System/Library/Frameworks/Accelerate.framework/Versions/A/Frameworks/vecLib.framework/Versions/A/vecLib
0x000000006034b000 	/System/Library/Frameworks/Accelerate.framework/Versions/A/Frameworks/vecLib.framework/Versions/A/libvDSP.dylib
0x000000006034b000 	/System/Library/Frameworks/Accelerate.framework/Versions/A/Frameworks/vecLib.framework/Versions/A/libBNNS.dylib
0x000000006034b000 	/System/Library/Frameworks/Accelerate.framework/Versions/A/Frameworks/vecLib.framework/Versions/A/libQuadrature.dylib
0x000000006034b000 	/System/Library/Frameworks/Accelerate.framework/Versions/A/Frameworks/vecLib.framework/Versions/A/libvMisc.dylib
0x000000006034b000 	/System/Library/Frameworks/Accelerate.framework/Versions/A/Frameworks/vecLib.framework/Versions/A/libLAPACK.dylib
0x000000006034b000 	/System/Library/Frameworks/Accelerate.framework/Versions/A/Frameworks/vecLib.framework/Versions/A/libBLAS.dylib
0x000000006034b000 	/System/Library/Frameworks/Accelerate.framework/Versions/A/Frameworks/vecLib.framework/Versions/A/libLinearAlgebra.dylib
0x000000006034b000 	/System/Library/Frameworks/Accelerate.framework/Versions/A/Frameworks/vecLib.framework/Versions/A/libSparseBLAS.dylib
0x000000006034b000 	/System/Library/Frameworks/ApplicationServices.framework/Versions/A/Frameworks/ATS.framework/Versions/A/Resources/libFontParser.dylib
0x000000006034b000 	/System/Library/Frameworks/ApplicationServices.framework/Versions/A/Frameworks/ATS.framework/Versions/A/Resources/libFontRegistry.dylib
0x000000006034b000 	/System/Library/Frameworks/ImageIO.framework/Versions/A/Resources/libJPEG.dylib
0x000000006034b000 	/System/Library/Frameworks/ImageIO.framework/Versions/A/Resources/libTIFF.dylib
0x000000006034b000 	/System/Library/Frameworks/ImageIO.framework/Versions/A/Resources/libPng.dylib
0x000000006034b000 	/System/Library/Frameworks/ImageIO.framework/Versions/A/Resources/libGIF.dylib
0x000000006034b000 	/System/Library/Frameworks/ImageIO.framework/Versions/A/Resources/libJP2.dylib
0x000000006034b000 	/System/Library/Frameworks/ImageIO.framework/Versions/A/Resources/libRadiance.dylib
0x000000006034b000 	/usr/lib/libcompression.dylib
0x000000006034b000 	/System/Library/PrivateFrameworks/AppleJPEG.framework/Versions/A/AppleJPEG
0x000000006034b000 	/usr/lib/libcups.2.dylib
0x000000006034b000 	/System/Library/Frameworks/Kerberos.framework/Versions/A/Kerberos
0x000000006034b000 	/System/Library/Frameworks/GSS.framework/Versions/A/GSS
0x000000006034b000 	/usr/lib/libresolv.9.dylib
0x000000006034b000 	/usr/lib/libiconv.2.dylib
0x000000006034b000 	/System/Library/PrivateFrameworks/Heimdal.framework/Versions/A/Heimdal
0x000000006034b000 	/usr/lib/libheimdal-asn1.dylib
0x000000006034b000 	/System/Library/Frameworks/OpenDirectory.framework/Versions/A/OpenDirectory
0x000000006034b000 	/System/Library/PrivateFrameworks/CommonAuth.framework/Versions/A/CommonAuth
0x000000006034b000 	/System/Library/Frameworks/OpenDirectory.framework/Versions/A/Frameworks/CFOpenDirectory.framework/Versions/A/CFOpenDirectory
0x000000006034b000 	/System/Library/Frameworks/SecurityFoundation.framework/Versions/A/SecurityFoundation
0x000000006034b000 	/System/Library/PrivateFrameworks/LanguageModeling.framework/Versions/A/LanguageModeling
0x000000006034b000 	/usr/lib/libmarisa.dylib
0x000000006034b000 	/usr/lib/libChineseTokenizer.dylib
0x000000006034b000 	/usr/lib/libcmph.dylib
0x000000006034b000 	/System/Library/PrivateFrameworks/CoreEmoji.framework/Versions/A/CoreEmoji
0x000000006034b000 	/System/Library/Frameworks/ServiceManagement.framework/Versions/A/ServiceManagement
0x000000006034b000 	/usr/lib/libxslt.1.dylib
0x000000006034b000 	/System/Library/Frameworks/Carbon.framework/Versions/A/Frameworks/Ink.framework/Versions/A/Ink
0x000000006034b000 	/System/Library/PrivateFrameworks/TextureIO.framework/Versions/A/TextureIO
0x000000006034b000 	/System/Library/Frameworks/Metal.framework/Versions/A/Metal
0x000000006034b000 	/usr/lib/libate.dylib
0x000000006034b000 	/System/Library/PrivateFrameworks/GPUCompiler.framework/libmetal_timestamp.dylib
0x000000006034b000 	/System/Library/Frameworks/OpenGL.framework/Versions/A/Libraries/libCoreFSCache.dylib
0x000000006034b000 	/System/Library/PrivateFrameworks/IOAccelerator.framework/Versions/A/IOAccelerator
0x000000006034b000 	/System/Library/Frameworks/CoreVideo.framework/Versions/A/CoreVideo
0x000000006034b000 	/usr/lib/libFosl_dynamic.dylib
0x000000006034b000 	/System/Library/PrivateFrameworks/MetalPerformanceShaders.framework/Versions/A/MetalPerformanceShaders
0x000000006034b000 	/System/Library/PrivateFrameworks/FaceCore.framework/Versions/A/FaceCore
0x000000006034b000 	/System/Library/Frameworks/OpenCL.framework/Versions/A/OpenCL
0x000000006034b000 	/System/Library/Frameworks/OpenGL.framework/Versions/A/Libraries/libGLU.dylib
0x000000006034b000 	/System/Library/Frameworks/OpenGL.framework/Versions/A/Libraries/libGFXShared.dylib
0x000000006034b000 	/System/Library/Frameworks/OpenGL.framework/Versions/A/Libraries/libGL.dylib
0x000000006034b000 	/System/Library/Frameworks/OpenGL.framework/Versions/A/Libraries/libGLImage.dylib
0x000000006034b000 	/System/Library/Frameworks/OpenGL.framework/Versions/A/Libraries/libCVMSPluginSupport.dylib
0x000000006034b000 	/System/Library/Frameworks/OpenGL.framework/Versions/A/Libraries/libCoreVMClient.dylib
0x000000006034b000 	/System/Library/PrivateFrameworks/CrashReporterSupport.framework/Versions/A/CrashReporterSupport
0x000000006034b000 	/System/Library/PrivateFrameworks/Sharing.framework/Versions/A/Sharing
0x000000006034b000 	/System/Library/PrivateFrameworks/IconServices.framework/Versions/A/IconServices
0x000000006034b000 	/System/Library/PrivateFrameworks/ProtocolBuffer.framework/Versions/A/ProtocolBuffer
0x000000006034b000 	/System/Library/PrivateFrameworks/Apple80211.framework/Versions/A/Apple80211
0x000000006034b000 	/System/Library/Frameworks/CoreWLAN.framework/Versions/A/CoreWLAN
0x000000006034b000 	/System/Library/PrivateFrameworks/CoreUtils.framework/Versions/A/CoreUtils
0x000000006034b000 	/System/Library/Frameworks/IOBluetooth.framework/Versions/A/IOBluetooth
0x000000006034b000 	/System/Library/PrivateFrameworks/CoreWiFi.framework/Versions/A/CoreWiFi
0x000000006034b000 	/System/Library/Frameworks/CoreBluetooth.framework/Versions/A/CoreBluetooth
0x000000006034b000 	/System/Library/Frameworks/CoreDisplay.framework/Versions/A/CoreDisplay
0x000000006034b000 	/System/Library/PrivateFrameworks/IOPresentment.framework/Versions/A/IOPresentment
0x000000006034b000 	/System/Library/PrivateFrameworks/DebugSymbols.framework/Versions/A/DebugSymbols
0x000000006034b000 	/System/Library/PrivateFrameworks/CoreSymbolication.framework/Versions/A/CoreSymbolication
0x000000006034b000 	/System/Library/PrivateFrameworks/Symbolication.framework/Versions/A/Symbolication
0x000000006034b000 	/System/Library/PrivateFrameworks/AppleFSCompression.framework/Versions/A/AppleFSCompression
0x000000006034b000 	/System/Library/PrivateFrameworks/SpeechRecognitionCore.framework/Versions/A/SpeechRecognitionCore
0x000000006034b000 	/System/Library/PrivateFrameworks/ChunkingLibrary.framework/Versions/A/ChunkingLibrary
0x0000000101a00000 	/Library/Java/JavaVirtualMachines/jdk1.8.0_121.jdk/Contents/Home/jre/lib/server/libjvm.dylib
0x000000006034b000 	/usr/lib/libstdc++.6.dylib
0x00000001010d6000 	/Library/Java/JavaVirtualMachines/jdk1.8.0_121.jdk/Contents/Home/jre/lib/libverify.dylib
0x00000001010e4000 	/Library/Java/JavaVirtualMachines/jdk1.8.0_121.jdk/Contents/Home/jre/lib/libjava.dylib
0x0000000101123000 	/Library/Java/JavaVirtualMachines/jdk1.8.0_121.jdk/Contents/Home/jre/lib/libzip.dylib
0x000000010923a000 	/System/Library/Frameworks/JavaVM.framework/Frameworks/JavaRuntimeSupport.framework/JavaRuntimeSupport
0x0000000109254000 	/System/Library/Frameworks/JavaVM.framework/Versions/A/Frameworks/JavaNativeFoundation.framework/Versions/A/JavaNativeFoundation
0x0000000109269000 	/System/Library/Frameworks/JavaVM.framework/Versions/A/JavaVM
0x000000006034b000 	/System/Library/Frameworks/Carbon.framework/Versions/A/Carbon
0x0000000109276000 	/System/Library/PrivateFrameworks/JavaLaunching.framework/Versions/A/JavaLaunching
0x000000006034b000 	/System/Library/Frameworks/Carbon.framework/Versions/A/Frameworks/CommonPanels.framework/Versions/A/CommonPanels
0x000000006034b000 	/System/Library/Frameworks/Carbon.framework/Versions/A/Frameworks/Help.framework/Versions/A/Help
0x000000006034b000 	/System/Library/Frameworks/Carbon.framework/Versions/A/Frameworks/ImageCapture.framework/Versions/A/ImageCapture
0x000000006034b000 	/System/Library/Frameworks/Carbon.framework/Versions/A/Frameworks/OpenScripting.framework/Versions/A/OpenScripting
0x000000006034b000 	/System/Library/Frameworks/Carbon.framework/Versions/A/Frameworks/Print.framework/Versions/A/Print
0x000000006034b000 	/System/Library/Frameworks/Carbon.framework/Versions/A/Frameworks/SecurityHI.framework/Versions/A/SecurityHI
0x000000010ab7c000 	/Library/Java/JavaVirtualMachines/jdk1.8.0_121.jdk/Contents/Home/jre/lib/libawt.dylib
0x000000010ac24000 	/Library/Java/JavaVirtualMachines/jdk1.8.0_121.jdk/Contents/Home/jre/lib/./libmlib_image.dylib
0x000000010acf0000 	/Library/Java/JavaVirtualMachines/jdk1.8.0_121.jdk/Contents/Home/jre/lib/libawt_lwawt.dylib
0x000000010ada7000 	/Library/Java/JavaVirtualMachines/jdk1.8.0_121.jdk/Contents/Home/jre/lib/./libosxapp.dylib
0x000000006034b000 	/System/Library/Frameworks/ExceptionHandling.framework/Versions/A/ExceptionHandling
0x000000006034b000 	/System/Library/PrivateFrameworks/CoreServicesInternal.framework/Versions/A/CoreServicesInternal
0x000000006034b000 	/System/Library/CoreServices/RawCamera.bundle/Contents/MacOS/RawCamera
0x000000006034b000 	/System/Library/Frameworks/Accelerate.framework/Versions/A/Frameworks/vImage.framework/Versions/A/Libraries/libCGInterfaces.dylib
0x000000006034b000 	/System/Library/Frameworks/ApplicationServices.framework/Versions/A/Frameworks/ATS.framework/Versions/A/Resources/libTrueTypeScaler.dylib
0x000000006034b000 	/System/Library/Frameworks/OpenGL.framework/Versions/A/Resources/GLEngine.bundle/GLEngine
0x000000006034b000 	/System/Library/Frameworks/OpenGL.framework/Versions/A/Libraries/libGLProgrammability.dylib
0x000000010ca90000 	/System/Library/Extensions/AppleIntelBDWGraphicsGLDriver.bundle/Contents/MacOS/AppleIntelBDWGraphicsGLDriver
0x000000006034b000 	/System/Library/PrivateFrameworks/GPUSupport.framework/Versions/A/Libraries/libGPUSupportMercury.dylib
0x000000006034b000 	/System/Library/Frameworks/OpenGL.framework/Versions/A/Resources/GLRendererFloat.bundle/GLRendererFloat
0x000000006034b000 	/System/Library/Frameworks/OpenCL.framework/Versions/A/Libraries/libcldcpuengine.dylib
0x000000006034b000 	/usr/lib/libcrypto.0.9.8.dylib
0x000000006034b000 	/System/Library/PrivateFrameworks/TrustEvaluationAgent.framework/Versions/A/TrustEvaluationAgent
0x000000010d1ec000 	/System/Library/Extensions/AppleIntelBDWGraphicsMTLDriver.bundle/Contents/MacOS/AppleIntelBDWGraphicsMTLDriver
0x000000006034b000 	/System/Library/PrivateFrameworks/FamilyControls.framework/Versions/A/FamilyControls
0x000000006034b000 	/System/Library/PrivateFrameworks/CommerceKit.framework/Versions/A/Frameworks/CommerceCore.framework/Versions/A/CommerceCore
0x000000006034b000 	/System/Library/PrivateFrameworks/SystemAdministration.framework/Versions/A/SystemAdministration
0x000000006034b000 	/System/Library/PrivateFrameworks/AppContainer.framework/Versions/A/AppContainer
0x000000006034b000 	/System/Library/PrivateFrameworks/SecCodeWrapper.framework/Versions/A/SecCodeWrapper
0x000000006034b000 	/System/Library/Frameworks/DirectoryService.framework/Versions/A/DirectoryService
0x000000006034b000 	/System/Library/PrivateFrameworks/DiskImages.framework/Versions/A/DiskImages
0x000000006034b000 	/System/Library/PrivateFrameworks/LoginUIKit.framework/Versions/A/Frameworks/LoginUICore.framework/Versions/A/LoginUICore
0x000000006034b000 	/usr/lib/libCoreStorage.dylib
0x000000006034b000 	/usr/lib/libcsfde.dylib
0x000000006034b000 	/usr/lib/libodfde.dylib
0x000000006034b000 	/System/Library/Frameworks/DiscRecording.framework/Versions/A/DiscRecording
0x000000006034b000 	/usr/lib/libcurl.4.dylib
0x000000006034b000 	/System/Library/PrivateFrameworks/MediaKit.framework/Versions/A/MediaKit
0x000000006034b000 	/System/Library/PrivateFrameworks/ProtectedCloudStorage.framework/Versions/A/ProtectedCloudStorage
0x000000006034b000 	/System/Library/PrivateFrameworks/EFILogin.framework/Versions/A/EFILogin
0x000000006034b000 	/usr/lib/libutil.dylib
0x000000006034b000 	/System/Library/Frameworks/LDAP.framework/Versions/A/LDAP
0x000000006034b000 	/usr/lib/libsasl2.2.dylib
0x000000006034b000 	/System/Library/PrivateFrameworks/CoreDaemon.framework/Versions/B/CoreDaemon
0x000000006034b000 	/System/Library/PrivateFrameworks/AppleSRP.framework/Versions/A/AppleSRP
0x000000006034b000 	/System/Library/PrivateFrameworks/APFS.framework/Versions/A/APFS
0x000000010ef33000 	/Library/Java/JavaVirtualMachines/jdk1.8.0_121.jdk/Contents/Home/jre/lib/libfontmanager.dylib
0x0000000110320000 	/Library/Java/JavaVirtualMachines/jdk1.8.0_121.jdk/Contents/Home/jre/lib/libosxui.dylib
0x0000000110b6d000 	/Library/Java/JavaVirtualMachines/jdk1.8.0_121.jdk/Contents/Home/jre/lib/libnet.dylib
0x0000000110b84000 	/Library/Java/JavaVirtualMachines/jdk1.8.0_121.jdk/Contents/Home/jre/lib/libnio.dylib
0x000000010ae3b000 	/private/var/folders/dv/8km65lfx2ys_m_537vwjv39h0000gn/T/jogamp_0000/file_cache/jln7108100230032071647/jln3183450341454636018/libgluegen-rt.jnilib
0x000000010ae40000 	/private/var/folders/dv/8km65lfx2ys_m_537vwjv39h0000gn/T/jogamp_0000/file_cache/jln7108100230032071647/jln3183450341454636018/libnativewindow_awt.jnilib
0x000000010ae43000 	/Library/Java/JavaVirtualMachines/jdk1.8.0_121.jdk/Contents/Home/jre/lib/libjawt.dylib
0x000000010ae46000 	/private/var/folders/dv/8km65lfx2ys_m_537vwjv39h0000gn/T/jogamp_0000/file_cache/jln7108100230032071647/jln3183450341454636018/libnativewindow_macosx.jnilib
0x000000014b797000 	/private/var/folders/dv/8km65lfx2ys_m_537vwjv39h0000gn/T/jogamp_0000/file_cache/jln7108100230032071647/jln3183450341454636018/libjogl_desktop.jnilib

VM Arguments:
jvm_args: -Djava.security.policy=java.policy.applet -Dfile.encoding=UTF-8 
java_command: sun.applet.AppletViewer guimodule.MyDisplay1490563212640.html
java_class_path (initial): /Users/seanippolito/Documents/workspace/UCSDUnfoldingMaps/build:/Users/seanippolito/Documents/workspace/UCSDUnfoldingMaps/lib/core.jar:/Users/seanippolito/Documents/workspace/UCSDUnfoldingMaps/lib/gluegen-rt.jar:/Users/seanippolito/Documents/workspace/UCSDUnfoldingMaps/lib/jogl-all.jar:/Users/seanippolito/Documents/workspace/UCSDUnfoldingMaps/lib/log4j-1.2.15.jar:/Users/seanippolito/Documents/workspace/UCSDUnfoldingMaps/lib/sqlite-jdbc-3.7.2.jar:/Users/seanippolito/Documents/workspace/UCSDUnfoldingMaps/lib/json4processing.jar:/Users/seanippolito/Documents/workspace/UCSDUnfoldingMaps/lib/libTUIO.jar:/Users/seanippolito/Documents/workspace/UCSDUnfoldingMaps/lib/unfolding.0.9.7-uscd.jar
Launcher Type: SUN_STANDARD

Environment Variables:
PATH=/usr/bin:/bin:/usr/sbin:/sbin
SHELL=/bin/bash

Signal Handlers:
SIGSEGV: [libjvm.dylib+0x5b1141], sa_mask[0]=11111111011111110111111111111111, sa_flags=SA_ONSTACK|SA_RESTART|SA_SIGINFO
SIGBUS: [libjvm.dylib+0x5b1141], sa_mask[0]=11111111011111110111111111111111, sa_flags=SA_RESTART|SA_SIGINFO
SIGFPE: [libjvm.dylib+0x487bc4], sa_mask[0]=11111111011111110111111111111111, sa_flags=SA_RESTART|SA_SIGINFO
SIGPIPE: [libjvm.dylib+0x487bc4], sa_mask[0]=11111111011111110111111111111111, sa_flags=SA_RESTART|SA_SIGINFO
SIGXFSZ: [libjvm.dylib+0x487bc4], sa_mask[0]=11111111011111110111111111111111, sa_flags=SA_RESTART|SA_SIGINFO
SIGILL: [libjvm.dylib+0x487bc4], sa_mask[0]=11111111011111110111111111111111, sa_flags=SA_RESTART|SA_SIGINFO
SIGUSR1: SIG_DFL, sa_mask[0]=00000000000000000000000000000000, sa_flags=none
SIGUSR2: [libjvm.dylib+0x4876e2], sa_mask[0]=00100000000000000000000000000000, sa_flags=SA_RESTART|SA_SIGINFO
SIGHUP: [libjvm.dylib+0x485cb9], sa_mask[0]=11111111011111110111111111111111, sa_flags=SA_RESTART|SA_SIGINFO
SIGINT: [libjvm.dylib+0x485cb9], sa_mask[0]=11111111011111110111111111111111, sa_flags=SA_RESTART|SA_SIGINFO
SIGTERM: [libjvm.dylib+0x485cb9], sa_mask[0]=11111111011111110111111111111111, sa_flags=SA_RESTART|SA_SIGINFO
SIGQUIT: [libjvm.dylib+0x485cb9], sa_mask[0]=11111111011111110111111111111111, sa_flags=SA_RESTART|SA_SIGINFO


---------------  S Y S T E M  ---------------

OS:Bsduname:Darwin 16.4.0 Darwin Kernel Version 16.4.0: Thu Dec 22 22:53:21 PST 2016; root:xnu-3789.41.3~3/RELEASE_X86_64 x86_64
rlimit: STACK 8192k, CORE 0k, NPROC 709, NOFILE 10240, AS infinity
load average:2.24 2.08 1.96

CPU:total 4 (2 cores per cpu, 2 threads per core) family 6 model 61 stepping 4, cmov, cx8, fxsr, mmx, sse, sse2, sse3, ssse3, sse4.1, sse4.2, popcnt, avx, avx2, aes, clmul, erms, 3dnowpref, lzcnt, ht, tsc, tscinvbit, bmi1, bmi2, adx

Memory: 4k page, physical 8388608k(130948k free)

/proc/meminfo:


vm_info: Java HotSpot(TM) 64-Bit Server VM (25.121-b13) for bsd-amd64 JRE (1.8.0_121-b13), built on Dec 12 2016 20:39:32 by "java_re" with gcc 4.2.1 (Based on Apple Inc. build 5658) (LLVM build 2336.11.00)

time: Sun Mar 26 14:34:40 2017
elapsed time: 867 seconds (0d 0h 14m 27s)

